#
# There is insufficient memory for the Java Runtime Environment to continue.
# Native memory allocation (malloc) failed to allocate 1167936 bytes for Chunk::new
# Possible reasons:
#   The system is out of physical RAM or swap space
#   In 32 bit mode, the process size limit was hit
# Possible solutions:
#   Reduce memory load on the system
#   Increase physical memory or swap space
#   Check if swap backing store is full
#   Use 64 bit Java on a 64 bit OS
#   Decrease Java heap size (-Xmx/-Xms)
#   Decrease number of Java threads
#   Decrease Java thread stack sizes (-Xss)
#   Set larger code cache with -XX:ReservedCodeCacheSize=
# This output file may be truncated or incomplete.
#
#  Out of Memory Error (allocation.cpp:390), pid=6520, tid=2872
#
# JRE version: Java(TM) SE Runtime Environment (8.0_65-b17) (build 1.8.0_65-b17)
# Java VM: Java HotSpot(TM) 64-Bit Server VM (25.65-b01 mixed mode windows-amd64 compressed oops)
# Failed to write core dump. Minidumps are not enabled by default on client versions of Windows
#

---------------  T H R E A D  ---------------

Current thread (0x0000000014dd8000):  JavaThread "C2 CompilerThread1" daemon [_thread_in_native, id=2872, stack(0x0000000016500000,0x0000000016600000)]

Stack: [0x0000000016500000,0x0000000016600000]
[error occurred during error reporting (printing stack bounds), id 0xc0000005]

Native frames: (J=compiled Java code, j=interpreted, Vv=VM code, C=native code)


Current CompileTask:
C2:  10643 2511   !   4       com.android.dx.cf.code.RopperMachine::run (1550 bytes)


---------------  P R O C E S S  ---------------

Java Threads: ( => current thread )
  0x0000000016968000 JavaThread "pool-2-thread-4" [_thread_in_Java, id=9028, stack(0x0000000017900000,0x0000000017a00000)]
  0x0000000016966800 JavaThread "pool-2-thread-3" [_thread_blocked, id=9156, stack(0x0000000017800000,0x0000000017900000)]
  0x0000000016965800 JavaThread "pool-2-thread-2" [_thread_blocked, id=7828, stack(0x0000000017700000,0x0000000017800000)]
  0x0000000016987000 JavaThread "pool-3-thread-1" [_thread_blocked, id=3808, stack(0x0000000017600000,0x0000000017700000)]
  0x0000000016aed000 JavaThread "pool-2-thread-1" [_thread_in_Java, id=3444, stack(0x0000000017500000,0x0000000017600000)]
  0x0000000016705800 JavaThread "Service Thread" daemon [_thread_blocked, id=8448, stack(0x0000000016b00000,0x0000000016c00000)]
  0x0000000014ddb000 JavaThread "C1 CompilerThread2" daemon [_thread_blocked, id=3828, stack(0x0000000016600000,0x0000000016700000)]
=>0x0000000014dd8000 JavaThread "C2 CompilerThread1" daemon [_thread_in_native, id=2872, stack(0x0000000016500000,0x0000000016600000)]
  0x0000000014d7f000 JavaThread "C2 CompilerThread0" daemon [_thread_in_native, id=3440, stack(0x0000000016400000,0x0000000016500000)]
  0x0000000014d7b000 JavaThread "Attach Listener" daemon [_thread_blocked, id=2488, stack(0x0000000016300000,0x0000000016400000)]
  0x0000000014d79800 JavaThread "Signal Dispatcher" daemon [_thread_blocked, id=9016, stack(0x0000000016200000,0x0000000016300000)]
  0x00000000026a1800 JavaThread "Finalizer" daemon [_thread_blocked, id=5632, stack(0x0000000016000000,0x0000000016100000)]
  0x000000000269e800 JavaThread "Reference Handler" daemon [_thread_blocked, id=5888, stack(0x0000000015f00000,0x0000000016000000)]
  0x00000000025b2800 JavaThread "main" [_thread_blocked, id=7396, stack(0x00000000024b0000,0x00000000025b0000)]

Other Threads:
  0x0000000014d46800 VMThread [stack: 0x0000000015e00000,0x0000000015f00000] [id=4964]
  0x0000000016721000 WatcherThread [stack: 0x0000000016c00000,0x0000000016d00000] [id=996]

VM state:not at safepoint (normal execution)

VM Mutex/Monitor currently owned by a thread: None

Heap:
 PSYoungGen      total 140288K, used 47544K [0x00000000eab00000, 0x00000000fa080000, 0x0000000100000000)
  eden space 119808K, 29% used [0x00000000eab00000,0x00000000ecdfb668,0x00000000f2000000)
  from space 20480K, 57% used [0x00000000f2000000,0x00000000f2b72a40,0x00000000f3400000)
  to   space 29696K, 0% used [0x00000000f8380000,0x00000000f8380000,0x00000000fa080000)
 ParOldGen       total 42496K, used 42115K [0x00000000c0000000, 0x00000000c2980000, 0x00000000eab00000)
  object space 42496K, 99% used [0x00000000c0000000,0x00000000c2920fe0,0x00000000c2980000)
 Metaspace       used 6534K, capacity 7256K, committed 7424K, reserved 1056768K
  class space    used 623K, capacity 656K, committed 768K, reserved 1048576K

Card table byte_map: [0x0000000011a70000,0x0000000011c80000] byte_map_base: 0x0000000011470000

Marking Bits: (ParMarkBitMap*) 0x000000007065a5b0
 Begin Bits: [0x00000000121e0000, 0x00000000131e0000)
 End Bits:   [0x00000000131e0000, 0x00000000141e0000)

Polling page: 0x0000000002280000

CodeCache: size=245760Kb used=11692Kb max_used=11692Kb free=234067Kb
 bounds [0x00000000026b0000, 0x0000000003230000, 0x00000000116b0000]
 total_blobs=2682 nmethods=2412 adapters=182
 compilation: enabled

Compilation events (10 events):
Event: 10.593 Thread 0x0000000014ddb000 2521       3       com.android.dx.rop.code.Rops::opSub (29 bytes)
Event: 10.594 Thread 0x0000000014ddb000 nmethod 2521 0x0000000003201850 code [0x00000000032019c0, 0x0000000003201b88]
Event: 10.601 Thread 0x0000000014ddb000 2522       3       com.android.dx.rop.code.SwitchInsn::accept (8 bytes)
Event: 10.602 Thread 0x0000000014ddb000 nmethod 2522 0x0000000003213b90 code [0x0000000003213d00, 0x0000000003213f28]
Event: 10.616 Thread 0x0000000014ddb000 2523   !   3       java.util.concurrent.locks.AbstractQueuedSynchronizer::doAcquireInterruptibly (97 bytes)
Event: 10.617 Thread 0x0000000014ddb000 nmethod 2523 0x00000000032125d0 code [0x0000000003212820, 0x0000000003213418]
Event: 10.624 Thread 0x0000000014ddb000 2524       3       com.android.dx.rop.code.Rops::opPutStatic (97 bytes)
Event: 10.625 Thread 0x0000000014ddb000 nmethod 2524 0x0000000003211190 code [0x00000000032113c0, 0x0000000003212038]
Event: 10.628 Thread 0x0000000014ddb000 2525       3       com.android.dx.ssa.ConstCollector::getConstsSortedByCountUse (386 bytes)
Event: 10.631 Thread 0x0000000014ddb000 nmethod 2525 0x000000000320a0d0 code [0x000000000320a6a0, 0x000000000320e9e8]

GC Heap History (10 events):
Event: 2.907 GC heap before
{Heap before GC invocations=6 (full 0):
 PSYoungGen      total 34304K, used 34280K [0x00000000eab00000, 0x00000000efb00000, 0x0000000100000000)
  eden space 31744K, 100% used [0x00000000eab00000,0x00000000eca00000,0x00000000eca00000)
  from space 2560K, 99% used [0x00000000eca00000,0x00000000ecc7a2a8,0x00000000ecc80000)
  to   space 9216K, 0% used [0x00000000ef200000,0x00000000ef200000,0x00000000efb00000)
 ParOldGen       total 42496K, used 11899K [0x00000000c0000000, 0x00000000c2980000, 0x00000000eab00000)
  object space 42496K, 28% used [0x00000000c0000000,0x00000000c0b9ee90,0x00000000c2980000)
 Metaspace       used 6223K, capacity 7088K, committed 7296K, reserved 1056768K
  class space    used 602K, capacity 616K, committed 640K, reserved 1048576K
Event: 3.031 GC heap after
Heap after GC invocations=6 (full 0):
 PSYoungGen      total 71680K, used 7842K [0x00000000eab00000, 0x00000000efd00000, 0x0000000100000000)
  eden space 62464K, 0% used [0x00000000eab00000,0x00000000eab00000,0x00000000ee800000)
  from space 9216K, 85% used [0x00000000ef200000,0x00000000ef9a88e8,0x00000000efb00000)
  to   space 10240K, 0% used [0x00000000ee800000,0x00000000ee800000,0x00000000ef200000)
 ParOldGen       total 42496K, used 11899K [0x00000000c0000000, 0x00000000c2980000, 0x00000000eab00000)
  object space 42496K, 28% used [0x00000000c0000000,0x00000000c0b9ee90,0x00000000c2980000)
 Metaspace       used 6223K, capacity 7088K, committed 7296K, reserved 1056768K
  class space    used 602K, capacity 616K, committed 640K, reserved 1048576K
}
Event: 4.282 GC heap before
{Heap before GC invocations=7 (full 0):
 PSYoungGen      total 71680K, used 70306K [0x00000000eab00000, 0x00000000efd00000, 0x0000000100000000)
  eden space 62464K, 100% used [0x00000000eab00000,0x00000000ee800000,0x00000000ee800000)
  from space 9216K, 85% used [0x00000000ef200000,0x00000000ef9a88e8,0x00000000efb00000)
  to   space 10240K, 0% used [0x00000000ee800000,0x00000000ee800000,0x00000000ef200000)
 ParOldGen       total 42496K, used 11899K [0x00000000c0000000, 0x00000000c2980000, 0x00000000eab00000)
  object space 42496K, 28% used [0x00000000c0000000,0x00000000c0b9ee90,0x00000000c2980000)
 Metaspace       used 6311K, capacity 7152K, committed 7296K, reserved 1056768K
  class space    used 602K, capacity 616K, committed 640K, reserved 1048576K
Event: 4.424 GC heap after
Heap after GC invocations=7 (full 0):
 PSYoungGen      total 72704K, used 10213K [0x00000000eab00000, 0x00000000f4300000, 0x0000000100000000)
  eden space 62464K, 0% used [0x00000000eab00000,0x00000000eab00000,0x00000000ee800000)
  from space 10240K, 99% used [0x00000000ee800000,0x00000000ef1f9650,0x00000000ef200000)
  to   space 15360K, 0% used [0x00000000f3400000,0x00000000f3400000,0x00000000f4300000)
 ParOldGen       total 42496K, used 18392K [0x00000000c0000000, 0x00000000c2980000, 0x00000000eab00000)
  object space 42496K, 43% used [0x00000000c0000000,0x00000000c11f6398,0x00000000c2980000)
 Metaspace       used 6311K, capacity 7152K, committed 7296K, reserved 1056768K
  class space    used 602K, capacity 616K, committed 640K, reserved 1048576K
}
Event: 5.627 GC heap before
{Heap before GC invocations=8 (full 0):
 PSYoungGen      total 72704K, used 72677K [0x00000000eab00000, 0x00000000f4300000, 0x0000000100000000)
  eden space 62464K, 100% used [0x00000000eab00000,0x00000000ee800000,0x00000000ee800000)
  from space 10240K, 99% used [0x00000000ee800000,0x00000000ef1f9650,0x00000000ef200000)
  to   space 15360K, 0% used [0x00000000f3400000,0x00000000f3400000,0x00000000f4300000)
 ParOldGen       total 42496K, used 18392K [0x00000000c0000000, 0x00000000c2980000, 0x00000000eab00000)
  object space 42496K, 43% used [0x00000000c0000000,0x00000000c11f6398,0x00000000c2980000)
 Metaspace       used 6366K, capacity 7152K, committed 7296K, reserved 1056768K
  class space    used 602K, capacity 616K, committed 640K, reserved 1048576K
Event: 5.902 GC heap after
Heap after GC invocations=8 (full 0):
 PSYoungGen      total 135168K, used 15345K [0x00000000eab00000, 0x00000000f4d00000, 0x0000000100000000)
  eden space 119808K, 0% used [0x00000000eab00000,0x00000000eab00000,0x00000000f2000000)
  from space 15360K, 99% used [0x00000000f3400000,0x00000000f42fc6b8,0x00000000f4300000)
  to   space 20480K, 0% used [0x00000000f2000000,0x00000000f2000000,0x00000000f3400000)
 ParOldGen       total 42496K, used 23700K [0x00000000c0000000, 0x00000000c2980000, 0x00000000eab00000)
  object space 42496K, 55% used [0x00000000c0000000,0x00000000c17250a8,0x00000000c2980000)
 Metaspace       used 6366K, capacity 7152K, committed 7296K, reserved 1056768K
  class space    used 602K, capacity 616K, committed 640K, reserved 1048576K
}
Event: 8.568 GC heap before
{Heap before GC invocations=9 (full 0):
 PSYoungGen      total 135168K, used 135153K [0x00000000eab00000, 0x00000000f4d00000, 0x0000000100000000)
  eden space 119808K, 100% used [0x00000000eab00000,0x00000000f2000000,0x00000000f2000000)
  from space 15360K, 99% used [0x00000000f3400000,0x00000000f42fc6b8,0x00000000f4300000)
  to   space 20480K, 0% used [0x00000000f2000000,0x00000000f2000000,0x00000000f3400000)
 ParOldGen       total 42496K, used 23700K [0x00000000c0000000, 0x00000000c2980000, 0x00000000eab00000)
  object space 42496K, 55% used [0x00000000c0000000,0x00000000c17250a8,0x00000000c2980000)
 Metaspace       used 6534K, capacity 7256K, committed 7424K, reserved 1056768K
  class space    used 623K, capacity 656K, committed 768K, reserved 1048576K
Event: 8.837 GC heap after
Heap after GC invocations=9 (full 0):
 PSYoungGen      total 140288K, used 20462K [0x00000000eab00000, 0x00000000fa080000, 0x0000000100000000)
  eden space 119808K, 0% used [0x00000000eab00000,0x00000000eab00000,0x00000000f2000000)
  from space 20480K, 99% used [0x00000000f2000000,0x00000000f33fb9d0,0x00000000f3400000)
  to   space 29696K, 0% used [0x00000000f8380000,0x00000000f8380000,0x00000000fa080000)
 ParOldGen       total 42496K, used 37608K [0x00000000c0000000, 0x00000000c2980000, 0x00000000eab00000)
  object space 42496K, 88% used [0x00000000c0000000,0x00000000c24ba1d8,0x00000000c2980000)
 Metaspace       used 6534K, capacity 7256K, committed 7424K, reserved 1056768K
  class space    used 623K, capacity 656K, committed 768K, reserved 1048576K
}
Event: 8.837 GC heap before
{Heap before GC invocations=10 (full 1):
 PSYoungGen      total 140288K, used 20462K [0x00000000eab00000, 0x00000000fa080000, 0x0000000100000000)
  eden space 119808K, 0% used [0x00000000eab00000,0x00000000eab00000,0x00000000f2000000)
  from space 20480K, 99% used [0x00000000f2000000,0x00000000f33fb9d0,0x00000000f3400000)
  to   space 29696K, 0% used [0x00000000f8380000,0x00000000f8380000,0x00000000fa080000)
 ParOldGen       total 42496K, used 37608K [0x00000000c0000000, 0x00000000c2980000, 0x00000000eab00000)
  object space 42496K, 88% used [0x00000000c0000000,0x00000000c24ba1d8,0x00000000c2980000)
 Metaspace       used 6534K, capacity 7256K, committed 7424K, reserved 1056768K
  class space    used 623K, capacity 656K, committed 768K, reserved 1048576K
Event: 10.568 GC heap after
Heap after GC invocations=10 (full 1):
 PSYoungGen      total 140288K, used 11722K [0x00000000eab00000, 0x00000000fa080000, 0x0000000100000000)
  eden space 119808K, 0% used [0x00000000eab00000,0x00000000eab00000,0x00000000f2000000)
  from space 20480K, 57% used [0x00000000f2000000,0x00000000f2b72a40,0x00000000f3400000)
  to   space 29696K, 0% used [0x00000000f8380000,0x00000000f8380000,0x00000000fa080000)
 ParOldGen       total 42496K, used 42115K [0x00000000c0000000, 0x00000000c2980000, 0x00000000eab00000)
  object space 42496K, 99% used [0x00000000c0000000,0x00000000c2920fe0,0x00000000c2980000)
 Metaspace       used 6534K, capacity 7256K, committed 7424K, reserved 1056768K
  class space    used 623K, capacity 656K, committed 768K, reserved 1048576K
}

Deoptimization events (10 events):
Event: 8.175 Thread 0x00000000025b2800 Uncommon trap: reason=unstable_if action=reinterpret pc=0x00000000030fcdfc method=com.android.dx.ssa.SsaMethod.makeExitBlock()V @ 103
Event: 8.175 Thread 0x00000000025b2800 Uncommon trap: reason=unstable_if action=reinterpret pc=0x00000000029eb2d8 method=com.android.dx.ssa.SsaMethod.getExitBlock()Lcom/android/dx/ssa/SsaBasicBlock; @ 4
Event: 8.175 Thread 0x00000000025b2800 Uncommon trap: reason=unstable_if action=reinterpret pc=0x00000000029c4034 method=com.android.dx.ssa.SsaMethod.getExitBlock()Lcom/android/dx/ssa/SsaBasicBlock; @ 4
Event: 8.180 Thread 0x00000000025b2800 Uncommon trap: reason=unstable_if action=reinterpret pc=0x000000000314b290 method=com.android.dx.ssa.SsaMethod.getExitBlock()Lcom/android/dx/ssa/SsaBasicBlock; @ 4
Event: 8.180 Thread 0x00000000025b2800 Uncommon trap: reason=unstable_if action=reinterpret pc=0x0000000002e93ba8 method=com.android.dx.ssa.SsaMethod.getExitBlock()Lcom/android/dx/ssa/SsaBasicBlock; @ 4
Event: 8.264 Thread 0x0000000016968000 Uncommon trap: reason=bimorphic action=maybe_recompile pc=0x0000000003185980 method=com.android.dx.cf.code.RopperMachine.run(Lcom/android/dx/cf/code/Frame;II)V @ 988
Event: 8.296 Thread 0x0000000016966800 Uncommon trap: reason=bimorphic action=maybe_recompile pc=0x00000000031a2878 method=com.android.dx.cf.code.BytecodeArray.parseInstruction(ILcom/android/dx/cf/code/BytecodeArray$Visitor;)I @ 971
Event: 8.297 Thread 0x0000000016966800 Uncommon trap: reason=bimorphic action=maybe_recompile pc=0x00000000031a2878 method=com.android.dx.cf.code.BytecodeArray.parseInstruction(ILcom/android/dx/cf/code/BytecodeArray$Visitor;)I @ 971
Event: 10.625 Thread 0x0000000016965800 Uncommon trap: reason=unstable_if action=reinterpret pc=0x0000000003040dac method=java.util.HashMap.putVal(ILjava/lang/Object;Ljava/lang/Object;ZZ)Ljava/lang/Object; @ 162
Event: 10.626 Thread 0x0000000016965800 Uncommon trap: reason=unstable_if action=reinterpret pc=0x0000000002acb9a0 method=java.util.HashMap.putVal(ILjava/lang/Object;Ljava/lang/Object;ZZ)Ljava/lang/Object; @ 162

Internal exceptions (7 events):
Event: 0.119 Thread 0x00000000025b2800 Exception <a 'java/lang/NoSuchMethodError': Method sun.misc.Unsafe.defineClass(Ljava/lang/String;[BII)Ljava/lang/Class; name or signature does not match> (0x00000000eab130a0) thrown at [C:\workspace\8-2-build-windows-amd64-cygwin\jdk8u65\4987\hotspot\src\súB—§âr¾?
Event: 0.119 Thread 0x00000000025b2800 Exception <a 'java/lang/NoSuchMethodError': Method sun.misc.Unsafe.prefetchRead(Ljava/lang/Object;J)V name or signature does not match> (0x00000000eab13388) thrown at [C:\workspace\8-2-build-windows-amd64-cygwin\jdk8u65\4987\hotspot\src\share\vm\prims\jni.íÿQ3@
Event: 5.300 Thread 0x0000000016aed000 Implicit null exception at 0x0000000002c7418e to 0x0000000002c75229
Event: 5.318 Thread 0x0000000016aed000 Implicit null exception at 0x0000000002c7c124 to 0x0000000002c7d6d5
Event: 6.170 Thread 0x0000000016966800 Exception <a 'java/lang/ArrayIndexOutOfBoundsException': 18> (0x00000000ec7039a8) thrown at [C:\workspace\8-2-build-windows-amd64-cygwin\jdk8u65\4987\hotspot\src\share\vm\interpreter\interpreterRuntime.cpp, line 366]
Event: 6.170 Thread 0x0000000016966800 Exception <a 'java/lang/ArrayIndexOutOfBoundsException'> (0x00000000ec705528) thrown at [C:\workspace\8-2-build-windows-amd64-cygwin\jdk8u65\4987\hotspot\src\share\vm\runtime\sharedRuntime.cpp, line 605]
Event: 6.171 Thread 0x0000000016966800 Exception <a 'java/lang/ArrayIndexOutOfBoundsException'> (0x00000000ec706810) thrown at [C:\workspace\8-2-build-windows-amd64-cygwin\jdk8u65\4987\hotspot\src\share\vm\runtime\sharedRuntime.cpp, line 605]

Events (10 events):
Event: 10.605 Thread 0x0000000016aed000 DEOPT PACKING pc=0x000000000313cf61 sp=0x00000000175fe580
Event: 10.605 Thread 0x0000000016aed000 DEOPT UNPACKING pc=0x00000000026f787f sp=0x00000000175fe3c0 mode 0
Event: 10.625 Thread 0x0000000016965800 Uncommon trap: trap_request=0xffffff65 fr.pc=0x0000000003040dac
Event: 10.625 Thread 0x0000000016965800 DEOPT PACKING pc=0x0000000003040dac sp=0x00000000177fe690
Event: 10.625 Thread 0x0000000016965800 DEOPT UNPACKING pc=0x00000000026f582a sp=0x00000000177fe528 mode 2
Event: 10.626 Thread 0x0000000016965800 Uncommon trap: trap_request=0xffffff65 fr.pc=0x0000000002acb9a0
Event: 10.626 Thread 0x0000000016965800 DEOPT PACKING pc=0x0000000002acb9a0 sp=0x00000000177fe5e0
Event: 10.626 Thread 0x0000000016965800 DEOPT UNPACKING pc=0x00000000026f582a sp=0x00000000177fe518 mode 2
Event: 10.626 Thread 0x0000000016968000 DEOPT PACKING pc=0x000000000313ce45 sp=0x00000000179fe800
Event: 10.626 Thread 0x0000000016968000 DEOPT UNPACKING pc=0x00000000026f787f sp=0x00000000179fe640 mode 0


Dynamic libraries:
0x00007ff707b00000 - 0x00007ff707b37000 	C:\Program Files\Java\jdk1.8.0_65\bin\java.exe
0x00007ffc38010000 - 0x00007ffc381d1000 	C:\WINDOWS\SYSTEM32\ntdll.dll
0x00007ffc35780000 - 0x00007ffc3582d000 	C:\WINDOWS\system32\KERNEL32.DLL
0x00007ffc35220000 - 0x00007ffc35408000 	C:\WINDOWS\system32\KERNELBASE.dll
0x00007ffc37970000 - 0x00007ffc37a17000 	C:\WINDOWS\system32\ADVAPI32.dll
0x00007ffc356e0000 - 0x00007ffc3577d000 	C:\WINDOWS\system32\msvcrt.dll
0x00007ffc37590000 - 0x00007ffc375eb000 	C:\WINDOWS\system32\sechost.dll
0x00007ffc375f0000 - 0x00007ffc3770c000 	C:\WINDOWS\system32\RPCRT4.dll
0x00007ffc37a20000 - 0x00007ffc37b76000 	C:\WINDOWS\system32\USER32.dll
0x00007ffc35a00000 - 0x00007ffc35b86000 	C:\WINDOWS\system32\GDI32.dll
0x00007ffc2bf00000 - 0x00007ffc2c174000 	C:\WINDOWS\WinSxS\amd64_microsoft.windows.common-controls_6595b64144ccf1df_6.0.10586.0_none_8c15ae12515e1c22\COMCTL32.dll
0x00007ffc37310000 - 0x00007ffc3758d000 	C:\WINDOWS\system32\combase.dll
0x00007ffc34a80000 - 0x00007ffc34aea000 	C:\WINDOWS\system32\bcryptPrimitives.dll
0x00007ffc378c0000 - 0x00007ffc378fb000 	C:\WINDOWS\system32\IMM32.DLL
0x000000006fd70000 - 0x000000006fe42000 	C:\Program Files\Java\jdk1.8.0_65\jre\bin\msvcr100.dll
0x000000006fe50000 - 0x00000000706d9000 	C:\Program Files\Java\jdk1.8.0_65\jre\bin\server\jvm.dll
0x00007ffc35830000 - 0x00007ffc35838000 	C:\WINDOWS\system32\PSAPI.DLL
0x00007ffc2e3a0000 - 0x00007ffc2e3a9000 	C:\WINDOWS\SYSTEM32\WSOCK32.dll
0x00007ffc37900000 - 0x00007ffc3796b000 	C:\WINDOWS\system32\WS2_32.dll
0x00007ffc32a60000 - 0x00007ffc32a83000 	C:\WINDOWS\SYSTEM32\WINMM.dll
0x00007ffc31520000 - 0x00007ffc3152a000 	C:\WINDOWS\SYSTEM32\VERSION.dll
0x00007ffc32910000 - 0x00007ffc3293c000 	C:\WINDOWS\SYSTEM32\WINMMBASE.dll
0x00007ffc34770000 - 0x00007ffc347b3000 	C:\WINDOWS\system32\cfgmgr32.dll
0x0000000070d60000 - 0x0000000070d6f000 	C:\Program Files\Java\jdk1.8.0_65\jre\bin\verify.dll
0x0000000070d30000 - 0x0000000070d59000 	C:\Program Files\Java\jdk1.8.0_65\jre\bin\java.dll
0x0000000070d10000 - 0x0000000070d26000 	C:\Program Files\Java\jdk1.8.0_65\jre\bin\zip.dll
0x00007ffc35c40000 - 0x00007ffc3719c000 	C:\WINDOWS\system32\SHELL32.dll
0x00007ffc34af0000 - 0x00007ffc35134000 	C:\WINDOWS\system32\windows.storage.dll
0x00007ffc35840000 - 0x00007ffc35892000 	C:\WINDOWS\system32\shlwapi.dll
0x00007ffc34660000 - 0x00007ffc3466f000 	C:\WINDOWS\system32\kernel.appcore.dll
0x00007ffc35140000 - 0x00007ffc351f5000 	C:\WINDOWS\system32\shcore.dll
0x00007ffc34670000 - 0x00007ffc346bb000 	C:\WINDOWS\system32\powrprof.dll
0x00007ffc34640000 - 0x00007ffc34654000 	C:\WINDOWS\system32\profapi.dll

VM Arguments:
jvm_args: -Djava.awt.headless=true -Xmx1024M -Dfile.encoding=windows-1250 -Duser.country=PL -Duser.language=pl -Duser.variant 
java_command: com.android.dx.command.Main --dex --force-jumbo --num-threads=4 --multi-dex --output E:\Android\Projects\AndroidSample\app\build\intermediates\transforms\dex\debug\folders\1000\10\com.android.support-support-v4-24.0.0_99654087946314a09f776f058c81bb7e0fef44aa E:\Android\Projects\AndroidSample\app\build\intermediates\exploded-aar\com.android.support\support-v4\24.0.0\jars\classes.jar
java_class_path (initial): E:\Android\SdkComponents\build-tools\23.0.3\lib\dx.jar
Launcher Type: SUN_STANDARD

Environment Variables:
PATH=C:\ProgramData\Oracle\Java\javapath;C:\Program Files (x86)\Intel\iCLS Client\;C:\Program Files\Intel\iCLS Client\;C:\WINDOWS\system32;C:\WINDOWS;C:\WINDOWS\System32\Wbem;C:\WINDOWS\System32\WindowsPowerShell\v1.0\;C:\Program Files\Intel\Intel(R) Management Engine Components\DAL;C:\Program Files\Intel\Intel(R) Management Engine Components\IPT;C:\Program Files (x86)\Intel\Intel(R) Management Engine Components\DAL;C:\Program Files (x86)\Intel\Intel(R) Management Engine Components\IPT;C:\Program Files (x86)\Autodesk\Backburner\;C:\Program Files\Common Files\Autodesk Shared\;C:\Users\Tomasz Szymañski\AppData\Local\atom\bin
USERNAME=Tomasz Szymañski
OS=Windows_NT
PROCESSOR_IDENTIFIER=Intel64 Family 6 Model 58 Stepping 9, GenuineIntel



---------------  S Y S T E M  ---------------

OS: Windows 10.0 , 64 bit Build 10586 (10.0.10586.0)

CPU:total 4 (4 cores per cpu, 1 threads per core) family 6 model 58 stepping 9, cmov, cx8, fxsr, mmx, sse, sse2, sse3, ssse3, sse4.1, sse4.2, popcnt, avx, aes, clmul, erms, tsc, tscinvbit, tscinv

Memory: 4k page, physical 4055472k(215000k free), swap 6729004k(6100k free)

vm_info: Java HotSpot(TM) 64-Bit Server VM (25.65-b01) for windows-amd64 JRE (1.8.0_65-b17), built on Oct  6 2015 16:39:20 by "java_re" with MS VC++ 10.0 (VS2010)

time: Wed Jul 06 14:08:54 2016
elapsed time: 10 seconds (0d 0h 0m 10s)

