#
# There is insufficient memory for the Java Runtime Environment to continue.
# Native memory allocation (malloc) failed to allocate 879536 bytes for Chunk::new
# Possible reasons:
#   The system is out of physical RAM or swap space
#   In 32 bit mode, the process size limit was hit
# Possible solutions:
#   Reduce memory load on the system
#   Increase physical memory or swap space
#   Check if swap backing store is full
#   Use 64 bit Java on a 64 bit OS
#   Decrease Java heap size (-Xmx/-Xms)
#   Decrease number of Java threads
#   Decrease Java thread stack sizes (-Xss)
#   Set larger code cache with -XX:ReservedCodeCacheSize=
# This output file may be truncated or incomplete.
#
#  Out of Memory Error (allocation.cpp:390), pid=4924, tid=4728
#
# JRE version: Java(TM) SE Runtime Environment (8.0_65-b17) (build 1.8.0_65-b17)
# Java VM: Java HotSpot(TM) 64-Bit Server VM (25.65-b01 mixed mode windows-amd64 compressed oops)
# Failed to write core dump. Minidumps are not enabled by default on client versions of Windows
#

---------------  T H R E A D  ---------------

Current thread (0x0000000014ec2000):  JavaThread "C2 CompilerThread1" daemon [_thread_in_native, id=4728, stack(0x0000000016630000,0x0000000016730000)]

Stack: [0x0000000016630000,0x0000000016730000]
[error occurred during error reporting (printing stack bounds), id 0xc0000005]

Native frames: (J=compiled Java code, j=interpreted, Vv=VM code, C=native code)


Current CompileTask:
C2:   6157 1876   !   4       com.android.dx.cf.cst.ConstantPoolParser::parse0 (731 bytes)


---------------  P R O C E S S  ---------------

Java Threads: ( => current thread )
  0x0000000016af4000 JavaThread "pool-2-thread-4" [_thread_in_Java, id=8532, stack(0x0000000017a30000,0x0000000017b30000)]
  0x0000000016af3000 JavaThread "pool-2-thread-3" [_thread_in_Java, id=3720, stack(0x0000000017930000,0x0000000017a30000)]
  0x0000000016af2000 JavaThread "pool-2-thread-2" [_thread_in_Java, id=6040, stack(0x0000000017830000,0x0000000017930000)]
  0x0000000016af0000 JavaThread "pool-3-thread-1" [_thread_blocked, id=7600, stack(0x0000000017730000,0x0000000017830000)]
  0x0000000016e50800 JavaThread "pool-2-thread-1" [_thread_in_Java, id=5248, stack(0x0000000017630000,0x0000000017730000)]
  0x0000000014f1b000 JavaThread "Service Thread" daemon [_thread_blocked, id=2128, stack(0x0000000016c30000,0x0000000016d30000)]
  0x0000000014ec5000 JavaThread "C1 CompilerThread2" daemon [_thread_blocked, id=8292, stack(0x0000000016730000,0x0000000016830000)]
=>0x0000000014ec2000 JavaThread "C2 CompilerThread1" daemon [_thread_in_native, id=4728, stack(0x0000000016630000,0x0000000016730000)]
  0x0000000014ebf000 JavaThread "C2 CompilerThread0" daemon [_thread_in_native, id=8240, stack(0x0000000016530000,0x0000000016630000)]
  0x0000000014ebb000 JavaThread "Attach Listener" daemon [_thread_blocked, id=6220, stack(0x0000000016430000,0x0000000016530000)]
  0x0000000014eb9800 JavaThread "Signal Dispatcher" daemon [_thread_blocked, id=2924, stack(0x0000000016330000,0x0000000016430000)]
  0x00000000027a0800 JavaThread "Finalizer" daemon [_thread_blocked, id=1812, stack(0x0000000016130000,0x0000000016230000)]
  0x000000000279d000 JavaThread "Reference Handler" daemon [_thread_blocked, id=5392, stack(0x0000000016030000,0x0000000016130000)]
  0x00000000027ee000 JavaThread "main" [_thread_in_Java, id=6216, stack(0x0000000002580000,0x0000000002680000)]

Other Threads:
  0x0000000014e87800 VMThread [stack: 0x0000000015f30000,0x0000000016030000] [id=1136]
  0x0000000016849000 WatcherThread [stack: 0x0000000016d30000,0x0000000016e30000] [id=8788]

VM state:not at safepoint (normal execution)

VM Mutex/Monitor currently owned by a thread: None

Heap:
 PSYoungGen      total 66048K, used 62879K [0x00000000eab00000, 0x00000000eee00000, 0x0000000100000000)
  eden space 63488K, 95% used [0x00000000eab00000,0x00000000ee5edab0,0x00000000ee900000)
  from space 2560K, 99% used [0x00000000eeb80000,0x00000000eedfa2b0,0x00000000eee00000)
  to   space 2560K, 0% used [0x00000000ee900000,0x00000000ee900000,0x00000000eeb80000)
 ParOldGen       total 42496K, used 12037K [0x00000000c0000000, 0x00000000c2980000, 0x00000000eab00000)
  object space 42496K, 28% used [0x00000000c0000000,0x00000000c0bc16c8,0x00000000c2980000)
 Metaspace       used 6291K, capacity 7152K, committed 7296K, reserved 1056768K
  class space    used 602K, capacity 616K, committed 640K, reserved 1048576K

Card table byte_map: [0x0000000011bb0000,0x0000000011dc0000] byte_map_base: 0x00000000115b0000

Marking Bits: (ParMarkBitMap*) 0x000000005219a5b0
 Begin Bits: [0x0000000012320000, 0x0000000013320000)
 End Bits:   [0x0000000013320000, 0x0000000014320000)

Polling page: 0x0000000000970000

CodeCache: size=245760Kb used=9006Kb max_used=9040Kb free=236753Kb
 bounds [0x00000000027f0000, 0x00000000030d0000, 0x00000000117f0000]
 total_blobs=2179 nmethods=1910 adapters=182
 compilation: enabled

Compilation events (10 events):
Event: 5.968 Thread 0x0000000014ec5000 1920   !   3       java.util.zip.ZipFile$ZipFileInputStream::read (131 bytes)
Event: 5.969 Thread 0x0000000014ec5000 nmethod 1920 0x00000000030b21d0 code [0x00000000030b23a0, 0x00000000030b2c28]
Event: 5.970 Thread 0x0000000014ec5000 1922       3       java.util.concurrent.locks.AbstractQueuedSynchronizer::shouldParkAfterFailedAcquire (50 bytes)
Event: 5.971 Thread 0x0000000014ec5000 nmethod 1922 0x00000000030b3550 code [0x00000000030b36c0, 0x00000000030b39f0]
Event: 5.983 Thread 0x0000000014ec5000 1924       1       java.util.concurrent.locks.AbstractOwnableSynchronizer::setExclusiveOwnerThread (6 bytes)
Event: 5.983 Thread 0x0000000014ec5000 nmethod 1924 0x00000000030b3b90 code [0x00000000030b3ce0, 0x00000000030b3e10]
Event: 5.985 Thread 0x0000000014ec5000 1925       3       com.android.dx.command.dexer.Main::access$1600 (4 bytes)
Event: 5.985 Thread 0x0000000014ec5000 nmethod 1925 0x00000000030b3e50 code [0x00000000030b3fa0, 0x00000000030b40f0]
Event: 6.019 Thread 0x0000000014ebf000 nmethod 1872 0x00000000030bcc10 code [0x00000000030be240, 0x00000000030c4d68]
Event: 6.019 Thread 0x0000000014ebf000 1870 %     4       com.android.dx.ssa.SsaConverter::placePhiFunctions @ 103 (394 bytes)

GC Heap History (8 events):
Event: 0.443 GC heap before
{Heap before GC invocations=1 (full 0):
 PSYoungGen      total 18432K, used 15872K [0x00000000eab00000, 0x00000000ebf80000, 0x0000000100000000)
  eden space 15872K, 100% used [0x00000000eab00000,0x00000000eba80000,0x00000000eba80000)
  from space 2560K, 0% used [0x00000000ebd00000,0x00000000ebd00000,0x00000000ebf80000)
  to   space 2560K, 0% used [0x00000000eba80000,0x00000000eba80000,0x00000000ebd00000)
 ParOldGen       total 42496K, used 0K [0x00000000c0000000, 0x00000000c2980000, 0x00000000eab00000)
  object space 42496K, 0% used [0x00000000c0000000,0x00000000c0000000,0x00000000c2980000)
 Metaspace       used 3394K, capacity 4720K, committed 4864K, reserved 1056768K
  class space    used 370K, capacity 424K, committed 512K, reserved 1048576K
Event: 0.456 GC heap after
Heap after GC invocations=1 (full 0):
 PSYoungGen      total 18432K, used 814K [0x00000000eab00000, 0x00000000ecf00000, 0x0000000100000000)
  eden space 15872K, 0% used [0x00000000eab00000,0x00000000eab00000,0x00000000eba80000)
  from space 2560K, 31% used [0x00000000eba80000,0x00000000ebb4b968,0x00000000ebd00000)
  to   space 2560K, 0% used [0x00000000ecc80000,0x00000000ecc80000,0x00000000ecf00000)
 ParOldGen       total 42496K, used 8K [0x00000000c0000000, 0x00000000c2980000, 0x00000000eab00000)
  object space 42496K, 0% used [0x00000000c0000000,0x00000000c0002000,0x00000000c2980000)
 Metaspace       used 3394K, capacity 4720K, committed 4864K, reserved 1056768K
  class space    used 370K, capacity 424K, committed 512K, reserved 1048576K
}
Event: 1.270 GC heap before
{Heap before GC invocations=2 (full 0):
 PSYoungGen      total 18432K, used 16686K [0x00000000eab00000, 0x00000000ecf00000, 0x0000000100000000)
  eden space 15872K, 100% used [0x00000000eab00000,0x00000000eba80000,0x00000000eba80000)
  from space 2560K, 31% used [0x00000000eba80000,0x00000000ebb4b968,0x00000000ebd00000)
  to   space 2560K, 0% used [0x00000000ecc80000,0x00000000ecc80000,0x00000000ecf00000)
 ParOldGen       total 42496K, used 8K [0x00000000c0000000, 0x00000000c2980000, 0x00000000eab00000)
  object space 42496K, 0% used [0x00000000c0000000,0x00000000c0002000,0x00000000c2980000)
 Metaspace       used 5914K, capacity 6832K, committed 7040K, reserved 1056768K
  class space    used 600K, capacity 616K, committed 640K, reserved 1048576K
Event: 1.316 GC heap after
Heap after GC invocations=2 (full 0):
 PSYoungGen      total 34304K, used 2554K [0x00000000eab00000, 0x00000000ecf00000, 0x0000000100000000)
  eden space 31744K, 0% used [0x00000000eab00000,0x00000000eab00000,0x00000000eca00000)
  from space 2560K, 99% used [0x00000000ecc80000,0x00000000ecefea68,0x00000000ecf00000)
  to   space 2560K, 0% used [0x00000000eca00000,0x00000000eca00000,0x00000000ecc80000)
 ParOldGen       total 42496K, used 1937K [0x00000000c0000000, 0x00000000c2980000, 0x00000000eab00000)
  object space 42496K, 4% used [0x00000000c0000000,0x00000000c01e44e8,0x00000000c2980000)
 Metaspace       used 5914K, capacity 6832K, committed 7040K, reserved 1056768K
  class space    used 600K, capacity 616K, committed 640K, reserved 1048576K
}
Event: 2.058 GC heap before
{Heap before GC invocations=3 (full 0):
 PSYoungGen      total 34304K, used 34298K [0x00000000eab00000, 0x00000000ecf00000, 0x0000000100000000)
  eden space 31744K, 100% used [0x00000000eab00000,0x00000000eca00000,0x00000000eca00000)
  from space 2560K, 99% used [0x00000000ecc80000,0x00000000ecefea68,0x00000000ecf00000)
  to   space 2560K, 0% used [0x00000000eca00000,0x00000000eca00000,0x00000000ecc80000)
 ParOldGen       total 42496K, used 1937K [0x00000000c0000000, 0x00000000c2980000, 0x00000000eab00000)
  object space 42496K, 4% used [0x00000000c0000000,0x00000000c01e44e8,0x00000000c2980000)
 Metaspace       used 6149K, capacity 7024K, committed 7296K, reserved 1056768K
  class space    used 601K, capacity 616K, committed 640K, reserved 1048576K
Event: 2.074 GC heap after
Heap after GC invocations=3 (full 0):
 PSYoungGen      total 34304K, used 2536K [0x00000000eab00000, 0x00000000eee00000, 0x0000000100000000)
  eden space 31744K, 0% used [0x00000000eab00000,0x00000000eab00000,0x00000000eca00000)
  from space 2560K, 99% used [0x00000000eca00000,0x00000000ecc7a2c0,0x00000000ecc80000)
  to   space 2560K, 0% used [0x00000000eeb80000,0x00000000eeb80000,0x00000000eee00000)
 ParOldGen       total 42496K, used 7408K [0x00000000c0000000, 0x00000000c2980000, 0x00000000eab00000)
  object space 42496K, 17% used [0x00000000c0000000,0x00000000c073c1b0,0x00000000c2980000)
 Metaspace       used 6149K, capacity 7024K, committed 7296K, reserved 1056768K
  class space    used 601K, capacity 616K, committed 640K, reserved 1048576K
}
Event: 4.402 GC heap before
{Heap before GC invocations=4 (full 0):
 PSYoungGen      total 34304K, used 34280K [0x00000000eab00000, 0x00000000eee00000, 0x0000000100000000)
  eden space 31744K, 100% used [0x00000000eab00000,0x00000000eca00000,0x00000000eca00000)
  from space 2560K, 99% used [0x00000000eca00000,0x00000000ecc7a2c0,0x00000000ecc80000)
  to   space 2560K, 0% used [0x00000000eeb80000,0x00000000eeb80000,0x00000000eee00000)
 ParOldGen       total 42496K, used 7408K [0x00000000c0000000, 0x00000000c2980000, 0x00000000eab00000)
  object space 42496K, 17% used [0x00000000c0000000,0x00000000c073c1b0,0x00000000c2980000)
 Metaspace       used 6228K, capacity 7088K, committed 7296K, reserved 1056768K
  class space    used 602K, capacity 616K, committed 640K, reserved 1048576K
Event: 4.495 GC heap after
Heap after GC invocations=4 (full 0):
 PSYoungGen      total 66048K, used 2536K [0x00000000eab00000, 0x00000000eee00000, 0x0000000100000000)
  eden space 63488K, 0% used [0x00000000eab00000,0x00000000eab00000,0x00000000ee900000)
  from space 2560K, 99% used [0x00000000eeb80000,0x00000000eedfa2b0,0x00000000eee00000)
  to   space 2560K, 0% used [0x00000000ee900000,0x00000000ee900000,0x00000000eeb80000)
 ParOldGen       total 42496K, used 12037K [0x00000000c0000000, 0x00000000c2980000, 0x00000000eab00000)
  object space 42496K, 28% used [0x00000000c0000000,0x00000000c0bc16c8,0x00000000c2980000)
 Metaspace       used 6228K, capacity 7088K, committed 7296K, reserved 1056768K
  class space    used 602K, capacity 616K, committed 640K, reserved 1048576K
}

Deoptimization events (10 events):
Event: 4.502 Thread 0x0000000016e50800 Uncommon trap: reason=unstable_if action=reinterpret pc=0x0000000002c4c45c method=com.android.dx.ssa.SsaMethod.updateOneDefinition(Lcom/android/dx/ssa/SsaInsn;Lcom/android/dx/rop/code/RegisterSpec;)V @ 4
Event: 4.541 Thread 0x0000000016af3000 Uncommon trap: reason=unstable_if action=reinterpret pc=0x0000000002f1b100 method=com.android.dx.cf.code.Ropper.processBlock(Lcom/android/dx/cf/code/ByteBlock;Lcom/android/dx/cf/code/Frame;[I)V @ 413
Event: 4.541 Thread 0x0000000016af3000 Uncommon trap: reason=unstable_if action=reinterpret pc=0x0000000002c70abc method=com.android.dx.util.IntList.binarysearch(I)I @ 105
Event: 4.553 Thread 0x0000000016af3000 Uncommon trap: reason=unstable_if action=reinterpret pc=0x0000000002f137f4 method=com.android.dx.ssa.SsaBasicBlock.newFromRop(Lcom/android/dx/rop/code/RopMethod;ILcom/android/dx/ssa/SsaMethod;)Lcom/android/dx/ssa/SsaBasicBlock; @ 164
Event: 4.561 Thread 0x0000000016af3000 Uncommon trap: reason=unstable_if action=reinterpret pc=0x0000000002e83c50 method=com.android.dx.ssa.SsaMethod.blockIndexToRopLabel(I)I @ 1
Event: 5.236 Thread 0x0000000016af2000 Uncommon trap: reason=unstable_if action=reinterpret pc=0x0000000002e6b698 method=com.android.dx.cf.code.RopperMachine.run(Lcom/android/dx/cf/code/Frame;II)V @ 1250
Event: 5.804 Thread 0x0000000016af3000 Uncommon trap: reason=unstable_if action=reinterpret pc=0x0000000002fc93c0 method=com.android.dx.rop.code.RegisterSpec.equals(ILcom/android/dx/rop/type/TypeBearer;Lcom/android/dx/rop/code/LocalItem;)Z @ 42
Event: 5.815 Thread 0x0000000016af3000 Uncommon trap: reason=bimorphic action=maybe_recompile pc=0x0000000002f792d0 method=com.android.dx.cf.code.BytecodeArray.parseInstruction(ILcom/android/dx/cf/code/BytecodeArray$Visitor;)I @ 1501
Event: 5.818 Thread 0x0000000016af3000 Uncommon trap: reason=bimorphic action=maybe_recompile pc=0x0000000002f792d0 method=com.android.dx.cf.code.BytecodeArray.parseInstruction(ILcom/android/dx/cf/code/BytecodeArray$Visitor;)I @ 1501
Event: 5.893 Thread 0x0000000016e50800 Uncommon trap: reason=unstable_if action=reinterpret pc=0x0000000002fe9778 method=com.android.dx.cf.code.Simulator$SimVisitor.visitLocal(IIIILcom/android/dx/rop/type/Type;I)V @ 222

Internal exceptions (4 events):
Event: 0.175 Thread 0x00000000027ee000 Exception <a 'java/lang/NoSuchMethodError': Method sun.misc.Unsafe.defineClass(Ljava/lang/String;[BII)Ljava/lang/Class; name or signature does not match> (0x00000000eab130a0) thrown at [C:\workspace\8-2-build-windows-amd64-cygwin\jdk8u65\4987\hotspot\src\srž¢±4fÆ?
Event: 0.175 Thread 0x00000000027ee000 Exception <a 'java/lang/NoSuchMethodError': Method sun.misc.Unsafe.prefetchRead(Ljava/lang/Object;J)V name or signature does not match> (0x00000000eab13388) thrown at [C:\workspace\8-2-build-windows-amd64-cygwin\jdk8u65\4987\hotspot\src\share\vm\prims\jni.²ÃÉ|@
Event: 3.061 Thread 0x0000000016e50800 Implicit null exception at 0x0000000002e2eab7 to 0x0000000002e31491
Event: 5.893 Thread 0x0000000016e50800 Implicit null exception at 0x0000000002fe8013 to 0x0000000002fe973d

Events (10 events):
Event: 5.818 Thread 0x0000000016af3000 DEOPT UNPACKING pc=0x000000000283582a sp=0x0000000017a2e270 mode 2
Event: 5.837 Thread 0x0000000016af3000 DEOPT PACKING pc=0x0000000002c4732c sp=0x0000000017a2e360
Event: 5.837 Thread 0x0000000016af3000 DEOPT UNPACKING pc=0x000000000283787f sp=0x0000000017a2e070 mode 0
Event: 5.841 Thread 0x0000000016af4000 DEOPT PACKING pc=0x0000000002bc4459 sp=0x0000000017b2e620
Event: 5.841 Thread 0x0000000016af4000 DEOPT UNPACKING pc=0x000000000283787f sp=0x0000000017b2e450 mode 0
Event: 5.893 Thread 0x0000000016e50800 Uncommon trap: trap_request=0xffffff65 fr.pc=0x0000000002fe9778
Event: 5.893 Thread 0x0000000016e50800 DEOPT PACKING pc=0x0000000002fe9778 sp=0x000000001772eaf0
Event: 5.893 Thread 0x0000000016e50800 DEOPT UNPACKING pc=0x000000000283582a sp=0x000000001772ead8 mode 2
Event: 6.002 Thread 0x0000000016af2000 DEOPT PACKING pc=0x0000000002bc4459 sp=0x000000001792e7a0
Event: 6.002 Thread 0x0000000016af2000 DEOPT UNPACKING pc=0x000000000283787f sp=0x000000001792e5d0 mode 0


Dynamic libraries:
0x00007ff7a5500000 - 0x00007ff7a5537000 	C:\Program Files\Java\jdk1.8.0_65\bin\java.exe
0x00007fff1db20000 - 0x00007fff1dce1000 	C:\WINDOWS\SYSTEM32\ntdll.dll
0x00007fff1d200000 - 0x00007fff1d2ad000 	C:\WINDOWS\system32\KERNEL32.DLL
0x00007fff1a490000 - 0x00007fff1a678000 	C:\WINDOWS\system32\KERNELBASE.dll
0x00007fff1b080000 - 0x00007fff1b127000 	C:\WINDOWS\system32\ADVAPI32.dll
0x00007fff1d160000 - 0x00007fff1d1fd000 	C:\WINDOWS\system32\msvcrt.dll
0x00007fff1b130000 - 0x00007fff1b18b000 	C:\WINDOWS\system32\sechost.dll
0x00007fff1d6c0000 - 0x00007fff1d7dc000 	C:\WINDOWS\system32\RPCRT4.dll
0x00007fff1d9c0000 - 0x00007fff1db16000 	C:\WINDOWS\system32\USER32.dll
0x00007fff1c970000 - 0x00007fff1caf6000 	C:\WINDOWS\system32\GDI32.dll
0x00007fff11820000 - 0x00007fff11a94000 	C:\WINDOWS\WinSxS\amd64_microsoft.windows.common-controls_6595b64144ccf1df_6.0.10586.494_none_a2d8b04ea53e3145\COMCTL32.dll
0x00007fff1c6f0000 - 0x00007fff1c96d000 	C:\WINDOWS\system32\combase.dll
0x00007fff1a420000 - 0x00007fff1a48a000 	C:\WINDOWS\system32\bcryptPrimitives.dll
0x00007fff1d620000 - 0x00007fff1d65b000 	C:\WINDOWS\system32\IMM32.DLL
0x0000000051430000 - 0x0000000051502000 	C:\Program Files\Java\jdk1.8.0_65\jre\bin\msvcr100.dll
0x0000000051990000 - 0x0000000052219000 	C:\Program Files\Java\jdk1.8.0_65\jre\bin\server\jvm.dll
0x00007fff1d610000 - 0x00007fff1d618000 	C:\WINDOWS\system32\PSAPI.DLL
0x00007fff188f0000 - 0x00007fff188f9000 	C:\WINDOWS\SYSTEM32\WSOCK32.dll
0x00007fff1d5a0000 - 0x00007fff1d60b000 	C:\WINDOWS\system32\WS2_32.dll
0x00007fff18810000 - 0x00007fff18833000 	C:\WINDOWS\SYSTEM32\WINMM.dll
0x00007fff11810000 - 0x00007fff1181a000 	C:\WINDOWS\SYSTEM32\VERSION.dll
0x00007fff18700000 - 0x00007fff1872c000 	C:\WINDOWS\SYSTEM32\WINMMBASE.dll
0x00007fff1ad60000 - 0x00007fff1ada3000 	C:\WINDOWS\system32\cfgmgr32.dll
0x00000000526f0000 - 0x00000000526ff000 	C:\Program Files\Java\jdk1.8.0_65\jre\bin\verify.dll
0x00000000526c0000 - 0x00000000526e9000 	C:\Program Files\Java\jdk1.8.0_65\jre\bin\java.dll
0x0000000051890000 - 0x00000000518a6000 	C:\Program Files\Java\jdk1.8.0_65\jre\bin\zip.dll
0x00007fff1b190000 - 0x00007fff1c6ec000 	C:\WINDOWS\system32\SHELL32.dll
0x00007fff1a680000 - 0x00007fff1acc5000 	C:\WINDOWS\system32\windows.storage.dll
0x00007fff1d100000 - 0x00007fff1d152000 	C:\WINDOWS\system32\shlwapi.dll
0x00007fff1a160000 - 0x00007fff1a16f000 	C:\WINDOWS\system32\kernel.appcore.dll
0x00007fff1adb0000 - 0x00007fff1ae65000 	C:\WINDOWS\system32\shcore.dll
0x00007fff1a180000 - 0x00007fff1a1cb000 	C:\WINDOWS\system32\powrprof.dll
0x00007fff1a140000 - 0x00007fff1a154000 	C:\WINDOWS\system32\profapi.dll

VM Arguments:
jvm_args: -Djava.awt.headless=true -Xmx1024M -Dfile.encoding=windows-1250 -Duser.country=PL -Duser.language=pl -Duser.variant 
java_command: com.android.dx.command.Main --dex --force-jumbo --num-threads=4 --multi-dex --output E:\Android\Projects\AndroidSample\app\build\intermediates\transforms\dex\debug\folders\1000\10\com.android.support-support-v4-24.0.0_99654087946314a09f776f058c81bb7e0fef44aa E:\Android\Projects\AndroidSample\app\build\intermediates\exploded-aar\com.android.support\support-v4\24.0.0\jars\classes.jar
java_class_path (initial): E:\Android\SdkComponents\build-tools\23.0.3\lib\dx.jar
Launcher Type: SUN_STANDARD

Environment Variables:
PATH=C:\ProgramData\Oracle\Java\javapath;C:\Program Files (x86)\Intel\iCLS Client\;C:\Program Files\Intel\iCLS Client\;C:\WINDOWS\system32;C:\WINDOWS;C:\WINDOWS\System32\Wbem;C:\WINDOWS\System32\WindowsPowerShell\v1.0\;C:\Program Files\Intel\Intel(R) Management Engine Components\DAL;C:\Program Files\Intel\Intel(R) Management Engine Components\IPT;C:\Program Files (x86)\Intel\Intel(R) Management Engine Components\DAL;C:\Program Files (x86)\Intel\Intel(R) Management Engine Components\IPT;C:\Program Files (x86)\Autodesk\Backburner\;C:\Program Files\Common Files\Autodesk Shared\;C:\Users\Tomasz Szymañski\AppData\Local\atom\bin
USERNAME=Tomasz Szymañski
OS=Windows_NT
PROCESSOR_IDENTIFIER=Intel64 Family 6 Model 58 Stepping 9, GenuineIntel



---------------  S Y S T E M  ---------------

OS: Windows 10.0 , 64 bit Build 10586 (10.0.10586.0)

CPU:total 4 (4 cores per cpu, 1 threads per core) family 6 model 58 stepping 9, cmov, cx8, fxsr, mmx, sse, sse2, sse3, ssse3, sse4.1, sse4.2, popcnt, avx, aes, clmul, erms, tsc, tscinvbit, tscinv

Memory: 4k page, physical 4055472k(137536k free), swap 6729004k(2748k free)

vm_info: Java HotSpot(TM) 64-Bit Server VM (25.65-b01) for windows-amd64 JRE (1.8.0_65-b17), built on Oct  6 2015 16:39:20 by "java_re" with MS VC++ 10.0 (VS2010)

time: Thu Jul 14 16:18:51 2016
elapsed time: 6 seconds (0d 0h 0m 6s)

