#
# There is insufficient memory for the Java Runtime Environment to continue.
# Native memory allocation (malloc) failed to allocate 1048576 bytes for AllocateHeap
# Possible reasons:
#   The system is out of physical RAM or swap space
#   In 32 bit mode, the process size limit was hit
# Possible solutions:
#   Reduce memory load on the system
#   Increase physical memory or swap space
#   Check if swap backing store is full
#   Use 64 bit Java on a 64 bit OS
#   Decrease Java heap size (-Xmx/-Xms)
#   Decrease number of Java threads
#   Decrease Java thread stack sizes (-Xss)
#   Set larger code cache with -XX:ReservedCodeCacheSize=
# This output file may be truncated or incomplete.
#
#  Out of Memory Error (memory/allocation.inline.hpp:61), pid=4144, tid=5580
#
# JRE version:  (8.0_65-b17) (build )
# Java VM: Java HotSpot(TM) 64-Bit Server VM (25.65-b01 mixed mode windows-amd64 compressed oops)
# Failed to write core dump. Minidumps are not enabled by default on client versions of Windows
#

---------------  T H R E A D  ---------------

Current thread (0x000000000267e000):  JavaThread "Unknown thread" [_thread_in_vm, id=5580, stack(0x00000000026f0000,0x00000000027f0000)]

Stack: [0x00000000026f0000,0x00000000027f0000]
[error occurred during error reporting (printing stack bounds), id 0xc0000005]

Native frames: (J=compiled Java code, j=interpreted, Vv=VM code, C=native code)


---------------  P R O C E S S  ---------------

Java Threads: ( => current thread )

Other Threads:

=>0x000000000267e000 (exited) JavaThread "Unknown thread" [_thread_in_vm, id=5580, stack(0x00000000026f0000,0x00000000027f0000)]

VM state:not at safepoint (normal execution)

VM Mutex/Monitor currently owned by a thread: None

Heap:
 PSYoungGen      total 18432K, used 317K [0x00000000eab00000, 0x00000000ebf80000, 0x0000000100000000)
  eden space 15872K, 2% used [0x00000000eab00000,0x00000000eab4f5d0,0x00000000eba80000)
  from space 2560K, 0% used [0x00000000ebd00000,0x00000000ebd00000,0x00000000ebf80000)
  to   space 2560K, 0% used [0x00000000eba80000,0x00000000eba80000,0x00000000ebd00000)
 ParOldGen       total 42496K, used 0K [0x00000000c0000000, 0x00000000c2980000, 0x00000000eab00000)
  object space 42496K, 0% used [0x00000000c0000000,0x00000000c0000000,0x00000000c2980000)
 Metaspace       used 767K, capacity 4480K, committed 4480K, reserved 1056768K
  class space    used 75K, capacity 384K, committed 384K, reserved 1048576K

Card table byte_map: [0x0000000011cb0000,0x0000000011ec0000] byte_map_base: 0x00000000116b0000

Marking Bits: (ParMarkBitMap*) 0x000000007065a5b0
 Begin Bits: [0x0000000012420000, 0x0000000013420000)
 End Bits:   [0x0000000013420000, 0x0000000014420000)

Polling page: 0x0000000000d50000

CodeCache: size=245760Kb used=328Kb max_used=328Kb free=245431Kb
 bounds [0x00000000028f0000, 0x0000000002b60000, 0x00000000118f0000]
 total_blobs=57 nmethods=0 adapters=37
 compilation: enabled

Compilation events (0 events):
No events

GC Heap History (0 events):
No events

Deoptimization events (0 events):
No events

Internal exceptions (0 events):
No events

Events (10 events):
Event: 0.027 loading class java/lang/Short
Event: 0.027 loading class java/lang/Short done
Event: 0.027 loading class java/lang/Integer
Event: 0.027 loading class java/lang/Integer done
Event: 0.027 loading class java/lang/Long
Event: 0.027 loading class java/lang/Long done
Event: 0.028 loading class java/lang/NullPointerException
Event: 0.028 loading class java/lang/NullPointerException done
Event: 0.028 loading class java/lang/ArithmeticException
Event: 0.028 loading class java/lang/ArithmeticException done


Dynamic libraries:
0x00007ff707b00000 - 0x00007ff707b37000 	C:\Program Files\Java\jdk1.8.0_65\bin\java.exe
0x00007ffc38010000 - 0x00007ffc381d1000 	C:\WINDOWS\SYSTEM32\ntdll.dll
0x00007ffc35780000 - 0x00007ffc3582d000 	C:\WINDOWS\system32\KERNEL32.DLL
0x00007ffc35220000 - 0x00007ffc35408000 	C:\WINDOWS\system32\KERNELBASE.dll
0x00007ffc37970000 - 0x00007ffc37a17000 	C:\WINDOWS\system32\ADVAPI32.dll
0x00007ffc356e0000 - 0x00007ffc3577d000 	C:\WINDOWS\system32\msvcrt.dll
0x00007ffc37590000 - 0x00007ffc375eb000 	C:\WINDOWS\system32\sechost.dll
0x00007ffc375f0000 - 0x00007ffc3770c000 	C:\WINDOWS\system32\RPCRT4.dll
0x00007ffc37a20000 - 0x00007ffc37b76000 	C:\WINDOWS\system32\USER32.dll
0x00007ffc35a00000 - 0x00007ffc35b86000 	C:\WINDOWS\system32\GDI32.dll
0x00007ffc2bf00000 - 0x00007ffc2c174000 	C:\WINDOWS\WinSxS\amd64_microsoft.windows.common-controls_6595b64144ccf1df_6.0.10586.0_none_8c15ae12515e1c22\COMCTL32.dll
0x00007ffc37310000 - 0x00007ffc3758d000 	C:\WINDOWS\system32\combase.dll
0x00007ffc34a80000 - 0x00007ffc34aea000 	C:\WINDOWS\system32\bcryptPrimitives.dll
0x00007ffc378c0000 - 0x00007ffc378fb000 	C:\WINDOWS\system32\IMM32.DLL
0x000000006fd70000 - 0x000000006fe42000 	C:\Program Files\Java\jdk1.8.0_65\jre\bin\msvcr100.dll
0x000000006fe50000 - 0x00000000706d9000 	C:\Program Files\Java\jdk1.8.0_65\jre\bin\server\jvm.dll
0x00007ffc35830000 - 0x00007ffc35838000 	C:\WINDOWS\system32\PSAPI.DLL
0x00007ffc32cd0000 - 0x00007ffc32cd9000 	C:\WINDOWS\SYSTEM32\WSOCK32.dll
0x00007ffc37900000 - 0x00007ffc3796b000 	C:\WINDOWS\system32\WS2_32.dll
0x00007ffc32a60000 - 0x00007ffc32a83000 	C:\WINDOWS\SYSTEM32\WINMM.dll
0x00007ffc31520000 - 0x00007ffc3152a000 	C:\WINDOWS\SYSTEM32\VERSION.dll
0x00007ffc32910000 - 0x00007ffc3293c000 	C:\WINDOWS\SYSTEM32\WINMMBASE.dll
0x00007ffc34770000 - 0x00007ffc347b3000 	C:\WINDOWS\system32\cfgmgr32.dll
0x0000000070d60000 - 0x0000000070d6f000 	C:\Program Files\Java\jdk1.8.0_65\jre\bin\verify.dll
0x0000000070d30000 - 0x0000000070d59000 	C:\Program Files\Java\jdk1.8.0_65\jre\bin\java.dll
0x0000000070d10000 - 0x0000000070d26000 	C:\Program Files\Java\jdk1.8.0_65\jre\bin\zip.dll

VM Arguments:
jvm_args: -Djava.awt.headless=true -Xmx1024M -Dfile.encoding=windows-1250 -Duser.country=PL -Duser.language=pl -Duser.variant 
java_command: com.android.dx.command.Main --dex --force-jumbo --num-threads=4 --multi-dex --output E:\Android\Projects\AndroidSample\app\build\intermediates\transforms\dex\debug\folders\1000\5\slice_3 E:\Android\Projects\AndroidSample\app\build\intermediates\transforms\instantRunSlicer\debug\folders\1\5\slice_3
java_class_path (initial): E:\Android\SdkComponents\build-tools\23.0.3\lib\dx.jar
Launcher Type: SUN_STANDARD

Environment Variables:
PATH=C:\ProgramData\Oracle\Java\javapath;C:\Program Files (x86)\Intel\iCLS Client\;C:\Program Files\Intel\iCLS Client\;C:\WINDOWS\system32;C:\WINDOWS;C:\WINDOWS\System32\Wbem;C:\WINDOWS\System32\WindowsPowerShell\v1.0\;C:\Program Files\Intel\Intel(R) Management Engine Components\DAL;C:\Program Files\Intel\Intel(R) Management Engine Components\IPT;C:\Program Files (x86)\Intel\Intel(R) Management Engine Components\DAL;C:\Program Files (x86)\Intel\Intel(R) Management Engine Components\IPT;C:\Program Files (x86)\Autodesk\Backburner\;C:\Program Files\Common Files\Autodesk Shared\;C:\Users\Tomasz Szymañski\AppData\Local\atom\bin
USERNAME=Tomasz Szymañski
OS=Windows_NT
PROCESSOR_IDENTIFIER=Intel64 Family 6 Model 58 Stepping 9, GenuineIntel



---------------  S Y S T E M  ---------------

OS: Windows 10.0 , 64 bit Build 10586 (10.0.10586.0)

CPU:total 4 (4 cores per cpu, 1 threads per core) family 6 model 58 stepping 9, cmov, cx8, fxsr, mmx, sse, sse2, sse3, ssse3, sse4.1, sse4.2, popcnt, avx, aes, clmul, erms, tsc, tscinvbit, tscinv

Memory: 4k page, physical 4055472k(384956k free), swap 6729004k(5904k free)

vm_info: Java HotSpot(TM) 64-Bit Server VM (25.65-b01) for windows-amd64 JRE (1.8.0_65-b17), built on Oct  6 2015 16:39:20 by "java_re" with MS VC++ 10.0 (VS2010)

time: Wed Jul 06 16:01:50 2016
elapsed time: 0 seconds (0d 0h 0m 0s)

