#
# There is insufficient memory for the Java Runtime Environment to continue.
# Native memory allocation (malloc) failed to allocate 131088 bytes for Chunk::new
# Possible reasons:
#   The system is out of physical RAM or swap space
#   In 32 bit mode, the process size limit was hit
# Possible solutions:
#   Reduce memory load on the system
#   Increase physical memory or swap space
#   Check if swap backing store is full
#   Use 64 bit Java on a 64 bit OS
#   Decrease Java heap size (-Xmx/-Xms)
#   Decrease number of Java threads
#   Decrease Java thread stack sizes (-Xss)
#   Set larger code cache with -XX:ReservedCodeCacheSize=
# This output file may be truncated or incomplete.
#
#  Out of Memory Error (allocation.cpp:390), pid=9308, tid=8720
#
# JRE version: Java(TM) SE Runtime Environment (8.0_65-b17) (build 1.8.0_65-b17)
# Java VM: Java HotSpot(TM) 64-Bit Server VM (25.65-b01 mixed mode windows-amd64 compressed oops)
# Failed to write core dump. Minidumps are not enabled by default on client versions of Windows
#

---------------  T H R E A D  ---------------

Current thread (0x0000000014d0e800):  JavaThread "C2 CompilerThread1" daemon [_thread_in_native, id=8720, stack(0x0000000016480000,0x0000000016580000)]

Stack: [0x0000000016480000,0x0000000016580000]
[error occurred during error reporting (printing stack bounds), id 0xc0000005]

Native frames: (J=compiled Java code, j=interpreted, Vv=VM code, C=native code)


Current CompileTask:
C2:  13841 3041       4       com.android.dx.dex.code.LocalList::make (102 bytes)


---------------  P R O C E S S  ---------------

Java Threads: ( => current thread )
  0x00000000168f2800 JavaThread "pool-1-thread-1" [_thread_in_vm, id=8456, stack(0x0000000018950000,0x0000000018a50000)]
  0x000000001668e800 JavaThread "Service Thread" daemon [_thread_blocked, id=9548, stack(0x0000000016a80000,0x0000000016b80000)]
  0x0000000014d6d800 JavaThread "C1 CompilerThread2" daemon [_thread_blocked, id=3060, stack(0x0000000016580000,0x0000000016680000)]
=>0x0000000014d0e800 JavaThread "C2 CompilerThread1" daemon [_thread_in_native, id=8720, stack(0x0000000016480000,0x0000000016580000)]
  0x0000000014d0c000 JavaThread "C2 CompilerThread0" daemon [_thread_blocked, id=10040, stack(0x0000000016380000,0x0000000016480000)]
  0x0000000014d18000 JavaThread "Attach Listener" daemon [_thread_blocked, id=5412, stack(0x0000000016280000,0x0000000016380000)]
  0x0000000014d17000 JavaThread "Signal Dispatcher" daemon [_thread_blocked, id=3476, stack(0x0000000016180000,0x0000000016280000)]
  0x0000000014cd9000 JavaThread "Finalizer" daemon [_thread_blocked, id=6808, stack(0x0000000015f80000,0x0000000016080000)]
  0x0000000002630800 JavaThread "Reference Handler" daemon [_thread_blocked, id=8636, stack(0x0000000015e80000,0x0000000015f80000)]
  0x000000000231e000 JavaThread "main" [_thread_blocked, id=2216, stack(0x0000000002320000,0x0000000002420000)]

Other Threads:
  0x0000000014cd7800 VMThread [stack: 0x0000000015d80000,0x0000000015e80000] [id=7060]
  0x0000000016699800 WatcherThread [stack: 0x0000000016b80000,0x0000000016c80000] [id=3336]

VM state:not at safepoint (normal execution)

VM Mutex/Monitor currently owned by a thread: None

Heap:
 PSYoungGen      total 199680K, used 104581K [0x00000000eab00000, 0x00000000fd600000, 0x0000000100000000)
  eden space 172032K, 44% used [0x00000000eab00000,0x00000000ef622840,0x00000000f5300000)
  from space 27648K, 99% used [0x00000000fbb00000,0x00000000fd5fef80,0x00000000fd600000)
  to   space 33280K, 0% used [0x00000000f9500000,0x00000000f9500000,0x00000000fb580000)
 ParOldGen       total 83968K, used 42420K [0x00000000c0000000, 0x00000000c5200000, 0x00000000eab00000)
  object space 83968K, 50% used [0x00000000c0000000,0x00000000c296d000,0x00000000c5200000)
 Metaspace       used 6877K, capacity 7544K, committed 7680K, reserved 1056768K
  class space    used 644K, capacity 688K, committed 768K, reserved 1048576K

Card table byte_map: [0x0000000011a00000,0x0000000011c10000] byte_map_base: 0x0000000011400000

Marking Bits: (ParMarkBitMap*) 0x000000007065a5b0
 Begin Bits: [0x0000000012170000, 0x0000000013170000)
 End Bits:   [0x0000000013170000, 0x0000000014170000)

Polling page: 0x0000000000950000

CodeCache: size=245760Kb used=13256Kb max_used=13269Kb free=232503Kb
 bounds [0x0000000002640000, 0x0000000003340000, 0x0000000011640000]
 total_blobs=3069 nmethods=2799 adapters=182
 compilation: enabled

Compilation events (10 events):
Event: 13.811 Thread 0x0000000014d6d800 nmethod 3038 0x00000000032e9110 code [0x00000000032e9260, 0x00000000032e9370]
Event: 13.811 Thread 0x0000000014d0c000 3039       4       com.android.dx.dex.code.InsnFormat::unsignedFitsInByte (15 bytes)
Event: 13.812 Thread 0x0000000014d0c000 nmethod 3039 0x000000000323dbd0 code [0x000000000323dd00, 0x000000000323dd58]
Event: 13.813 Thread 0x0000000014d6d800 3040       1       com.android.dx.dex.code.form.Form3rc::codeSize (2 bytes)
Event: 13.813 Thread 0x0000000014d6d800 nmethod 3040 0x00000000033099d0 code [0x0000000003309b20, 0x0000000003309c30]
Event: 13.815 Thread 0x0000000014d0e800 3041       4       com.android.dx.dex.code.LocalList::make (102 bytes)
Event: 13.818 Thread 0x0000000014d6d800 3042       3       java.util.TreeMap::put (247 bytes)
Event: 13.819 Thread 0x0000000014d6d800 nmethod 3042 0x0000000003336dd0 code [0x0000000003337040, 0x0000000003338218]
Event: 13.820 Thread 0x0000000014d0c000 3043       4       com.android.dx.dex.code.LocalList$MakeState::add (75 bytes)
Event: 13.829 Thread 0x0000000014d0c000 nmethod 3043 0x000000000333e790 code [0x000000000333e940, 0x000000000333f288]

GC Heap History (10 events):
Event: 3.403 GC heap before
{Heap before GC invocations=5 (full 0):
 PSYoungGen      total 66048K, used 66034K [0x00000000eab00000, 0x00000000eee00000, 0x0000000100000000)
  eden space 63488K, 100% used [0x00000000eab00000,0x00000000ee900000,0x00000000ee900000)
  from space 2560K, 99% used [0x00000000eeb80000,0x00000000eedfc8e8,0x00000000eee00000)
  to   space 2560K, 0% used [0x00000000ee900000,0x00000000ee900000,0x00000000eeb80000)
 ParOldGen       total 42496K, used 11944K [0x00000000c0000000, 0x00000000c2980000, 0x00000000eab00000)
  object space 42496K, 28% used [0x00000000c0000000,0x00000000c0baa378,0x00000000c2980000)
 Metaspace       used 6296K, capacity 7152K, committed 7296K, reserved 1056768K
  class space    used 604K, capacity 616K, committed 640K, reserved 1048576K
Event: 3.461 GC heap after
Heap after GC invocations=5 (full 0):
 PSYoungGen      total 66048K, used 2530K [0x00000000eab00000, 0x00000000f4500000, 0x0000000100000000)
  eden space 63488K, 0% used [0x00000000eab00000,0x00000000eab00000,0x00000000ee900000)
  from space 2560K, 98% used [0x00000000ee900000,0x00000000eeb788d8,0x00000000eeb80000)
  to   space 15360K, 0% used [0x00000000f3600000,0x00000000f3600000,0x00000000f4500000)
 ParOldGen       total 42496K, used 22761K [0x00000000c0000000, 0x00000000c2980000, 0x00000000eab00000)
  object space 42496K, 53% used [0x00000000c0000000,0x00000000c163a538,0x00000000c2980000)
 Metaspace       used 6296K, capacity 7152K, committed 7296K, reserved 1056768K
  class space    used 604K, capacity 616K, committed 640K, reserved 1048576K
}
Event: 4.321 GC heap before
{Heap before GC invocations=6 (full 0):
 PSYoungGen      total 66048K, used 66018K [0x00000000eab00000, 0x00000000f4500000, 0x0000000100000000)
  eden space 63488K, 100% used [0x00000000eab00000,0x00000000ee900000,0x00000000ee900000)
  from space 2560K, 98% used [0x00000000ee900000,0x00000000eeb788d8,0x00000000eeb80000)
  to   space 15360K, 0% used [0x00000000f3600000,0x00000000f3600000,0x00000000f4500000)
 ParOldGen       total 42496K, used 22761K [0x00000000c0000000, 0x00000000c2980000, 0x00000000eab00000)
  object space 42496K, 53% used [0x00000000c0000000,0x00000000c163a538,0x00000000c2980000)
 Metaspace       used 6375K, capacity 7152K, committed 7296K, reserved 1056768K
  class space    used 604K, capacity 616K, committed 640K, reserved 1048576K
Event: 4.534 GC heap after
Heap after GC invocations=6 (full 0):
 PSYoungGen      total 140800K, used 12338K [0x00000000eab00000, 0x00000000f4800000, 0x0000000100000000)
  eden space 125440K, 0% used [0x00000000eab00000,0x00000000eab00000,0x00000000f2580000)
  from space 15360K, 80% used [0x00000000f3600000,0x00000000f420c8e8,0x00000000f4500000)
  to   space 16896K, 0% used [0x00000000f2580000,0x00000000f2580000,0x00000000f3600000)
 ParOldGen       total 42496K, used 22769K [0x00000000c0000000, 0x00000000c2980000, 0x00000000eab00000)
  object space 42496K, 53% used [0x00000000c0000000,0x00000000c163c538,0x00000000c2980000)
 Metaspace       used 6375K, capacity 7152K, committed 7296K, reserved 1056768K
  class space    used 604K, capacity 616K, committed 640K, reserved 1048576K
}
Event: 7.650 GC heap before
{Heap before GC invocations=7 (full 0):
 PSYoungGen      total 140800K, used 137778K [0x00000000eab00000, 0x00000000f4800000, 0x0000000100000000)
  eden space 125440K, 100% used [0x00000000eab00000,0x00000000f2580000,0x00000000f2580000)
  from space 15360K, 80% used [0x00000000f3600000,0x00000000f420c8e8,0x00000000f4500000)
  to   space 16896K, 0% used [0x00000000f2580000,0x00000000f2580000,0x00000000f3600000)
 ParOldGen       total 42496K, used 22769K [0x00000000c0000000, 0x00000000c2980000, 0x00000000eab00000)
  object space 42496K, 53% used [0x00000000c0000000,0x00000000c163c538,0x00000000c2980000)
 Metaspace       used 6547K, capacity 7256K, committed 7424K, reserved 1056768K
  class space    used 625K, capacity 656K, committed 768K, reserved 1048576K
Event: 8.474 GC heap after
Heap after GC invocations=7 (full 0):
 PSYoungGen      total 142336K, used 16869K [0x00000000eab00000, 0x00000000fd600000, 0x0000000100000000)
  eden space 125440K, 0% used [0x00000000eab00000,0x00000000eab00000,0x00000000f2580000)
  from space 16896K, 99% used [0x00000000f2580000,0x00000000f35f96c8,0x00000000f3600000)
  to   space 27648K, 0% used [0x00000000fbb00000,0x00000000fbb00000,0x00000000fd600000)
 ParOldGen       total 42496K, used 37519K [0x00000000c0000000, 0x00000000c2980000, 0x00000000eab00000)
  object space 42496K, 88% used [0x00000000c0000000,0x00000000c24a3c98,0x00000000c2980000)
 Metaspace       used 6547K, capacity 7256K, committed 7424K, reserved 1056768K
  class space    used 625K, capacity 656K, committed 768K, reserved 1048576K
}
Event: 8.474 GC heap before
{Heap before GC invocations=8 (full 1):
 PSYoungGen      total 142336K, used 16869K [0x00000000eab00000, 0x00000000fd600000, 0x0000000100000000)
  eden space 125440K, 0% used [0x00000000eab00000,0x00000000eab00000,0x00000000f2580000)
  from space 16896K, 99% used [0x00000000f2580000,0x00000000f35f96c8,0x00000000f3600000)
  to   space 27648K, 0% used [0x00000000fbb00000,0x00000000fbb00000,0x00000000fd600000)
 ParOldGen       total 42496K, used 37519K [0x00000000c0000000, 0x00000000c2980000, 0x00000000eab00000)
  object space 42496K, 88% used [0x00000000c0000000,0x00000000c24a3c98,0x00000000c2980000)
 Metaspace       used 6547K, capacity 7256K, committed 7424K, reserved 1056768K
  class space    used 625K, capacity 656K, committed 768K, reserved 1048576K
Event: 10.247 GC heap after
Heap after GC invocations=8 (full 1):
 PSYoungGen      total 142336K, used 8147K [0x00000000eab00000, 0x00000000fd600000, 0x0000000100000000)
  eden space 125440K, 0% used [0x00000000eab00000,0x00000000eab00000,0x00000000f2580000)
  from space 16896K, 48% used [0x00000000f2580000,0x00000000f2d74fe8,0x00000000f3600000)
  to   space 27648K, 0% used [0x00000000fbb00000,0x00000000fbb00000,0x00000000fd600000)
 ParOldGen       total 83968K, used 42076K [0x00000000c0000000, 0x00000000c5200000, 0x00000000eab00000)
  object space 83968K, 50% used [0x00000000c0000000,0x00000000c2917100,0x00000000c5200000)
 Metaspace       used 6547K, capacity 7256K, committed 7424K, reserved 1056768K
  class space    used 625K, capacity 656K, committed 768K, reserved 1048576K
}
Event: 12.241 GC heap before
{Heap before GC invocations=9 (full 1):
 PSYoungGen      total 142336K, used 133587K [0x00000000eab00000, 0x00000000fd600000, 0x0000000100000000)
  eden space 125440K, 100% used [0x00000000eab00000,0x00000000f2580000,0x00000000f2580000)
  from space 16896K, 48% used [0x00000000f2580000,0x00000000f2d74fe8,0x00000000f3600000)
  to   space 27648K, 0% used [0x00000000fbb00000,0x00000000fbb00000,0x00000000fd600000)
 ParOldGen       total 83968K, used 42076K [0x00000000c0000000, 0x00000000c5200000, 0x00000000eab00000)
  object space 83968K, 50% used [0x00000000c0000000,0x00000000c2917100,0x00000000c5200000)
 Metaspace       used 6557K, capacity 7256K, committed 7424K, reserved 1056768K
  class space    used 625K, capacity 656K, committed 768K, reserved 1048576K
Event: 12.373 GC heap after
Heap after GC invocations=9 (full 1):
 PSYoungGen      total 199680K, used 27643K [0x00000000eab00000, 0x00000000fd600000, 0x0000000100000000)
  eden space 172032K, 0% used [0x00000000eab00000,0x00000000eab00000,0x00000000f5300000)
  from space 27648K, 99% used [0x00000000fbb00000,0x00000000fd5fef80,0x00000000fd600000)
  to   space 33280K, 0% used [0x00000000f9500000,0x00000000f9500000,0x00000000fb580000)
 ParOldGen       total 83968K, used 42420K [0x00000000c0000000, 0x00000000c5200000, 0x00000000eab00000)
  object space 83968K, 50% used [0x00000000c0000000,0x00000000c296d000,0x00000000c5200000)
 Metaspace       used 6557K, capacity 7256K, committed 7424K, reserved 1056768K
  class space    used 625K, capacity 656K, committed 768K, reserved 1048576K
}

Deoptimization events (10 events):
Event: 13.423 Thread 0x00000000168f2800 Uncommon trap: reason=unstable_if action=reinterpret pc=0x000000000314aadc method=java.util.Arrays.equals([Ljava/lang/Object;[Ljava/lang/Object;)Z @ 23
Event: 13.424 Thread 0x00000000168f2800 Uncommon trap: reason=speculate_class_check action=maybe_recompile pc=0x00000000031413e0 method=com.android.dx.util.FixedSizeList.equals(Ljava/lang/Object;)Z @ 25
Event: 13.424 Thread 0x00000000168f2800 Uncommon trap: reason=unstable_if action=reinterpret pc=0x0000000002f09d2c method=java.util.TreeMap.put(Ljava/lang/Object;Ljava/lang/Object;)Ljava/lang/Object; @ 163
Event: 13.432 Thread 0x00000000168f2800 Uncommon trap: reason=unstable_if action=reinterpret pc=0x0000000003290c8c method=com.android.dx.dex.code.OutputFinisher.findOpcodeForInsn(Lcom/android/dx/dex/code/DalvInsn;Lcom/android/dx/dex/code/Dop;)Lcom/android/dx/dex/code/Dop; @ 1
Event: 13.464 Thread 0x00000000168f2800 Uncommon trap: reason=unstable_if action=reinterpret pc=0x00000000032a8d18 method=com.android.dx.rop.code.RegisterSpec.matchesVariable(Lcom/android/dx/rop/code/RegisterSpec;)Z @ 59
Event: 13.478 Thread 0x00000000168f2800 Uncommon trap: reason=array_check action=maybe_recompile pc=0x00000000032cbba4 method=java.util.ComparableTimSort.binarySort([Ljava/lang/Object;III)V @ 183
Event: 13.614 Thread 0x00000000168f2800 Uncommon trap: reason=unstable_if action=reinterpret pc=0x0000000003303ba0 method=com.android.dx.dex.code.OutputFinisher.align64bits([Lcom/android/dx/dex/code/Dop;)V @ 172
Event: 13.675 Thread 0x00000000168f2800 Uncommon trap: reason=unstable_if action=reinterpret pc=0x000000000332ad34 method=com.android.dx.dex.code.LocalList$MakeState.startLocal(ILcom/android/dx/rop/code/RegisterSpec;)V @ 226
Event: 13.777 Thread 0x00000000168f2800 Uncommon trap: reason=array_check action=maybe_recompile pc=0x00000000032cbadc method=java.util.ComparableTimSort.binarySort([Ljava/lang/Object;III)V @ 193
Event: 13.805 Thread 0x00000000168f2800 Uncommon trap: reason=unstable_if action=reinterpret pc=0x0000000003327cd0 method=com.android.dx.dex.code.OutputFinisher.align64bits([Lcom/android/dx/dex/code/Dop;)V @ 205

Internal exceptions (7 events):
Event: 0.048 Thread 0x000000000231e000 Exception <a 'java/lang/NoSuchMethodError': Method sun.misc.Unsafe.defineClass(Ljava/lang/String;[BII)Ljava/lang/Class; name or signature does not match> (0x00000000eab130a0) thrown at [C:\workspace\8-2-build-windows-amd64-cygwin\jdk8u65\4987\hotspot\src\sD9TØ ±¨?
Event: 0.048 Thread 0x000000000231e000 Exception <a 'java/lang/NoSuchMethodError': Method sun.misc.Unsafe.prefetchRead(Ljava/lang/Object;J)V name or signature does not match> (0x00000000eab13388) thrown at [C:\workspace\8-2-build-windows-amd64-cygwin\jdk8u65\4987\hotspot\src\share\vm\prims\jni.Â4°Ñg@
Event: 4.601 Thread 0x00000000168e4800 Implicit null exception at 0x0000000002cb28d3 to 0x0000000002cb40f1
Event: 5.908 Thread 0x000000001693f000 Exception <a 'java/lang/ArrayIndexOutOfBoundsException': 18> (0x00000000ee200fe0) thrown at [C:\workspace\8-2-build-windows-amd64-cygwin\jdk8u65\4987\hotspot\src\share\vm\interpreter\interpreterRuntime.cpp, line 366]
Event: 5.909 Thread 0x000000001693f000 Exception <a 'java/lang/ArrayIndexOutOfBoundsException'> (0x00000000ee202b60) thrown at [C:\workspace\8-2-build-windows-amd64-cygwin\jdk8u65\4987\hotspot\src\share\vm\runtime\sharedRuntime.cpp, line 605]
Event: 5.912 Thread 0x000000001693f000 Exception <a 'java/lang/ArrayIndexOutOfBoundsException'> (0x00000000ee203e48) thrown at [C:\workspace\8-2-build-windows-amd64-cygwin\jdk8u65\4987\hotspot\src\share\vm\runtime\sharedRuntime.cpp, line 605]
Event: 5.943 Thread 0x00000000168f6800 Implicit null exception at 0x0000000002eb0e48 to 0x0000000002eb513d

Events (10 events):
Event: 13.778 Thread 0x00000000168f2800 DEOPT UNPACKING pc=0x000000000268582a sp=0x0000000018a4eaa8 mode 2
Event: 13.788 Thread 0x00000000168f2800 DEOPT PACKING pc=0x0000000003329a99 sp=0x0000000018a4ed10
Event: 13.788 Thread 0x00000000168f2800 DEOPT UNPACKING pc=0x000000000268787f sp=0x0000000018a4ea60 mode 0
Event: 13.805 Thread 0x00000000168f2800 Uncommon trap: trap_request=0xffffff65 fr.pc=0x0000000003327cd0
Event: 13.805 Thread 0x00000000168f2800 DEOPT PACKING pc=0x0000000003327cd0 sp=0x0000000018a4ecd0
Event: 13.805 Thread 0x00000000168f2800 DEOPT UNPACKING pc=0x000000000268582a sp=0x0000000018a4ec40 mode 2
Event: 13.814 Thread 0x00000000168f2800 DEOPT PACKING pc=0x000000000333a263 sp=0x0000000018a4ec70
Event: 13.814 Thread 0x00000000168f2800 DEOPT UNPACKING pc=0x000000000268787f sp=0x0000000018a4e9c0 mode 0
Event: 13.817 Thread 0x00000000168f2800 DEOPT PACKING pc=0x0000000003329a99 sp=0x0000000018a4ed10
Event: 13.817 Thread 0x00000000168f2800 DEOPT UNPACKING pc=0x000000000268787f sp=0x0000000018a4ea60 mode 0


Dynamic libraries:
0x00007ff62fb60000 - 0x00007ff62fb97000 	C:\Program Files\Java\jdk1.8.0_65\bin\java.exe
0x00007ffc38010000 - 0x00007ffc381d1000 	C:\WINDOWS\SYSTEM32\ntdll.dll
0x00007ffc35780000 - 0x00007ffc3582d000 	C:\WINDOWS\system32\KERNEL32.DLL
0x00007ffc35220000 - 0x00007ffc35408000 	C:\WINDOWS\system32\KERNELBASE.dll
0x00007ffc37970000 - 0x00007ffc37a17000 	C:\WINDOWS\system32\ADVAPI32.dll
0x00007ffc356e0000 - 0x00007ffc3577d000 	C:\WINDOWS\system32\msvcrt.dll
0x00007ffc37590000 - 0x00007ffc375eb000 	C:\WINDOWS\system32\sechost.dll
0x00007ffc375f0000 - 0x00007ffc3770c000 	C:\WINDOWS\system32\RPCRT4.dll
0x00007ffc37a20000 - 0x00007ffc37b76000 	C:\WINDOWS\system32\USER32.dll
0x00007ffc35a00000 - 0x00007ffc35b86000 	C:\WINDOWS\system32\GDI32.dll
0x00007ffc2bf00000 - 0x00007ffc2c174000 	C:\WINDOWS\WinSxS\amd64_microsoft.windows.common-controls_6595b64144ccf1df_6.0.10586.0_none_8c15ae12515e1c22\COMCTL32.dll
0x00007ffc37310000 - 0x00007ffc3758d000 	C:\WINDOWS\system32\combase.dll
0x00007ffc34a80000 - 0x00007ffc34aea000 	C:\WINDOWS\system32\bcryptPrimitives.dll
0x00007ffc378c0000 - 0x00007ffc378fb000 	C:\WINDOWS\system32\IMM32.DLL
0x0000000070c20000 - 0x0000000070cf2000 	C:\Program Files\Java\jdk1.8.0_65\jre\bin\msvcr100.dll
0x000000006fe50000 - 0x00000000706d9000 	C:\Program Files\Java\jdk1.8.0_65\jre\bin\server\jvm.dll
0x00007ffc35830000 - 0x00007ffc35838000 	C:\WINDOWS\system32\PSAPI.DLL
0x00007ffc32d00000 - 0x00007ffc32d09000 	C:\WINDOWS\SYSTEM32\WSOCK32.dll
0x00007ffc37900000 - 0x00007ffc3796b000 	C:\WINDOWS\system32\WS2_32.dll
0x00007ffc32a60000 - 0x00007ffc32a83000 	C:\WINDOWS\SYSTEM32\WINMM.dll
0x00007ffc31520000 - 0x00007ffc3152a000 	C:\WINDOWS\SYSTEM32\VERSION.dll
0x00007ffc32910000 - 0x00007ffc3293c000 	C:\WINDOWS\SYSTEM32\WINMMBASE.dll
0x00007ffc34770000 - 0x00007ffc347b3000 	C:\WINDOWS\system32\cfgmgr32.dll
0x0000000070bc0000 - 0x0000000070bcf000 	C:\Program Files\Java\jdk1.8.0_65\jre\bin\verify.dll
0x0000000070b90000 - 0x0000000070bb9000 	C:\Program Files\Java\jdk1.8.0_65\jre\bin\java.dll
0x0000000070b70000 - 0x0000000070b86000 	C:\Program Files\Java\jdk1.8.0_65\jre\bin\zip.dll
0x00007ffc35c40000 - 0x00007ffc3719c000 	C:\WINDOWS\system32\SHELL32.dll
0x00007ffc34af0000 - 0x00007ffc35134000 	C:\WINDOWS\system32\windows.storage.dll
0x00007ffc35840000 - 0x00007ffc35892000 	C:\WINDOWS\system32\shlwapi.dll
0x00007ffc34660000 - 0x00007ffc3466f000 	C:\WINDOWS\system32\kernel.appcore.dll
0x00007ffc35140000 - 0x00007ffc351f5000 	C:\WINDOWS\system32\shcore.dll
0x00007ffc34670000 - 0x00007ffc346bb000 	C:\WINDOWS\system32\powrprof.dll
0x00007ffc34640000 - 0x00007ffc34654000 	C:\WINDOWS\system32\profapi.dll

VM Arguments:
jvm_args: -Djava.awt.headless=true -Xmx1024M -Dfile.encoding=windows-1250 -Duser.country=PL -Duser.language=pl -Duser.variant 
java_command: com.android.dx.command.Main --dex --force-jumbo --num-threads=4 --multi-dex --output E:\Android\Projects\AndroidSample\app\build\intermediates\transforms\dex\debug\folders\1000\10\com.android.support-support-v4-24.0.0_99654087946314a09f776f058c81bb7e0fef44aa E:\Android\Projects\AndroidSample\app\build\intermediates\exploded-aar\com.android.support\support-v4\24.0.0\jars\classes.jar
java_class_path (initial): E:\Android\SdkComponents\build-tools\23.0.3\lib\dx.jar
Launcher Type: SUN_STANDARD

Environment Variables:
PATH=C:\ProgramData\Oracle\Java\javapath;C:\Program Files (x86)\Intel\iCLS Client\;C:\Program Files\Intel\iCLS Client\;C:\WINDOWS\system32;C:\WINDOWS;C:\WINDOWS\System32\Wbem;C:\WINDOWS\System32\WindowsPowerShell\v1.0\;C:\Program Files\Intel\Intel(R) Management Engine Components\DAL;C:\Program Files\Intel\Intel(R) Management Engine Components\IPT;C:\Program Files (x86)\Intel\Intel(R) Management Engine Components\DAL;C:\Program Files (x86)\Intel\Intel(R) Management Engine Components\IPT;C:\Program Files (x86)\Autodesk\Backburner\;C:\Program Files\Common Files\Autodesk Shared\;C:\Users\Tomasz Szymañski\AppData\Local\atom\bin
USERNAME=Tomasz Szymañski
OS=Windows_NT
PROCESSOR_IDENTIFIER=Intel64 Family 6 Model 58 Stepping 9, GenuineIntel



---------------  S Y S T E M  ---------------

OS: Windows 10.0 , 64 bit Build 10586 (10.0.10586.0)

CPU:total 4 (4 cores per cpu, 1 threads per core) family 6 model 58 stepping 9, cmov, cx8, fxsr, mmx, sse, sse2, sse3, ssse3, sse4.1, sse4.2, popcnt, avx, aes, clmul, erms, tsc, tscinvbit, tscinv

Memory: 4k page, physical 4055472k(187324k free), swap 6729004k(2264k free)

vm_info: Java HotSpot(TM) 64-Bit Server VM (25.65-b01) for windows-amd64 JRE (1.8.0_65-b17), built on Oct  6 2015 16:39:20 by "java_re" with MS VC++ 10.0 (VS2010)

time: Wed Jul 13 15:15:06 2016
elapsed time: 13 seconds (0d 0h 0m 13s)

