#
# There is insufficient memory for the Java Runtime Environment to continue.
# Native memory allocation (malloc) failed to allocate 32744 bytes for ChunkPool::allocate
# Possible reasons:
#   The system is out of physical RAM or swap space
#   In 32 bit mode, the process size limit was hit
# Possible solutions:
#   Reduce memory load on the system
#   Increase physical memory or swap space
#   Check if swap backing store is full
#   Use 64 bit Java on a 64 bit OS
#   Decrease Java heap size (-Xmx/-Xms)
#   Decrease number of Java threads
#   Decrease Java thread stack sizes (-Xss)
#   Set larger code cache with -XX:ReservedCodeCacheSize=
# This output file may be truncated or incomplete.
#
#  Out of Memory Error (allocation.cpp:273), pid=4280, tid=8704
#
# JRE version: Java(TM) SE Runtime Environment (8.0_65-b17) (build 1.8.0_65-b17)
# Java VM: Java HotSpot(TM) 64-Bit Server VM (25.65-b01 mixed mode windows-amd64 compressed oops)
# Failed to write core dump. Minidumps are not enabled by default on client versions of Windows
#

---------------  T H R E A D  ---------------

Current thread (0x00000000157c3000):  JavaThread "C2 CompilerThread1" daemon [_thread_in_native, id=8704, stack(0x0000000016f20000,0x0000000017020000)]

Stack: [0x0000000016f20000,0x0000000017020000]
[error occurred during error reporting (printing stack bounds), id 0xc0000005]

Native frames: (J=compiled Java code, j=interpreted, Vv=VM code, C=native code)


Current CompileTask:
C2:  13783 2460 %     4       com.android.dx.dex.code.LocalList::make @ 16 (102 bytes)


---------------  P R O C E S S  ---------------

Java Threads: ( => current thread )
  0x00000000173d4800 JavaThread "pool-1-thread-1" [_thread_in_Java, id=3952, stack(0x00000000193f0000,0x00000000194f0000)]
  0x0000000017126800 JavaThread "Service Thread" daemon [_thread_blocked, id=2360, stack(0x0000000017520000,0x0000000017620000)]
  0x000000001581b800 JavaThread "C1 CompilerThread2" daemon [_thread_blocked, id=3980, stack(0x0000000017020000,0x0000000017120000)]
=>0x00000000157c3000 JavaThread "C2 CompilerThread1" daemon [_thread_in_native, id=8704, stack(0x0000000016f20000,0x0000000017020000)]
  0x00000000157c0000 JavaThread "C2 CompilerThread0" daemon [_thread_in_native, id=1120, stack(0x0000000016e20000,0x0000000016f20000)]
  0x00000000157bc000 JavaThread "Attach Listener" daemon [_thread_blocked, id=2284, stack(0x0000000016d20000,0x0000000016e20000)]
  0x00000000157ba800 JavaThread "Signal Dispatcher" daemon [_thread_blocked, id=4744, stack(0x0000000016c20000,0x0000000016d20000)]
  0x00000000030e0800 JavaThread "Finalizer" daemon [_thread_blocked, id=6908, stack(0x0000000016a20000,0x0000000016b20000)]
  0x00000000030dd000 JavaThread "Reference Handler" daemon [_thread_blocked, id=4396, stack(0x0000000016920000,0x0000000016a20000)]
  0x0000000002fee000 JavaThread "main" [_thread_blocked, id=9816, stack(0x0000000002e20000,0x0000000002f20000)]

Other Threads:
  0x0000000015787800 VMThread [stack: 0x0000000016820000,0x0000000016920000] [id=4400]
  0x0000000017142000 WatcherThread [stack: 0x0000000017620000,0x0000000017720000] [id=5368]

VM state:not at safepoint (normal execution)

VM Mutex/Monitor currently owned by a thread: None

Heap:
 PSYoungGen      total 140800K, used 2572K [0x00000000eab00000, 0x00000000fd200000, 0x0000000100000000)
  eden space 125440K, 1% used [0x00000000eab00000,0x00000000ead06bf0,0x00000000f2580000)
  from space 15360K, 3% used [0x00000000f2580000,0x00000000f25fc650,0x00000000f3480000)
  to   space 25600K, 0% used [0x00000000fb900000,0x00000000fb900000,0x00000000fd200000)
 ParOldGen       total 42496K, used 42097K [0x00000000c0000000, 0x00000000c2980000, 0x00000000eab00000)
  object space 42496K, 99% used [0x00000000c0000000,0x00000000c291c560,0x00000000c2980000)
 Metaspace       used 6832K, capacity 7544K, committed 7680K, reserved 1056768K
  class space    used 642K, capacity 688K, committed 768K, reserved 1048576K

Card table byte_map: [0x00000000124b0000,0x00000000126c0000] byte_map_base: 0x0000000011eb0000

Marking Bits: (ParMarkBitMap*) 0x000000007065a5b0
 Begin Bits: [0x0000000012c20000, 0x0000000013c20000)
 End Bits:   [0x0000000013c20000, 0x0000000014c20000)

Polling page: 0x0000000001170000

CodeCache: size=245760Kb used=10681Kb max_used=10681Kb free=235078Kb
 bounds [0x00000000030f0000, 0x0000000003b70000, 0x00000000120f0000]
 total_blobs=2663 nmethods=2393 adapters=182
 compilation: enabled

Compilation events (10 events):
Event: 13.561 Thread 0x000000001581b800 2466       3       com.android.dx.dex.code.form.Form22t::branchFits (22 bytes)
Event: 13.561 Thread 0x000000001581b800 nmethod 2466 0x0000000003b5a010 code [0x0000000003b5a1c0, 0x0000000003b5a8f8]
Event: 13.562 Thread 0x000000001581b800 2467       1       com.android.dx.dex.code.form.Form22b::codeSize (2 bytes)
Event: 13.562 Thread 0x000000001581b800 nmethod 2467 0x0000000003b54cd0 code [0x0000000003b54e20, 0x0000000003b54f30]
Event: 13.650 Thread 0x000000001581b800 2469       3       com.android.dx.dex.code.InsnFormat::isRegListSequential (67 bytes)
Event: 13.651 Thread 0x000000001581b800 nmethod 2469 0x0000000003b61f50 code [0x0000000003b62140, 0x0000000003b62d58]
Event: 13.656 Thread 0x000000001581b800 2471       3       com.android.dx.rop.code.RegisterSpecList::subset (85 bytes)
Event: 13.657 Thread 0x000000001581b800 nmethod 2471 0x0000000003b65950 code [0x0000000003b65ba0, 0x0000000003b66b68]
Event: 13.672 Thread 0x000000001581b800 2472       3       com.android.dx.dex.code.form.Form22b::isCompatible (103 bytes)
Event: 13.672 Thread 0x000000001581b800 nmethod 2472 0x0000000003b67490 code [0x0000000003b676c0, 0x0000000003b689b8]

GC Heap History (10 events):
Event: 4.606 GC heap before
{Heap before GC invocations=4 (full 0):
 PSYoungGen      total 34304K, used 34294K [0x00000000eab00000, 0x00000000eee00000, 0x0000000100000000)
  eden space 31744K, 100% used [0x00000000eab00000,0x00000000eca00000,0x00000000eca00000)
  from space 2560K, 99% used [0x00000000eca00000,0x00000000ecc7d848,0x00000000ecc80000)
  to   space 2560K, 0% used [0x00000000eeb80000,0x00000000eeb80000,0x00000000eee00000)
 ParOldGen       total 42496K, used 7721K [0x00000000c0000000, 0x00000000c2980000, 0x00000000eab00000)
  object space 42496K, 18% used [0x00000000c0000000,0x00000000c078a4a0,0x00000000c2980000)
 Metaspace       used 6248K, capacity 7152K, committed 7296K, reserved 1056768K
  class space    used 603K, capacity 616K, committed 640K, reserved 1048576K
Event: 5.082 GC heap after
Heap after GC invocations=4 (full 0):
 PSYoungGen      total 66048K, used 2536K [0x00000000eab00000, 0x00000000eee00000, 0x0000000100000000)
  eden space 63488K, 0% used [0x00000000eab00000,0x00000000eab00000,0x00000000ee900000)
  from space 2560K, 99% used [0x00000000eeb80000,0x00000000eedfa190,0x00000000eee00000)
  to   space 2560K, 0% used [0x00000000ee900000,0x00000000ee900000,0x00000000eeb80000)
 ParOldGen       total 42496K, used 12399K [0x00000000c0000000, 0x00000000c2980000, 0x00000000eab00000)
  object space 42496K, 29% used [0x00000000c0000000,0x00000000c0c1bd50,0x00000000c2980000)
 Metaspace       used 6248K, capacity 7152K, committed 7296K, reserved 1056768K
  class space    used 603K, capacity 616K, committed 640K, reserved 1048576K
}
Event: 6.883 GC heap before
{Heap before GC invocations=5 (full 0):
 PSYoungGen      total 66048K, used 66024K [0x00000000eab00000, 0x00000000eee00000, 0x0000000100000000)
  eden space 63488K, 100% used [0x00000000eab00000,0x00000000ee900000,0x00000000ee900000)
  from space 2560K, 99% used [0x00000000eeb80000,0x00000000eedfa190,0x00000000eee00000)
  to   space 2560K, 0% used [0x00000000ee900000,0x00000000ee900000,0x00000000eeb80000)
 ParOldGen       total 42496K, used 12399K [0x00000000c0000000, 0x00000000c2980000, 0x00000000eab00000)
  object space 42496K, 29% used [0x00000000c0000000,0x00000000c0c1bd50,0x00000000c2980000)
 Metaspace       used 6307K, capacity 7152K, committed 7296K, reserved 1056768K
  class space    used 603K, capacity 616K, committed 640K, reserved 1048576K
Event: 7.835 GC heap after
Heap after GC invocations=5 (full 0):
 PSYoungGen      total 66048K, used 2549K [0x00000000eab00000, 0x00000000f4200000, 0x0000000100000000)
  eden space 63488K, 0% used [0x00000000eab00000,0x00000000eab00000,0x00000000ee900000)
  from space 2560K, 99% used [0x00000000ee900000,0x00000000eeb7d660,0x00000000eeb80000)
  to   space 13824K, 0% used [0x00000000f3480000,0x00000000f3480000,0x00000000f4200000)
 ParOldGen       total 42496K, used 22785K [0x00000000c0000000, 0x00000000c2980000, 0x00000000eab00000)
  object space 42496K, 53% used [0x00000000c0000000,0x00000000c1640588,0x00000000c2980000)
 Metaspace       used 6307K, capacity 7152K, committed 7296K, reserved 1056768K
  class space    used 603K, capacity 616K, committed 640K, reserved 1048576K
}
Event: 8.520 GC heap before
{Heap before GC invocations=6 (full 0):
 PSYoungGen      total 66048K, used 66037K [0x00000000eab00000, 0x00000000f4200000, 0x0000000100000000)
  eden space 63488K, 100% used [0x00000000eab00000,0x00000000ee900000,0x00000000ee900000)
  from space 2560K, 99% used [0x00000000ee900000,0x00000000eeb7d660,0x00000000eeb80000)
  to   space 13824K, 0% used [0x00000000f3480000,0x00000000f3480000,0x00000000f4200000)
 ParOldGen       total 42496K, used 22785K [0x00000000c0000000, 0x00000000c2980000, 0x00000000eab00000)
  object space 42496K, 53% used [0x00000000c0000000,0x00000000c1640588,0x00000000c2980000)
 Metaspace       used 6427K, capacity 7192K, committed 7424K, reserved 1056768K
  class space    used 624K, capacity 656K, committed 768K, reserved 1048576K
Event: 8.629 GC heap after
Heap after GC invocations=6 (full 0):
 PSYoungGen      total 139264K, used 11732K [0x00000000eab00000, 0x00000000f4500000, 0x0000000100000000)
  eden space 125440K, 0% used [0x00000000eab00000,0x00000000eab00000,0x00000000f2580000)
  from space 13824K, 84% used [0x00000000f3480000,0x00000000f3ff5178,0x00000000f4200000)
  to   space 15360K, 0% used [0x00000000f2580000,0x00000000f2580000,0x00000000f3480000)
 ParOldGen       total 42496K, used 22785K [0x00000000c0000000, 0x00000000c2980000, 0x00000000eab00000)
  object space 42496K, 53% used [0x00000000c0000000,0x00000000c1640588,0x00000000c2980000)
 Metaspace       used 6427K, capacity 7192K, committed 7424K, reserved 1056768K
  class space    used 624K, capacity 656K, committed 768K, reserved 1048576K
}
Event: 12.862 GC heap before
{Heap before GC invocations=7 (full 0):
 PSYoungGen      total 139264K, used 137172K [0x00000000eab00000, 0x00000000f4500000, 0x0000000100000000)
  eden space 125440K, 100% used [0x00000000eab00000,0x00000000f2580000,0x00000000f2580000)
  from space 13824K, 84% used [0x00000000f3480000,0x00000000f3ff5178,0x00000000f4200000)
  to   space 15360K, 0% used [0x00000000f2580000,0x00000000f2580000,0x00000000f3480000)
 ParOldGen       total 42496K, used 22785K [0x00000000c0000000, 0x00000000c2980000, 0x00000000eab00000)
  object space 42496K, 53% used [0x00000000c0000000,0x00000000c1640588,0x00000000c2980000)
 Metaspace       used 6830K, capacity 7544K, committed 7680K, reserved 1056768K
  class space    used 642K, capacity 688K, committed 768K, reserved 1048576K
Event: 12.993 GC heap after
Heap after GC invocations=7 (full 0):
 PSYoungGen      total 140800K, used 15347K [0x00000000eab00000, 0x00000000fd200000, 0x0000000100000000)
  eden space 125440K, 0% used [0x00000000eab00000,0x00000000eab00000,0x00000000f2580000)
  from space 15360K, 99% used [0x00000000f2580000,0x00000000f347cd60,0x00000000f3480000)
  to   space 25600K, 0% used [0x00000000fb900000,0x00000000fb900000,0x00000000fd200000)
 ParOldGen       total 42496K, used 37515K [0x00000000c0000000, 0x00000000c2980000, 0x00000000eab00000)
  object space 42496K, 88% used [0x00000000c0000000,0x00000000c24a2c78,0x00000000c2980000)
 Metaspace       used 6830K, capacity 7544K, committed 7680K, reserved 1056768K
  class space    used 642K, capacity 688K, committed 768K, reserved 1048576K
}
Event: 12.993 GC heap before
{Heap before GC invocations=8 (full 1):
 PSYoungGen      total 140800K, used 15347K [0x00000000eab00000, 0x00000000fd200000, 0x0000000100000000)
  eden space 125440K, 0% used [0x00000000eab00000,0x00000000eab00000,0x00000000f2580000)
  from space 15360K, 99% used [0x00000000f2580000,0x00000000f347cd60,0x00000000f3480000)
  to   space 25600K, 0% used [0x00000000fb900000,0x00000000fb900000,0x00000000fd200000)
 ParOldGen       total 42496K, used 37515K [0x00000000c0000000, 0x00000000c2980000, 0x00000000eab00000)
  object space 42496K, 88% used [0x00000000c0000000,0x00000000c24a2c78,0x00000000c2980000)
 Metaspace       used 6830K, capacity 7544K, committed 7680K, reserved 1056768K
  class space    used 642K, capacity 688K, committed 768K, reserved 1048576K
Event: 13.464 GC heap after
Heap after GC invocations=8 (full 1):
 PSYoungGen      total 140800K, used 497K [0x00000000eab00000, 0x00000000fd200000, 0x0000000100000000)
  eden space 125440K, 0% used [0x00000000eab00000,0x00000000eab00000,0x00000000f2580000)
  from space 15360K, 3% used [0x00000000f2580000,0x00000000f25fc650,0x00000000f3480000)
  to   space 25600K, 0% used [0x00000000fb900000,0x00000000fb900000,0x00000000fd200000)
 ParOldGen       total 42496K, used 42097K [0x00000000c0000000, 0x00000000c2980000, 0x00000000eab00000)
  object space 42496K, 99% used [0x00000000c0000000,0x00000000c291c560,0x00000000c2980000)
 Metaspace       used 6830K, capacity 7544K, committed 7680K, reserved 1056768K
  class space    used 642K, capacity 688K, committed 768K, reserved 1048576K
}

Deoptimization events (10 events):
Event: 10.798 Thread 0x00000000173d4800 Uncommon trap: reason=class_check action=maybe_recompile pc=0x000000000358a4c8 method=java.util.Arrays.hashCode([Ljava/lang/Object;)I @ 43
Event: 10.799 Thread 0x00000000173d4800 Uncommon trap: reason=class_check action=maybe_recompile pc=0x000000000358a4c8 method=java.util.Arrays.hashCode([Ljava/lang/Object;)I @ 43
Event: 10.799 Thread 0x00000000173d4800 Uncommon trap: reason=class_check action=maybe_recompile pc=0x000000000358a4c8 method=java.util.Arrays.hashCode([Ljava/lang/Object;)I @ 43
Event: 10.799 Thread 0x00000000173d4800 Uncommon trap: reason=class_check action=maybe_recompile pc=0x000000000357e068 method=java.util.Arrays.hashCode([Ljava/lang/Object;)I @ 43
Event: 12.445 Thread 0x00000000173d4800 Uncommon trap: reason=speculate_class_check action=maybe_recompile pc=0x0000000003455214 method=com.android.dx.util.FixedSizeList.equals(Ljava/lang/Object;)Z @ 25
Event: 12.722 Thread 0x00000000173d4800 Uncommon trap: reason=speculate_class_check action=maybe_recompile pc=0x0000000003455214 method=com.android.dx.util.FixedSizeList.equals(Ljava/lang/Object;)Z @ 25
Event: 12.722 Thread 0x00000000173d4800 Uncommon trap: reason=speculate_class_check action=maybe_recompile pc=0x0000000003455214 method=com.android.dx.util.FixedSizeList.equals(Ljava/lang/Object;)Z @ 25
Event: 12.722 Thread 0x00000000173d4800 Uncommon trap: reason=speculate_class_check action=maybe_recompile pc=0x0000000003455214 method=com.android.dx.util.FixedSizeList.equals(Ljava/lang/Object;)Z @ 25
Event: 12.779 Thread 0x00000000173d4800 Uncommon trap: reason=unstable_if action=reinterpret pc=0x0000000003b15c98 method=com.android.dx.rop.code.RegisterSpec.matchesVariable(Lcom/android/dx/rop/code/RegisterSpec;)Z @ 59
Event: 12.797 Thread 0x00000000173d4800 Uncommon trap: reason=unstable_if action=reinterpret pc=0x00000000037eaf8c method=java.util.TreeMap.put(Ljava/lang/Object;Ljava/lang/Object;)Ljava/lang/Object; @ 163

Internal exceptions (6 events):
Event: 0.038 Thread 0x0000000002fee000 Exception <a 'java/lang/NoSuchMethodError': Method sun.misc.Unsafe.defineClass(Ljava/lang/String;[BII)Ljava/lang/Class; name or signature does not match> (0x00000000eab130a0) thrown at [C:\workspace\8-2-build-windows-amd64-cygwin\jdk8u65\4987\hotspot\src\s\(mÇ5v£?
Event: 0.038 Thread 0x0000000002fee000 Exception <a 'java/lang/NoSuchMethodError': Method sun.misc.Unsafe.prefetchRead(Ljava/lang/Object;J)V name or signature does not match> (0x00000000eab13388) thrown at [C:\workspace\8-2-build-windows-amd64-cygwin\jdk8u65\4987\hotspot\src\share\vm\prims\jni.lè|¬Æ@
Event: 2.585 Thread 0x00000000173d6000 Implicit null exception at 0x00000000033d414c to 0x00000000033d5cd1
Event: 7.865 Thread 0x00000000173d6000 Exception <a 'java/lang/ArrayIndexOutOfBoundsException': 18> (0x00000000eb893e80) thrown at [C:\workspace\8-2-build-windows-amd64-cygwin\jdk8u65\4987\hotspot\src\share\vm\interpreter\interpreterRuntime.cpp, line 366]
Event: 7.867 Thread 0x00000000173d6000 Exception <a 'java/lang/ArrayIndexOutOfBoundsException': 145> (0x00000000eb895a00) thrown at [C:\workspace\8-2-build-windows-amd64-cygwin\jdk8u65\4987\hotspot\src\share\vm\interpreter\interpreterRuntime.cpp, line 366]
Event: 7.867 Thread 0x00000000173d6000 Exception <a 'java/lang/ArrayIndexOutOfBoundsException': 40> (0x00000000eb896ce8) thrown at [C:\workspace\8-2-build-windows-amd64-cygwin\jdk8u65\4987\hotspot\src\share\vm\interpreter\interpreterRuntime.cpp, line 366]

Events (10 events):
Event: 13.666 Thread 0x00000000173d4800 DEOPT PACKING pc=0x0000000003b026f3 sp=0x00000000194ee810
Event: 13.666 Thread 0x00000000173d4800 DEOPT UNPACKING pc=0x000000000313787f sp=0x00000000194ee560 mode 0
Event: 13.669 Thread 0x00000000173d4800 DEOPT PACKING pc=0x0000000003af54e6 sp=0x00000000194ee810
Event: 13.669 Thread 0x00000000173d4800 DEOPT UNPACKING pc=0x000000000313787f sp=0x00000000194ee5d8 mode 0
Event: 13.671 Thread 0x00000000173d4800 DEOPT PACKING pc=0x0000000003b026f3 sp=0x00000000194ee810
Event: 13.671 Thread 0x00000000173d4800 DEOPT UNPACKING pc=0x000000000313787f sp=0x00000000194ee560 mode 0
Event: 13.671 Thread 0x00000000173d4800 DEOPT PACKING pc=0x0000000003b078a0 sp=0x00000000194ee740
Event: 13.671 Thread 0x00000000173d4800 DEOPT UNPACKING pc=0x000000000313787f sp=0x00000000194ee588 mode 0
Event: 13.673 Thread 0x00000000173d4800 DEOPT PACKING pc=0x0000000003afe89e sp=0x00000000194ee750
Event: 13.673 Thread 0x00000000173d4800 DEOPT UNPACKING pc=0x000000000313787f sp=0x00000000194ee4a8 mode 0


Dynamic libraries:
0x00007ff62fb60000 - 0x00007ff62fb97000 	C:\Program Files\Java\jdk1.8.0_65\bin\java.exe
0x00007ffc38010000 - 0x00007ffc381d1000 	C:\WINDOWS\SYSTEM32\ntdll.dll
0x00007ffc35780000 - 0x00007ffc3582d000 	C:\WINDOWS\system32\KERNEL32.DLL
0x00007ffc35220000 - 0x00007ffc35408000 	C:\WINDOWS\system32\KERNELBASE.dll
0x00007ffc37970000 - 0x00007ffc37a17000 	C:\WINDOWS\system32\ADVAPI32.dll
0x00007ffc356e0000 - 0x00007ffc3577d000 	C:\WINDOWS\system32\msvcrt.dll
0x00007ffc37590000 - 0x00007ffc375eb000 	C:\WINDOWS\system32\sechost.dll
0x00007ffc375f0000 - 0x00007ffc3770c000 	C:\WINDOWS\system32\RPCRT4.dll
0x00007ffc37a20000 - 0x00007ffc37b76000 	C:\WINDOWS\system32\USER32.dll
0x00007ffc35a00000 - 0x00007ffc35b86000 	C:\WINDOWS\system32\GDI32.dll
0x00007ffc2bf00000 - 0x00007ffc2c174000 	C:\WINDOWS\WinSxS\amd64_microsoft.windows.common-controls_6595b64144ccf1df_6.0.10586.0_none_8c15ae12515e1c22\COMCTL32.dll
0x00007ffc37310000 - 0x00007ffc3758d000 	C:\WINDOWS\system32\combase.dll
0x00007ffc34a80000 - 0x00007ffc34aea000 	C:\WINDOWS\system32\bcryptPrimitives.dll
0x00007ffc378c0000 - 0x00007ffc378fb000 	C:\WINDOWS\system32\IMM32.DLL
0x0000000070c20000 - 0x0000000070cf2000 	C:\Program Files\Java\jdk1.8.0_65\jre\bin\msvcr100.dll
0x000000006fe50000 - 0x00000000706d9000 	C:\Program Files\Java\jdk1.8.0_65\jre\bin\server\jvm.dll
0x00007ffc35830000 - 0x00007ffc35838000 	C:\WINDOWS\system32\PSAPI.DLL
0x00007ffc32d00000 - 0x00007ffc32d09000 	C:\WINDOWS\SYSTEM32\WSOCK32.dll
0x00007ffc37900000 - 0x00007ffc3796b000 	C:\WINDOWS\system32\WS2_32.dll
0x00007ffc32a60000 - 0x00007ffc32a83000 	C:\WINDOWS\SYSTEM32\WINMM.dll
0x00007ffc31520000 - 0x00007ffc3152a000 	C:\WINDOWS\SYSTEM32\VERSION.dll
0x0000000001540000 - 0x000000000156c000 	C:\WINDOWS\SYSTEM32\WINMMBASE.dll
0x00007ffc34770000 - 0x00007ffc347b3000 	C:\WINDOWS\system32\cfgmgr32.dll
0x0000000070bc0000 - 0x0000000070bcf000 	C:\Program Files\Java\jdk1.8.0_65\jre\bin\verify.dll
0x0000000070b90000 - 0x0000000070bb9000 	C:\Program Files\Java\jdk1.8.0_65\jre\bin\java.dll
0x0000000070b70000 - 0x0000000070b86000 	C:\Program Files\Java\jdk1.8.0_65\jre\bin\zip.dll
0x00007ffc35c40000 - 0x00007ffc3719c000 	C:\WINDOWS\system32\SHELL32.dll
0x00007ffc34af0000 - 0x00007ffc35134000 	C:\WINDOWS\system32\windows.storage.dll
0x00007ffc35840000 - 0x00007ffc35892000 	C:\WINDOWS\system32\shlwapi.dll
0x00007ffc34660000 - 0x00007ffc3466f000 	C:\WINDOWS\system32\kernel.appcore.dll
0x00007ffc35140000 - 0x00007ffc351f5000 	C:\WINDOWS\system32\shcore.dll
0x00007ffc34670000 - 0x00007ffc346bb000 	C:\WINDOWS\system32\powrprof.dll
0x00007ffc34640000 - 0x00007ffc34654000 	C:\WINDOWS\system32\profapi.dll

VM Arguments:
jvm_args: -Djava.awt.headless=true -Xmx1024M -Dfile.encoding=windows-1250 -Duser.country=PL -Duser.language=pl -Duser.variant 
java_command: com.android.dx.command.Main --dex --force-jumbo --num-threads=4 --multi-dex --output E:\Android\Projects\AndroidSample\app\build\intermediates\transforms\dex\debug\folders\1000\10\com.android.support-appcompat-v7-24.0.0_515a0481a1498a6bc08bc5ed81fc6f2c450c2800 E:\Android\Projects\AndroidSample\app\build\intermediates\exploded-aar\com.android.support\appcompat-v7\24.0.0\jars\classes.jar
java_class_path (initial): E:\Android\SdkComponents\build-tools\23.0.3\lib\dx.jar
Launcher Type: SUN_STANDARD

Environment Variables:
PATH=C:\ProgramData\Oracle\Java\javapath;C:\Program Files (x86)\Intel\iCLS Client\;C:\Program Files\Intel\iCLS Client\;C:\WINDOWS\system32;C:\WINDOWS;C:\WINDOWS\System32\Wbem;C:\WINDOWS\System32\WindowsPowerShell\v1.0\;C:\Program Files\Intel\Intel(R) Management Engine Components\DAL;C:\Program Files\Intel\Intel(R) Management Engine Components\IPT;C:\Program Files (x86)\Intel\Intel(R) Management Engine Components\DAL;C:\Program Files (x86)\Intel\Intel(R) Management Engine Components\IPT;C:\Program Files (x86)\Autodesk\Backburner\;C:\Program Files\Common Files\Autodesk Shared\;C:\Users\Tomasz SzymaÒski\AppData\Local\atom\bin
USERNAME=Tomasz SzymaÒski
OS=Windows_NT
PROCESSOR_IDENTIFIER=Intel64 Family 6 Model 58 Stepping 9, GenuineIntel



---------------  S Y S T E M  ---------------

OS: Windows 10.0 , 64 bit Build 10586 (10.0.10586.0)

CPU:total 4 (4 cores per cpu, 1 threads per core) family 6 model 58 stepping 9, cmov, cx8, fxsr, mmx, sse, sse2, sse3, ssse3, sse4.1, sse4.2, popcnt, avx, aes, clmul, erms, tsc, tscinvbit, tscinv

Memory: 4k page, physical 4055472k(187352k free), swap 6729004k(3268k free)

vm_info: Java HotSpot(TM) 64-Bit Server VM (25.65-b01) for windows-amd64 JRE (1.8.0_65-b17), built on Oct  6 2015 16:39:20 by "java_re" with MS VC++ 10.0 (VS2010)

time: Wed Jul 13 15:15:06 2016
elapsed time: 13 seconds (0d 0h 0m 13s)

