#
# There is insufficient memory for the Java Runtime Environment to continue.
# Native memory allocation (malloc) failed to allocate 373056 bytes for Chunk::new
# Possible reasons:
#   The system is out of physical RAM or swap space
#   In 32 bit mode, the process size limit was hit
# Possible solutions:
#   Reduce memory load on the system
#   Increase physical memory or swap space
#   Check if swap backing store is full
#   Use 64 bit Java on a 64 bit OS
#   Decrease Java heap size (-Xmx/-Xms)
#   Decrease number of Java threads
#   Decrease Java thread stack sizes (-Xss)
#   Set larger code cache with -XX:ReservedCodeCacheSize=
# This output file may be truncated or incomplete.
#
#  Out of Memory Error (allocation.cpp:390), pid=2912, tid=7468
#
# JRE version: Java(TM) SE Runtime Environment (8.0_65-b17) (build 1.8.0_65-b17)
# Java VM: Java HotSpot(TM) 64-Bit Server VM (25.65-b01 mixed mode windows-amd64 compressed oops)
# Failed to write core dump. Minidumps are not enabled by default on client versions of Windows
#

---------------  T H R E A D  ---------------

Current thread (0x0000000014be0000):  JavaThread "C2 CompilerThread0" daemon [_thread_in_native, id=7468, stack(0x0000000016230000,0x0000000016330000)]

Stack: [0x0000000016230000,0x0000000016330000]
[error occurred during error reporting (printing stack bounds), id 0xc0000005]

Native frames: (J=compiled Java code, j=interpreted, Vv=VM code, C=native code)


Current CompileTask:
C2:    580  626       4       com.android.dx.ssa.NormalSsaInsn::accept (25 bytes)


---------------  P R O C E S S  ---------------

Java Threads: ( => current thread )
  0x00000000166b9800 JavaThread "pool-2-thread-4" [_thread_blocked, id=4184, stack(0x0000000016f30000,0x0000000017030000)]
  0x00000000166b8000 JavaThread "pool-2-thread-3" [_thread_blocked, id=6468, stack(0x0000000016e30000,0x0000000016f30000)]
  0x00000000165e3800 JavaThread "pool-2-thread-2" [_thread_in_Java, id=5220, stack(0x0000000016d30000,0x0000000016e30000)]
  0x0000000016598800 JavaThread "pool-3-thread-1" [_thread_blocked, id=1728, stack(0x0000000016c30000,0x0000000016d30000)]
  0x0000000016597000 JavaThread "pool-2-thread-1" [_thread_blocked, id=9092, stack(0x0000000016b30000,0x0000000016c30000)]
  0x0000000016436000 JavaThread "Service Thread" daemon [_thread_blocked, id=4136, stack(0x0000000016930000,0x0000000016a30000)]
  0x0000000016430800 JavaThread "C1 CompilerThread2" daemon [_thread_in_vm, id=4596, stack(0x0000000016830000,0x0000000016930000)]
  0x0000000014be2800 JavaThread "C2 CompilerThread1" daemon [_thread_blocked, id=8368, stack(0x0000000016330000,0x0000000016430000)]
=>0x0000000014be0000 JavaThread "C2 CompilerThread0" daemon [_thread_in_native, id=7468, stack(0x0000000016230000,0x0000000016330000)]
  0x0000000014bdb800 JavaThread "Attach Listener" daemon [_thread_blocked, id=596, stack(0x0000000016130000,0x0000000016230000)]
  0x0000000014bda800 JavaThread "Signal Dispatcher" daemon [_thread_blocked, id=6356, stack(0x0000000016030000,0x0000000016130000)]
  0x0000000002420800 JavaThread "Finalizer" daemon [_thread_blocked, id=3492, stack(0x0000000015e30000,0x0000000015f30000)]
  0x000000000241d000 JavaThread "Reference Handler" daemon [_thread_blocked, id=212, stack(0x0000000015d30000,0x0000000015e30000)]
  0x000000000250e000 JavaThread "main" [_thread_blocked, id=1736, stack(0x0000000002160000,0x0000000002260000)]

Other Threads:
  0x0000000014ba7800 VMThread [stack: 0x0000000015c30000,0x0000000015d30000] [id=7000]
  0x000000001643c000 WatcherThread [stack: 0x0000000016a30000,0x0000000016b30000] [id=4120]

VM state:not at safepoint (normal execution)

VM Mutex/Monitor currently owned by a thread: None

Heap:
 PSYoungGen      total 18432K, used 13062K [0x00000000eab00000, 0x00000000ebf80000, 0x0000000100000000)
  eden space 15872K, 82% used [0x00000000eab00000,0x00000000eb7c1a90,0x00000000eba80000)
  from space 2560K, 0% used [0x00000000ebd00000,0x00000000ebd00000,0x00000000ebf80000)
  to   space 2560K, 0% used [0x00000000eba80000,0x00000000eba80000,0x00000000ebd00000)
 ParOldGen       total 42496K, used 0K [0x00000000c0000000, 0x00000000c2980000, 0x00000000eab00000)
  object space 42496K, 0% used [0x00000000c0000000,0x00000000c0000000,0x00000000c2980000)
 Metaspace       used 5453K, capacity 6640K, committed 6784K, reserved 1056768K
  class space    used 574K, capacity 616K, committed 640K, reserved 1048576K

Card table byte_map: [0x00000000118d0000,0x0000000011ae0000] byte_map_base: 0x00000000112d0000

Marking Bits: (ParMarkBitMap*) 0x000000005219a5b0
 Begin Bits: [0x0000000012040000, 0x0000000013040000)
 End Bits:   [0x0000000013040000, 0x0000000014040000)

Polling page: 0x0000000000610000

CodeCache: size=245760Kb used=2753Kb max_used=2753Kb free=243006Kb
 bounds [0x0000000002510000, 0x00000000027d0000, 0x0000000011510000]
 total_blobs=903 nmethods=642 adapters=174
 compilation: enabled

Compilation events (10 events):
Event: 0.575 Thread 0x0000000016430800 nmethod 603 0x00000000027b2a50 code [0x00000000027b2ba0, 0x00000000027b2c90]
Event: 0.575 Thread 0x0000000016430800  601       1       com.android.dx.ssa.SsaRenamer$BlockRenamer::access$1000 (5 bytes)
Event: 0.575 Thread 0x0000000016430800 nmethod 601 0x00000000027b2d10 code [0x00000000027b2e60, 0x00000000027b2f50]
Event: 0.575 Thread 0x0000000016430800  643       3       com.android.dx.rop.code.RegisterSpec::getType (10 bytes)
Event: 0.575 Thread 0x0000000016430800 nmethod 643 0x00000000027b2fd0 code [0x00000000027b3140, 0x00000000027b3368]
Event: 0.575 Thread 0x0000000016430800  594       3       com.android.dx.rop.code.SourcePosition::<init> (50 bytes)
Event: 0.575 Thread 0x0000000016430800 nmethod 594 0x00000000027b3410 code [0x00000000027b35a0, 0x00000000027b3958]
Event: 0.575 Thread 0x0000000016430800  645       3       com.android.dx.cf.code.RopperMachine::getSources (264 bytes)
Event: 0.578 Thread 0x0000000016430800 nmethod 645 0x00000000027b3ad0 code [0x00000000027b40e0, 0x00000000027b8a78]
Event: 0.578 Thread 0x0000000016430800  647       3       com.android.dx.cf.code.BaseMachine::storeResults (90 bytes)

GC Heap History (0 events):
No events

Deoptimization events (10 events):
Event: 0.431 Thread 0x0000000016597000 Uncommon trap: reason=class_check action=maybe_recompile pc=0x00000000026ca934 method=com.android.dx.rop.cst.Constant.compareTo(Ljava/lang/Object;)I @ 2
Event: 0.431 Thread 0x0000000016597000 Uncommon trap: reason=class_check action=maybe_recompile pc=0x00000000026ca934 method=com.android.dx.rop.cst.Constant.compareTo(Ljava/lang/Object;)I @ 2
Event: 0.431 Thread 0x0000000016597000 Uncommon trap: reason=unstable_if action=reinterpret pc=0x00000000026cb4dc method=com.android.dx.rop.cst.CstMemberRef.compareTo0(Lcom/android/dx/rop/cst/Constant;)I @ 18
Event: 0.431 Thread 0x0000000016597000 Uncommon trap: reason=unstable_if action=reinterpret pc=0x00000000026d0094 method=com.android.dx.rop.cst.CstMemberRef.compareTo0(Lcom/android/dx/rop/cst/Constant;)I @ 18
Event: 0.435 Thread 0x00000000166b8000 Uncommon trap: reason=speculate_class_check action=maybe_recompile pc=0x00000000026d6bcc method=com.android.dx.rop.cst.Constant.compareTo(Lcom/android/dx/rop/cst/Constant;)I @ 29
Event: 0.435 Thread 0x00000000166b8000 Uncommon trap: reason=speculate_class_check action=maybe_recompile pc=0x00000000026d6bcc method=com.android.dx.rop.cst.Constant.compareTo(Lcom/android/dx/rop/cst/Constant;)I @ 29
Event: 0.435 Thread 0x00000000166b8000 Uncommon trap: reason=speculate_class_check action=maybe_recompile pc=0x00000000026d6bcc method=com.android.dx.rop.cst.Constant.compareTo(Lcom/android/dx/rop/cst/Constant;)I @ 29
Event: 0.435 Thread 0x00000000166b8000 Uncommon trap: reason=speculate_class_check action=maybe_recompile pc=0x00000000026d6bcc method=com.android.dx.rop.cst.Constant.compareTo(Lcom/android/dx/rop/cst/Constant;)I @ 29
Event: 0.545 Thread 0x000000000250e000 Uncommon trap: reason=unstable_if action=reinterpret pc=0x000000000273d934 method=java.util.HashMap.getNode(ILjava/lang/Object;)Ljava/util/HashMap$Node; @ 62
Event: 0.567 Thread 0x00000000166b9800 Uncommon trap: reason=unstable_if action=reinterpret pc=0x00000000026dc70c method=com.android.dx.rop.cst.CstFieldRef.compareTo0(Lcom/android/dx/rop/cst/Constant;)I @ 7

Internal exceptions (2 events):
Event: 0.065 Thread 0x000000000250e000 Exception <a 'java/lang/NoSuchMethodError': Method sun.misc.Unsafe.defineClass(Ljava/lang/String;[BII)Ljava/lang/Class; name or signature does not match> (0x00000000eab130a0) thrown at [C:\workspace\8-2-build-windows-amd64-cygwin\jdk8u65\4987\hotspot\src\sÊ$ÓD6 °?
Event: 0.065 Thread 0x000000000250e000 Exception <a 'java/lang/NoSuchMethodError': Method sun.misc.Unsafe.prefetchRead(Ljava/lang/Object;J)V name or signature does not match> (0x00000000eab13388) thrown at [C:\workspace\8-2-build-windows-amd64-cygwin\jdk8u65\4987\hotspot\src\share\vm\prims\jni.

Events (10 events):
Event: 0.545 Thread 0x000000000250e000 Uncommon trap: trap_request=0xffffff65 fr.pc=0x000000000273d934
Event: 0.545 Thread 0x000000000250e000 DEOPT PACKING pc=0x000000000273d934 sp=0x000000000225dad0
Event: 0.545 Thread 0x000000000250e000 DEOPT UNPACKING pc=0x000000000255582a sp=0x000000000225da48 mode 2
Event: 0.556 loading class com/android/dx/ssa/back/FirstFitLocalCombiningAllocator$Multiset
Event: 0.556 loading class com/android/dx/ssa/back/FirstFitLocalCombiningAllocator$Multiset done
Event: 0.558 loading class java/util/DualPivotQuicksort
Event: 0.558 loading class java/util/DualPivotQuicksort done
Event: 0.567 Thread 0x00000000166b9800 Uncommon trap: trap_request=0xffffff65 fr.pc=0x00000000026dc70c
Event: 0.567 Thread 0x00000000166b9800 DEOPT PACKING pc=0x00000000026dc70c sp=0x000000001702eec0
Event: 0.567 Thread 0x00000000166b9800 DEOPT UNPACKING pc=0x000000000255582a sp=0x000000001702ed78 mode 2


Dynamic libraries:
0x00007ff7a5500000 - 0x00007ff7a5537000 	C:\Program Files\Java\jdk1.8.0_65\bin\java.exe
0x00007fff1db20000 - 0x00007fff1dce1000 	C:\WINDOWS\SYSTEM32\ntdll.dll
0x00007fff1d200000 - 0x00007fff1d2ad000 	C:\WINDOWS\system32\KERNEL32.DLL
0x00007fff1a490000 - 0x00007fff1a678000 	C:\WINDOWS\system32\KERNELBASE.dll
0x00007fff1b080000 - 0x00007fff1b127000 	C:\WINDOWS\system32\ADVAPI32.dll
0x00007fff1d160000 - 0x00007fff1d1fd000 	C:\WINDOWS\system32\msvcrt.dll
0x00007fff1b130000 - 0x00007fff1b18b000 	C:\WINDOWS\system32\sechost.dll
0x00007fff1d6c0000 - 0x00007fff1d7dc000 	C:\WINDOWS\system32\RPCRT4.dll
0x00007fff1d9c0000 - 0x00007fff1db16000 	C:\WINDOWS\system32\USER32.dll
0x00007fff1c970000 - 0x00007fff1caf6000 	C:\WINDOWS\system32\GDI32.dll
0x00007fff11820000 - 0x00007fff11a94000 	C:\WINDOWS\WinSxS\amd64_microsoft.windows.common-controls_6595b64144ccf1df_6.0.10586.494_none_a2d8b04ea53e3145\COMCTL32.dll
0x00007fff1c6f0000 - 0x00007fff1c96d000 	C:\WINDOWS\system32\combase.dll
0x00007fff1a420000 - 0x00007fff1a48a000 	C:\WINDOWS\system32\bcryptPrimitives.dll
0x00007fff1d620000 - 0x00007fff1d65b000 	C:\WINDOWS\system32\IMM32.DLL
0x0000000051430000 - 0x0000000051502000 	C:\Program Files\Java\jdk1.8.0_65\jre\bin\msvcr100.dll
0x0000000051990000 - 0x0000000052219000 	C:\Program Files\Java\jdk1.8.0_65\jre\bin\server\jvm.dll
0x00007fff1d610000 - 0x00007fff1d618000 	C:\WINDOWS\system32\PSAPI.DLL
0x00007fff188f0000 - 0x00007fff188f9000 	C:\WINDOWS\SYSTEM32\WSOCK32.dll
0x00007fff1d5a0000 - 0x00007fff1d60b000 	C:\WINDOWS\system32\WS2_32.dll
0x00007fff18810000 - 0x00007fff18833000 	C:\WINDOWS\SYSTEM32\WINMM.dll
0x00007fff11810000 - 0x00007fff1181a000 	C:\WINDOWS\SYSTEM32\VERSION.dll
0x00007fff18700000 - 0x00007fff1872c000 	C:\WINDOWS\SYSTEM32\WINMMBASE.dll
0x00007fff1ad60000 - 0x00007fff1ada3000 	C:\WINDOWS\system32\cfgmgr32.dll
0x00000000526f0000 - 0x00000000526ff000 	C:\Program Files\Java\jdk1.8.0_65\jre\bin\verify.dll
0x00000000526c0000 - 0x00000000526e9000 	C:\Program Files\Java\jdk1.8.0_65\jre\bin\java.dll
0x0000000051890000 - 0x00000000518a6000 	C:\Program Files\Java\jdk1.8.0_65\jre\bin\zip.dll
0x00007fff1b190000 - 0x00007fff1c6ec000 	C:\WINDOWS\system32\SHELL32.dll
0x00007fff1a680000 - 0x00007fff1acc5000 	C:\WINDOWS\system32\windows.storage.dll
0x00007fff1d100000 - 0x00007fff1d152000 	C:\WINDOWS\system32\shlwapi.dll
0x00007fff1a160000 - 0x00007fff1a16f000 	C:\WINDOWS\system32\kernel.appcore.dll
0x00007fff1adb0000 - 0x00007fff1ae65000 	C:\WINDOWS\system32\shcore.dll
0x00007fff1a180000 - 0x00007fff1a1cb000 	C:\WINDOWS\system32\powrprof.dll
0x00007fff1a140000 - 0x00007fff1a154000 	C:\WINDOWS\system32\profapi.dll

VM Arguments:
jvm_args: -Djava.awt.headless=true -Xmx1024M -Dfile.encoding=windows-1250 -Duser.country=PL -Duser.language=pl -Duser.variant 
java_command: com.android.dx.command.Main --dex --force-jumbo --num-threads=4 --multi-dex --output E:\Android\Projects\AndroidSample\app\build\intermediates\transforms\dex\debug\folders\1000\5\slice_2 E:\Android\Projects\AndroidSample\app\build\intermediates\transforms\instantRunSlicer\debug\folders\1\5\slice_2
java_class_path (initial): E:\Android\SdkComponents\build-tools\23.0.3\lib\dx.jar
Launcher Type: SUN_STANDARD

Environment Variables:
PATH=C:\ProgramData\Oracle\Java\javapath;C:\Program Files (x86)\Intel\iCLS Client\;C:\Program Files\Intel\iCLS Client\;C:\WINDOWS\system32;C:\WINDOWS;C:\WINDOWS\System32\Wbem;C:\WINDOWS\System32\WindowsPowerShell\v1.0\;C:\Program Files\Intel\Intel(R) Management Engine Components\DAL;C:\Program Files\Intel\Intel(R) Management Engine Components\IPT;C:\Program Files (x86)\Intel\Intel(R) Management Engine Components\DAL;C:\Program Files (x86)\Intel\Intel(R) Management Engine Components\IPT;C:\Program Files (x86)\Autodesk\Backburner\;C:\Program Files\Common Files\Autodesk Shared\;C:\Users\Tomasz Szymañski\AppData\Local\atom\bin
USERNAME=Tomasz Szymañski
OS=Windows_NT
PROCESSOR_IDENTIFIER=Intel64 Family 6 Model 58 Stepping 9, GenuineIntel



---------------  S Y S T E M  ---------------

OS: Windows 10.0 , 64 bit Build 10586 (10.0.10586.0)

CPU:total 4 (4 cores per cpu, 1 threads per core) family 6 model 58 stepping 9, cmov, cx8, fxsr, mmx, sse, sse2, sse3, ssse3, sse4.1, sse4.2, popcnt, avx, aes, clmul, erms, tsc, tscinvbit, tscinv

Memory: 4k page, physical 4055472k(161940k free), swap 6729004k(4288k free)

vm_info: Java HotSpot(TM) 64-Bit Server VM (25.65-b01) for windows-amd64 JRE (1.8.0_65-b17), built on Oct  6 2015 16:39:20 by "java_re" with MS VC++ 10.0 (VS2010)

time: Thu Jul 14 16:18:45 2016
elapsed time: 0 seconds (0d 0h 0m 0s)

