#
# There is insufficient memory for the Java Runtime Environment to continue.
# Native memory allocation (malloc) failed to allocate 868048 bytes for Chunk::new
# Possible reasons:
#   The system is out of physical RAM or swap space
#   In 32 bit mode, the process size limit was hit
# Possible solutions:
#   Reduce memory load on the system
#   Increase physical memory or swap space
#   Check if swap backing store is full
#   Use 64 bit Java on a 64 bit OS
#   Decrease Java heap size (-Xmx/-Xms)
#   Decrease number of Java threads
#   Decrease Java thread stack sizes (-Xss)
#   Set larger code cache with -XX:ReservedCodeCacheSize=
# This output file may be truncated or incomplete.
#
#  Out of Memory Error (allocation.cpp:390), pid=1652, tid=7412
#
# JRE version: Java(TM) SE Runtime Environment (8.0_65-b17) (build 1.8.0_65-b17)
# Java VM: Java HotSpot(TM) 64-Bit Server VM (25.65-b01 mixed mode windows-amd64 compressed oops)
# Failed to write core dump. Minidumps are not enabled by default on client versions of Windows
#

---------------  T H R E A D  ---------------

Current thread (0x0000000014eb2000):  JavaThread "C2 CompilerThread1" daemon [_thread_in_native, id=7412, stack(0x0000000016600000,0x0000000016700000)]

Stack: [0x0000000016600000,0x0000000016700000]
[error occurred during error reporting (printing stack bounds), id 0xc0000005]

Native frames: (J=compiled Java code, j=interpreted, Vv=VM code, C=native code)


Current CompileTask:
C2:   4433 1700       4       com.android.dx.ssa.SCCP::simulatePhiBlock (50 bytes)


---------------  P R O C E S S  ---------------

Java Threads: ( => current thread )
  0x000000001697f800 JavaThread "pool-2-thread-4" [_thread_blocked, id=1000, stack(0x0000000017200000,0x0000000017300000)]
  0x000000001697e800 JavaThread "pool-2-thread-3" [_thread_blocked, id=8252, stack(0x0000000017100000,0x0000000017200000)]
  0x000000001697d800 JavaThread "pool-2-thread-2" [_thread_in_Java, id=7176, stack(0x0000000017000000,0x0000000017100000)]
  0x000000001697b800 JavaThread "pool-3-thread-1" [_thread_blocked, id=6328, stack(0x0000000016f00000,0x0000000017000000)]
  0x0000000016959800 JavaThread "pool-2-thread-1" [_thread_blocked, id=524, stack(0x0000000016e00000,0x0000000016f00000)]
  0x0000000016709800 JavaThread "Service Thread" daemon [_thread_blocked, id=9032, stack(0x0000000016c00000,0x0000000016d00000)]
  0x0000000016708800 JavaThread "C1 CompilerThread2" daemon [_thread_blocked, id=5844, stack(0x0000000016b00000,0x0000000016c00000)]
=>0x0000000014eb2000 JavaThread "C2 CompilerThread1" daemon [_thread_in_native, id=7412, stack(0x0000000016600000,0x0000000016700000)]
  0x0000000014eaf000 JavaThread "C2 CompilerThread0" daemon [_thread_in_native, id=8328, stack(0x0000000016500000,0x0000000016600000)]
  0x0000000014eab000 JavaThread "Attach Listener" daemon [_thread_blocked, id=5988, stack(0x0000000016400000,0x0000000016500000)]
  0x0000000014ea9800 JavaThread "Signal Dispatcher" daemon [_thread_blocked, id=6240, stack(0x0000000016300000,0x0000000016400000)]
  0x00000000027d6000 JavaThread "Finalizer" daemon [_thread_blocked, id=8060, stack(0x0000000016100000,0x0000000016200000)]
  0x00000000027cd000 JavaThread "Reference Handler" daemon [_thread_blocked, id=1600, stack(0x0000000016000000,0x0000000016100000)]
  0x00000000026de000 JavaThread "main" [_thread_blocked, id=5740, stack(0x0000000000ce0000,0x0000000000de0000)]

Other Threads:
  0x0000000014e77800 VMThread [stack: 0x0000000015f00000,0x0000000016000000] [id=2916]
  0x000000001671a000 WatcherThread [stack: 0x0000000016d00000,0x0000000016e00000] [id=3592]

VM state:not at safepoint (normal execution)

VM Mutex/Monitor currently owned by a thread: None

Heap:
 PSYoungGen      total 71168K, used 29852K [0x00000000eab00000, 0x00000000efe00000, 0x0000000100000000)
  eden space 61952K, 35% used [0x00000000eab00000,0x00000000ec05d0a0,0x00000000ee780000)
  from space 9216K, 86% used [0x00000000ef200000,0x00000000ef9ca2e0,0x00000000efb00000)
  to   space 10752K, 0% used [0x00000000ee780000,0x00000000ee780000,0x00000000ef200000)
 ParOldGen       total 42496K, used 12027K [0x00000000c0000000, 0x00000000c2980000, 0x00000000eab00000)
  object space 42496K, 28% used [0x00000000c0000000,0x00000000c0bbefd8,0x00000000c2980000)
 Metaspace       used 6290K, capacity 7152K, committed 7296K, reserved 1056768K
  class space    used 604K, capacity 616K, committed 640K, reserved 1048576K

Card table byte_map: [0x0000000011ba0000,0x0000000011db0000] byte_map_base: 0x00000000115a0000

Marking Bits: (ParMarkBitMap*) 0x000000007065a5b0
 Begin Bits: [0x0000000012310000, 0x0000000013310000)
 End Bits:   [0x0000000013310000, 0x0000000014310000)

Polling page: 0x0000000000ac0000

CodeCache: size=245760Kb used=7096Kb max_used=7096Kb free=238663Kb
 bounds [0x00000000027e0000, 0x0000000002ee0000, 0x00000000117e0000]
 total_blobs=1999 nmethods=1730 adapters=182
 compilation: enabled

Compilation events (10 events):
Event: 4.401 Thread 0x0000000016708800 1751       2       com.android.dx.cf.direct.DirectClassFile::getFields (9 bytes)
Event: 4.402 Thread 0x0000000016708800 nmethod 1751 0x0000000002ed2d10 code [0x0000000002ed2e80, 0x0000000002ed3008]
Event: 4.402 Thread 0x0000000016708800 1752       2       com.android.dx.cf.iface.StdField::getConstantValue (28 bytes)
Event: 4.402 Thread 0x0000000016708800 nmethod 1752 0x0000000002ed30d0 code [0x0000000002ed3240, 0x0000000002ed3448]
Event: 4.402 Thread 0x0000000016708800 1753       2       com.android.dx.dex.file.ClassDefItem::addStaticField (10 bytes)
Event: 4.402 Thread 0x0000000016708800 nmethod 1753 0x0000000002ed3590 code [0x0000000002ed3700, 0x0000000002ed3868]
Event: 4.402 Thread 0x0000000016708800 1754       2       com.android.dx.dex.file.EncodedField::hashCode (8 bytes)
Event: 4.402 Thread 0x0000000016708800 nmethod 1754 0x0000000002ed3950 code [0x0000000002ed3ae0, 0x0000000002ed3d08]
Event: 4.410 Thread 0x0000000016708800 1755       2       java.util.concurrent.locks.LockSupport::setBlocker (12 bytes)
Event: 4.410 Thread 0x0000000016708800 nmethod 1755 0x0000000002ed4050 code [0x0000000002ed41a0, 0x0000000002ed42f0]

GC Heap History (10 events):
Event: 3.305 GC heap before
{Heap before GC invocations=2 (full 0):
 PSYoungGen      total 18432K, used 16701K [0x00000000eab00000, 0x00000000ebf80000, 0x0000000100000000)
  eden space 15872K, 100% used [0x00000000eab00000,0x00000000eba80000,0x00000000eba80000)
  from space 2560K, 32% used [0x00000000eba80000,0x00000000ebb4f640,0x00000000ebd00000)
  to   space 2560K, 0% used [0x00000000ebd00000,0x00000000ebd00000,0x00000000ebf80000)
 ParOldGen       total 42496K, used 0K [0x00000000c0000000, 0x00000000c2980000, 0x00000000eab00000)
  object space 42496K, 0% used [0x00000000c0000000,0x00000000c0000000,0x00000000c2980000)
 Metaspace       used 5856K, capacity 6768K, committed 7040K, reserved 1056768K
  class space    used 601K, capacity 616K, committed 640K, reserved 1048576K
Event: 3.312 GC heap after
Heap after GC invocations=2 (full 0):
 PSYoungGen      total 18432K, used 2554K [0x00000000eab00000, 0x00000000ebf80000, 0x0000000100000000)
  eden space 15872K, 0% used [0x00000000eab00000,0x00000000eab00000,0x00000000eba80000)
  from space 2560K, 99% used [0x00000000ebd00000,0x00000000ebf7ea68,0x00000000ebf80000)
  to   space 2560K, 0% used [0x00000000eba80000,0x00000000eba80000,0x00000000ebd00000)
 ParOldGen       total 42496K, used 1970K [0x00000000c0000000, 0x00000000c2980000, 0x00000000eab00000)
  object space 42496K, 4% used [0x00000000c0000000,0x00000000c01eca38,0x00000000c2980000)
 Metaspace       used 5856K, capacity 6768K, committed 7040K, reserved 1056768K
  class space    used 601K, capacity 616K, committed 640K, reserved 1048576K
}
Event: 3.553 GC heap before
{Heap before GC invocations=3 (full 0):
 PSYoungGen      total 18432K, used 18426K [0x00000000eab00000, 0x00000000ebf80000, 0x0000000100000000)
  eden space 15872K, 100% used [0x00000000eab00000,0x00000000eba80000,0x00000000eba80000)
  from space 2560K, 99% used [0x00000000ebd00000,0x00000000ebf7ea68,0x00000000ebf80000)
  to   space 2560K, 0% used [0x00000000eba80000,0x00000000eba80000,0x00000000ebd00000)
 ParOldGen       total 42496K, used 1970K [0x00000000c0000000, 0x00000000c2980000, 0x00000000eab00000)
  object space 42496K, 4% used [0x00000000c0000000,0x00000000c01eca38,0x00000000c2980000)
 Metaspace       used 6131K, capacity 7024K, committed 7296K, reserved 1056768K
  class space    used 603K, capacity 616K, committed 640K, reserved 1048576K
Event: 3.561 GC heap after
Heap after GC invocations=3 (full 0):
 PSYoungGen      total 18432K, used 2531K [0x00000000eab00000, 0x00000000ecf00000, 0x0000000100000000)
  eden space 15872K, 0% used [0x00000000eab00000,0x00000000eab00000,0x00000000eba80000)
  from space 2560K, 98% used [0x00000000eba80000,0x00000000ebcf8c70,0x00000000ebd00000)
  to   space 2560K, 0% used [0x00000000ecc80000,0x00000000ecc80000,0x00000000ecf00000)
 ParOldGen       total 42496K, used 4738K [0x00000000c0000000, 0x00000000c2980000, 0x00000000eab00000)
  object space 42496K, 11% used [0x00000000c0000000,0x00000000c04a0800,0x00000000c2980000)
 Metaspace       used 6131K, capacity 7024K, committed 7296K, reserved 1056768K
  class space    used 603K, capacity 616K, committed 640K, reserved 1048576K
}
Event: 3.666 GC heap before
{Heap before GC invocations=4 (full 0):
 PSYoungGen      total 18432K, used 18403K [0x00000000eab00000, 0x00000000ecf00000, 0x0000000100000000)
  eden space 15872K, 100% used [0x00000000eab00000,0x00000000eba80000,0x00000000eba80000)
  from space 2560K, 98% used [0x00000000eba80000,0x00000000ebcf8c70,0x00000000ebd00000)
  to   space 2560K, 0% used [0x00000000ecc80000,0x00000000ecc80000,0x00000000ecf00000)
 ParOldGen       total 42496K, used 4738K [0x00000000c0000000, 0x00000000c2980000, 0x00000000eab00000)
  object space 42496K, 11% used [0x00000000c0000000,0x00000000c04a0800,0x00000000c2980000)
 Metaspace       used 6165K, capacity 7024K, committed 7296K, reserved 1056768K
  class space    used 603K, capacity 616K, committed 640K, reserved 1048576K
Event: 3.682 GC heap after
Heap after GC invocations=4 (full 0):
 PSYoungGen      total 34304K, used 2530K [0x00000000eab00000, 0x00000000ecf00000, 0x0000000100000000)
  eden space 31744K, 0% used [0x00000000eab00000,0x00000000eab00000,0x00000000eca00000)
  from space 2560K, 98% used [0x00000000ecc80000,0x00000000ecef8910,0x00000000ecf00000)
  to   space 2560K, 0% used [0x00000000eca00000,0x00000000eca00000,0x00000000ecc80000)
 ParOldGen       total 42496K, used 7280K [0x00000000c0000000, 0x00000000c2980000, 0x00000000eab00000)
  object space 42496K, 17% used [0x00000000c0000000,0x00000000c071c270,0x00000000c2980000)
 Metaspace       used 6165K, capacity 7024K, committed 7296K, reserved 1056768K
  class space    used 603K, capacity 616K, committed 640K, reserved 1048576K
}
Event: 3.907 GC heap before
{Heap before GC invocations=5 (full 0):
 PSYoungGen      total 34304K, used 34274K [0x00000000eab00000, 0x00000000ecf00000, 0x0000000100000000)
  eden space 31744K, 100% used [0x00000000eab00000,0x00000000eca00000,0x00000000eca00000)
  from space 2560K, 98% used [0x00000000ecc80000,0x00000000ecef8910,0x00000000ecf00000)
  to   space 2560K, 0% used [0x00000000eca00000,0x00000000eca00000,0x00000000ecc80000)
 ParOldGen       total 42496K, used 7280K [0x00000000c0000000, 0x00000000c2980000, 0x00000000eab00000)
  object space 42496K, 17% used [0x00000000c0000000,0x00000000c071c270,0x00000000c2980000)
 Metaspace       used 6229K, capacity 7088K, committed 7296K, reserved 1056768K
  class space    used 604K, capacity 616K, committed 640K, reserved 1048576K
Event: 3.919 GC heap after
Heap after GC invocations=5 (full 0):
 PSYoungGen      total 34304K, used 2536K [0x00000000eab00000, 0x00000000efb00000, 0x0000000100000000)
  eden space 31744K, 0% used [0x00000000eab00000,0x00000000eab00000,0x00000000eca00000)
  from space 2560K, 99% used [0x00000000eca00000,0x00000000ecc7a138,0x00000000ecc80000)
  to   space 9216K, 0% used [0x00000000ef200000,0x00000000ef200000,0x00000000efb00000)
 ParOldGen       total 42496K, used 12027K [0x00000000c0000000, 0x00000000c2980000, 0x00000000eab00000)
  object space 42496K, 28% used [0x00000000c0000000,0x00000000c0bbefd8,0x00000000c2980000)
 Metaspace       used 6229K, capacity 7088K, committed 7296K, reserved 1056768K
  class space    used 604K, capacity 616K, committed 640K, reserved 1048576K
}
Event: 4.140 GC heap before
{Heap before GC invocations=6 (full 0):
 PSYoungGen      total 34304K, used 34280K [0x00000000eab00000, 0x00000000efb00000, 0x0000000100000000)
  eden space 31744K, 100% used [0x00000000eab00000,0x00000000eca00000,0x00000000eca00000)
  from space 2560K, 99% used [0x00000000eca00000,0x00000000ecc7a138,0x00000000ecc80000)
  to   space 9216K, 0% used [0x00000000ef200000,0x00000000ef200000,0x00000000efb00000)
 ParOldGen       total 42496K, used 12027K [0x00000000c0000000, 0x00000000c2980000, 0x00000000eab00000)
  object space 42496K, 28% used [0x00000000c0000000,0x00000000c0bbefd8,0x00000000c2980000)
 Metaspace       used 6259K, capacity 7152K, committed 7296K, reserved 1056768K
  class space    used 604K, capacity 616K, committed 640K, reserved 1048576K
Event: 4.177 GC heap after
Heap after GC invocations=6 (full 0):
 PSYoungGen      total 71168K, used 7976K [0x00000000eab00000, 0x00000000efe00000, 0x0000000100000000)
  eden space 61952K, 0% used [0x00000000eab00000,0x00000000eab00000,0x00000000ee780000)
  from space 9216K, 86% used [0x00000000ef200000,0x00000000ef9ca2e0,0x00000000efb00000)
  to   space 10752K, 0% used [0x00000000ee780000,0x00000000ee780000,0x00000000ef200000)
 ParOldGen       total 42496K, used 12027K [0x00000000c0000000, 0x00000000c2980000, 0x00000000eab00000)
  object space 42496K, 28% used [0x00000000c0000000,0x00000000c0bbefd8,0x00000000c2980000)
 Metaspace       used 6259K, capacity 7152K, committed 7296K, reserved 1056768K
  class space    used 604K, capacity 616K, committed 640K, reserved 1048576K
}

Deoptimization events (10 events):
Event: 3.844 Thread 0x000000001697e800 Uncommon trap: reason=class_check action=maybe_recompile pc=0x0000000002ba7644 method=java.util.HashMap.putVal(ILjava/lang/Object;Ljava/lang/Object;ZZ)Ljava/lang/Object; @ 203
Event: 3.844 Thread 0x000000001697e800 Uncommon trap: reason=bimorphic action=maybe_recompile pc=0x0000000002c5b1b0 method=java.util.HashMap.getNode(ILjava/lang/Object;)Ljava/util/HashMap$Node; @ 126
Event: 3.844 Thread 0x000000001697e800 Uncommon trap: reason=bimorphic action=maybe_recompile pc=0x0000000002c5b1b0 method=java.util.HashMap.getNode(ILjava/lang/Object;)Ljava/util/HashMap$Node; @ 126
Event: 3.844 Thread 0x000000001697e800 Uncommon trap: reason=class_check action=maybe_recompile pc=0x0000000002ba7644 method=java.util.HashMap.putVal(ILjava/lang/Object;Ljava/lang/Object;ZZ)Ljava/lang/Object; @ 203
Event: 3.844 Thread 0x000000001697e800 Uncommon trap: reason=bimorphic action=maybe_recompile pc=0x0000000002d78ee8 method=java.util.HashMap.getNode(ILjava/lang/Object;)Ljava/util/HashMap$Node; @ 126
Event: 3.898 Thread 0x00000000026de000 Uncommon trap: reason=unstable_if action=reinterpret pc=0x0000000002c683dc method=com.android.dx.ssa.SsaMethod.updateOneDefinition(Lcom/android/dx/ssa/SsaInsn;Lcom/android/dx/rop/code/RegisterSpec;)V @ 4
Event: 3.924 Thread 0x0000000016959800 Uncommon trap: reason=unstable_if action=reinterpret pc=0x0000000002e33110 method=com.android.dx.rop.code.RegisterSpecSet.put(Lcom/android/dx/rop/code/RegisterSpec;)V @ 77
Event: 4.077 Thread 0x000000001697d800 Uncommon trap: reason=unstable_if action=reinterpret pc=0x0000000002c5d73c method=com.android.dx.util.IntList.binarysearch(I)I @ 105
Event: 4.196 Thread 0x000000001697d800 Uncommon trap: reason=bimorphic action=maybe_recompile pc=0x0000000002e1d868 method=com.android.dx.cf.code.BytecodeArray.parseInstruction(ILcom/android/dx/cf/code/BytecodeArray$Visitor;)I @ 1501
Event: 4.199 Thread 0x000000001697d800 Uncommon trap: reason=bimorphic action=maybe_recompile pc=0x0000000002e1d868 method=com.android.dx.cf.code.BytecodeArray.parseInstruction(ILcom/android/dx/cf/code/BytecodeArray$Visitor;)I @ 1501

Internal exceptions (3 events):
Event: 0.577 Thread 0x00000000026de000 Exception <a 'java/lang/NoSuchMethodError': Method sun.misc.Unsafe.defineClass(Ljava/lang/String;[BII)Ljava/lang/Class; name or signature does not match> (0x00000000eab13018) thrown at [C:\workspace\8-2-build-windows-amd64-cygwin\jdk8u65\4987\hotspot\src\sZpB»Hzâ?
Event: 0.577 Thread 0x00000000026de000 Exception <a 'java/lang/NoSuchMethodError': Method sun.misc.Unsafe.prefetchRead(Ljava/lang/Object;J)V name or signature does not match> (0x00000000eab13300) thrown at [C:\workspace\8-2-build-windows-amd64-cygwin\jdk8u65\4987\hotspot\src\share\vm\prims\jni.Oõ~-Ô¤
@
Event: 3.330 Thread 0x000000001697f800 Implicit null exception at 0x0000000002b1a8e2 to 0x0000000002b1a9e1

Events (10 events):
Event: 4.121 Executing VM operation: ParallelGCFailedAllocation
Event: 4.177 Executing VM operation: ParallelGCFailedAllocation done
Event: 4.196 Thread 0x000000001697d800 Uncommon trap: trap_request=0xffffffc6 fr.pc=0x0000000002e1d868
Event: 4.196 Thread 0x000000001697d800 DEOPT PACKING pc=0x0000000002e1d868 sp=0x00000000170fe530
Event: 4.196 Thread 0x000000001697d800 DEOPT UNPACKING pc=0x000000000282582a sp=0x00000000170fe4b0 mode 2
Event: 4.199 Thread 0x000000001697d800 Uncommon trap: trap_request=0xffffffc6 fr.pc=0x0000000002e1d868
Event: 4.200 Thread 0x000000001697d800 DEOPT PACKING pc=0x0000000002e1d868 sp=0x00000000170fe390
Event: 4.200 Thread 0x000000001697d800 DEOPT UNPACKING pc=0x000000000282582a sp=0x00000000170fe310 mode 2
Event: 4.356 Thread 0x00000000026de000 DEOPT PACKING pc=0x0000000002e778e1 sp=0x0000000000dde580
Event: 4.356 Thread 0x00000000026de000 DEOPT UNPACKING pc=0x000000000282787f sp=0x0000000000dde340 mode 0


Dynamic libraries:
0x00007ff707b00000 - 0x00007ff707b37000 	C:\Program Files\Java\jdk1.8.0_65\bin\java.exe
0x00007ffc38010000 - 0x00007ffc381d1000 	C:\WINDOWS\SYSTEM32\ntdll.dll
0x00007ffc35780000 - 0x00007ffc3582d000 	C:\WINDOWS\system32\KERNEL32.DLL
0x00007ffc35220000 - 0x00007ffc35408000 	C:\WINDOWS\system32\KERNELBASE.dll
0x00007ffc37970000 - 0x00007ffc37a17000 	C:\WINDOWS\system32\ADVAPI32.dll
0x00007ffc356e0000 - 0x00007ffc3577d000 	C:\WINDOWS\system32\msvcrt.dll
0x00007ffc37590000 - 0x00007ffc375eb000 	C:\WINDOWS\system32\sechost.dll
0x00007ffc375f0000 - 0x00007ffc3770c000 	C:\WINDOWS\system32\RPCRT4.dll
0x00007ffc37a20000 - 0x00007ffc37b76000 	C:\WINDOWS\system32\USER32.dll
0x00007ffc35a00000 - 0x00007ffc35b86000 	C:\WINDOWS\system32\GDI32.dll
0x00007ffc2bf00000 - 0x00007ffc2c174000 	C:\WINDOWS\WinSxS\amd64_microsoft.windows.common-controls_6595b64144ccf1df_6.0.10586.0_none_8c15ae12515e1c22\COMCTL32.dll
0x00007ffc37310000 - 0x00007ffc3758d000 	C:\WINDOWS\system32\combase.dll
0x00007ffc34a80000 - 0x00007ffc34aea000 	C:\WINDOWS\system32\bcryptPrimitives.dll
0x00007ffc378c0000 - 0x00007ffc378fb000 	C:\WINDOWS\system32\IMM32.DLL
0x000000006fd70000 - 0x000000006fe42000 	C:\Program Files\Java\jdk1.8.0_65\jre\bin\msvcr100.dll
0x000000006fe50000 - 0x00000000706d9000 	C:\Program Files\Java\jdk1.8.0_65\jre\bin\server\jvm.dll
0x00007ffc35830000 - 0x00007ffc35838000 	C:\WINDOWS\system32\PSAPI.DLL
0x00007ffc32cd0000 - 0x00007ffc32cd9000 	C:\WINDOWS\SYSTEM32\WSOCK32.dll
0x00007ffc37900000 - 0x00007ffc3796b000 	C:\WINDOWS\system32\WS2_32.dll
0x00007ffc32a60000 - 0x00007ffc32a83000 	C:\WINDOWS\SYSTEM32\WINMM.dll
0x00007ffc31520000 - 0x00007ffc3152a000 	C:\WINDOWS\SYSTEM32\VERSION.dll
0x00007ffc32910000 - 0x00007ffc3293c000 	C:\WINDOWS\SYSTEM32\WINMMBASE.dll
0x00007ffc34770000 - 0x00007ffc347b3000 	C:\WINDOWS\system32\cfgmgr32.dll
0x0000000070d60000 - 0x0000000070d6f000 	C:\Program Files\Java\jdk1.8.0_65\jre\bin\verify.dll
0x0000000070d30000 - 0x0000000070d59000 	C:\Program Files\Java\jdk1.8.0_65\jre\bin\java.dll
0x0000000070d10000 - 0x0000000070d26000 	C:\Program Files\Java\jdk1.8.0_65\jre\bin\zip.dll
0x00007ffc35c40000 - 0x00007ffc3719c000 	C:\WINDOWS\system32\SHELL32.dll
0x00007ffc34af0000 - 0x00007ffc35134000 	C:\WINDOWS\system32\windows.storage.dll
0x00007ffc35840000 - 0x00007ffc35892000 	C:\WINDOWS\system32\shlwapi.dll
0x00007ffc34660000 - 0x00007ffc3466f000 	C:\WINDOWS\system32\kernel.appcore.dll
0x00007ffc35140000 - 0x00007ffc351f5000 	C:\WINDOWS\system32\shcore.dll
0x00007ffc34670000 - 0x00007ffc346bb000 	C:\WINDOWS\system32\powrprof.dll
0x00007ffc34640000 - 0x00007ffc34654000 	C:\WINDOWS\system32\profapi.dll

VM Arguments:
jvm_args: -Djava.awt.headless=true -Xmx1024M -Dfile.encoding=windows-1250 -Duser.country=PL -Duser.language=pl -Duser.variant 
java_command: com.android.dx.command.Main --dex --force-jumbo --num-threads=4 --multi-dex --output E:\Android\Projects\AndroidSample\app\build\intermediates\transforms\dex\debug\folders\1000\10\com.android.support-support-v4-24.0.0_99654087946314a09f776f058c81bb7e0fef44aa E:\Android\Projects\AndroidSample\app\build\intermediates\exploded-aar\com.android.support\support-v4\24.0.0\jars\classes.jar
java_class_path (initial): E:\Android\SdkComponents\build-tools\23.0.3\lib\dx.jar
Launcher Type: SUN_STANDARD

Environment Variables:
PATH=C:\ProgramData\Oracle\Java\javapath;C:\Program Files (x86)\Intel\iCLS Client\;C:\Program Files\Intel\iCLS Client\;C:\WINDOWS\system32;C:\WINDOWS;C:\WINDOWS\System32\Wbem;C:\WINDOWS\System32\WindowsPowerShell\v1.0\;C:\Program Files\Intel\Intel(R) Management Engine Components\DAL;C:\Program Files\Intel\Intel(R) Management Engine Components\IPT;C:\Program Files (x86)\Intel\Intel(R) Management Engine Components\DAL;C:\Program Files (x86)\Intel\Intel(R) Management Engine Components\IPT;C:\Program Files (x86)\Autodesk\Backburner\;C:\Program Files\Common Files\Autodesk Shared\;C:\Users\Tomasz Szymañski\AppData\Local\atom\bin
USERNAME=Tomasz Szymañski
OS=Windows_NT
PROCESSOR_IDENTIFIER=Intel64 Family 6 Model 58 Stepping 9, GenuineIntel



---------------  S Y S T E M  ---------------

OS: Windows 10.0 , 64 bit Build 10586 (10.0.10586.0)

CPU:total 4 (4 cores per cpu, 1 threads per core) family 6 model 58 stepping 9, cmov, cx8, fxsr, mmx, sse, sse2, sse3, ssse3, sse4.1, sse4.2, popcnt, avx, aes, clmul, erms, tsc, tscinvbit, tscinv

Memory: 4k page, physical 4055472k(318304k free), swap 6729004k(5600k free)

vm_info: Java HotSpot(TM) 64-Bit Server VM (25.65-b01) for windows-amd64 JRE (1.8.0_65-b17), built on Oct  6 2015 16:39:20 by "java_re" with MS VC++ 10.0 (VS2010)

time: Wed Jul 06 16:01:55 2016
elapsed time: 4 seconds (0d 0h 0m 4s)

