#
# There is insufficient memory for the Java Runtime Environment to continue.
# Native memory allocation (malloc) failed to allocate 398256 bytes for Chunk::new
# Possible reasons:
#   The system is out of physical RAM or swap space
#   In 32 bit mode, the process size limit was hit
# Possible solutions:
#   Reduce memory load on the system
#   Increase physical memory or swap space
#   Check if swap backing store is full
#   Use 64 bit Java on a 64 bit OS
#   Decrease Java heap size (-Xmx/-Xms)
#   Decrease number of Java threads
#   Decrease Java thread stack sizes (-Xss)
#   Set larger code cache with -XX:ReservedCodeCacheSize=
# This output file may be truncated or incomplete.
#
#  Out of Memory Error (allocation.cpp:390), pid=6544, tid=4300
#
# JRE version: Java(TM) SE Runtime Environment (8.0_65-b17) (build 1.8.0_65-b17)
# Java VM: Java HotSpot(TM) 64-Bit Server VM (25.65-b01 mixed mode windows-amd64 compressed oops)
# Failed to write core dump. Minidumps are not enabled by default on client versions of Windows
#

---------------  T H R E A D  ---------------

Current thread (0x00000000156df000):  JavaThread "C2 CompilerThread0" daemon [_thread_in_native, id=4300, stack(0x0000000016d50000,0x0000000016e50000)]

Stack: [0x0000000016d50000,0x0000000016e50000]
[error occurred during error reporting (printing stack bounds), id 0xc0000005]

Native frames: (J=compiled Java code, j=interpreted, Vv=VM code, C=native code)


Current CompileTask:
C2:   4228 1879   !   4       com.android.dx.rop.type.Type::intern (319 bytes)


---------------  P R O C E S S  ---------------

Java Threads: ( => current thread )
  0x00000000172bd000 JavaThread "pool-2-thread-4" [_thread_blocked, id=8828, stack(0x0000000017a50000,0x0000000017b50000)]
  0x00000000172bc800 JavaThread "pool-2-thread-3" [_thread_blocked, id=8012, stack(0x0000000017950000,0x0000000017a50000)]
  0x00000000172dc800 JavaThread "pool-2-thread-2" [_thread_blocked, id=6284, stack(0x0000000017850000,0x0000000017950000)]
  0x00000000172dc000 JavaThread "pool-3-thread-1" [_thread_blocked, id=6072, stack(0x0000000017750000,0x0000000017850000)]
  0x00000000172db000 JavaThread "pool-2-thread-1" [_thread_blocked, id=3160, stack(0x0000000017650000,0x0000000017750000)]
  0x0000000017053000 JavaThread "Service Thread" daemon [_thread_blocked, id=5600, stack(0x0000000017450000,0x0000000017550000)]
  0x000000001573e000 JavaThread "C1 CompilerThread2" daemon [_thread_blocked, id=8628, stack(0x0000000016f50000,0x0000000017050000)]
  0x00000000156e2000 JavaThread "C2 CompilerThread1" daemon [_thread_in_native, id=4664, stack(0x0000000016e50000,0x0000000016f50000)]
=>0x00000000156df000 JavaThread "C2 CompilerThread0" daemon [_thread_in_native, id=4300, stack(0x0000000016d50000,0x0000000016e50000)]
  0x00000000156db000 JavaThread "Attach Listener" daemon [_thread_blocked, id=8692, stack(0x0000000016c50000,0x0000000016d50000)]
  0x00000000156d9800 JavaThread "Signal Dispatcher" daemon [_thread_blocked, id=3472, stack(0x0000000016b50000,0x0000000016c50000)]
  0x0000000002fd0800 JavaThread "Finalizer" daemon [_thread_blocked, id=8740, stack(0x0000000016940000,0x0000000016a40000)]
  0x0000000002fcd000 JavaThread "Reference Handler" daemon [_thread_blocked, id=6940, stack(0x0000000016840000,0x0000000016940000)]
  0x00000000014fe000 JavaThread "main" [_thread_blocked, id=7032, stack(0x0000000002ce0000,0x0000000002de0000)]

Other Threads:
  0x00000000156a7800 VMThread [stack: 0x0000000016740000,0x0000000016840000] [id=5784]
  0x000000001705b000 WatcherThread [stack: 0x0000000017550000,0x0000000017650000] [id=2548]

VM state:not at safepoint (normal execution)

VM Mutex/Monitor currently owned by a thread: None

Heap:
 PSYoungGen      total 71168K, used 29767K [0x00000000eab00000, 0x00000000efb00000, 0x0000000100000000)
  eden space 61952K, 33% used [0x00000000eab00000,0x00000000ebf126f8,0x00000000ee780000)
  from space 9216K, 99% used [0x00000000ee780000,0x00000000ef07f7b8,0x00000000ef080000)
  to   space 7680K, 0% used [0x00000000ef080000,0x00000000ef080000,0x00000000ef800000)
 ParOldGen       total 42496K, used 20534K [0x00000000c0000000, 0x00000000c2980000, 0x00000000eab00000)
  object space 42496K, 48% used [0x00000000c0000000,0x00000000c140dbc0,0x00000000c2980000)
 Metaspace       used 6397K, capacity 7192K, committed 7424K, reserved 1056768K
  class space    used 623K, capacity 656K, committed 768K, reserved 1048576K

Card table byte_map: [0x00000000123b0000,0x00000000125c0000] byte_map_base: 0x0000000011db0000

Marking Bits: (ParMarkBitMap*) 0x000000007065a5b0
 Begin Bits: [0x0000000012b20000, 0x0000000013b20000)
 End Bits:   [0x0000000013b20000, 0x0000000014b20000)

Polling page: 0x0000000001590000

CodeCache: size=245760Kb used=7715Kb max_used=7742Kb free=238044Kb
 bounds [0x0000000002ff0000, 0x0000000003790000, 0x0000000011ff0000]
 total_blobs=2096 nmethods=1826 adapters=182
 compilation: enabled

Compilation events (10 events):
Event: 4.073 Thread 0x000000001573e000 nmethod 1867 0x0000000003757cd0 code [0x0000000003759400, 0x0000000003769b48]
Event: 4.100 Thread 0x00000000156df000 1868       4       java.util.TreeMap$PrivateEntryIterator::nextEntry (54 bytes)
Event: 4.103 Thread 0x00000000156df000 nmethod 1868 0x000000000370ae90 code [0x000000000370afe0, 0x000000000370b118]
Event: 4.103 Thread 0x00000000156df000 1872       4       com.android.dx.cf.code.RopperMachine::getSources (264 bytes)
Event: 4.108 Thread 0x000000001573e000 1874       3       java.util.HashMap::getNode (148 bytes)
Event: 4.109 Thread 0x000000001573e000 nmethod 1874 0x000000000373dfd0 code [0x000000000373e1c0, 0x000000000373ee28]
Event: 4.209 Thread 0x00000000156df000 nmethod 1872 0x0000000003780c90 code [0x0000000003781180, 0x0000000003785360]
Event: 4.210 Thread 0x00000000156df000 1878       4       com.android.dx.util.IntList::binarysearch (124 bytes)
Event: 4.212 Thread 0x00000000156df000 nmethod 1878 0x0000000003733850 code [0x00000000037339a0, 0x0000000003733b58]
Event: 4.212 Thread 0x00000000156df000 1879   !   4       com.android.dx.rop.type.Type::intern (319 bytes)

GC Heap History (10 events):
Event: 2.284 GC heap before
{Heap before GC invocations=3 (full 0):
 PSYoungGen      total 18432K, used 18417K [0x00000000eab00000, 0x00000000ecf00000, 0x0000000100000000)
  eden space 15872K, 100% used [0x00000000eab00000,0x00000000eba80000,0x00000000eba80000)
  from space 2560K, 99% used [0x00000000ebd00000,0x00000000ebf7c778,0x00000000ebf80000)
  to   space 2560K, 0% used [0x00000000eba80000,0x00000000eba80000,0x00000000ebd00000)
 ParOldGen       total 42496K, used 2561K [0x00000000c0000000, 0x00000000c2980000, 0x00000000eab00000)
  object space 42496K, 6% used [0x00000000c0000000,0x00000000c02806b8,0x00000000c2980000)
 Metaspace       used 6118K, capacity 7024K, committed 7296K, reserved 1056768K
  class space    used 602K, capacity 616K, committed 640K, reserved 1048576K
Event: 2.294 GC heap after
Heap after GC invocations=3 (full 0):
 PSYoungGen      total 18432K, used 2535K [0x00000000eab00000, 0x00000000ecf00000, 0x0000000100000000)
  eden space 15872K, 0% used [0x00000000eab00000,0x00000000eab00000,0x00000000eba80000)
  from space 2560K, 99% used [0x00000000eba80000,0x00000000ebcf9e18,0x00000000ebd00000)
  to   space 2560K, 0% used [0x00000000ecc80000,0x00000000ecc80000,0x00000000ecf00000)
 ParOldGen       total 42496K, used 5493K [0x00000000c0000000, 0x00000000c2980000, 0x00000000eab00000)
  object space 42496K, 12% used [0x00000000c0000000,0x00000000c055d7c0,0x00000000c2980000)
 Metaspace       used 6118K, capacity 7024K, committed 7296K, reserved 1056768K
  class space    used 602K, capacity 616K, committed 640K, reserved 1048576K
}
Event: 2.372 GC heap before
{Heap before GC invocations=4 (full 0):
 PSYoungGen      total 18432K, used 18407K [0x00000000eab00000, 0x00000000ecf00000, 0x0000000100000000)
  eden space 15872K, 100% used [0x00000000eab00000,0x00000000eba80000,0x00000000eba80000)
  from space 2560K, 99% used [0x00000000eba80000,0x00000000ebcf9e18,0x00000000ebd00000)
  to   space 2560K, 0% used [0x00000000ecc80000,0x00000000ecc80000,0x00000000ecf00000)
 ParOldGen       total 42496K, used 5493K [0x00000000c0000000, 0x00000000c2980000, 0x00000000eab00000)
  object space 42496K, 12% used [0x00000000c0000000,0x00000000c055d7c0,0x00000000c2980000)
 Metaspace       used 6153K, capacity 7024K, committed 7296K, reserved 1056768K
  class space    used 602K, capacity 616K, committed 640K, reserved 1048576K
Event: 2.387 GC heap after
Heap after GC invocations=4 (full 0):
 PSYoungGen      total 34304K, used 2553K [0x00000000eab00000, 0x00000000ecf00000, 0x0000000100000000)
  eden space 31744K, 0% used [0x00000000eab00000,0x00000000eab00000,0x00000000eca00000)
  from space 2560K, 99% used [0x00000000ecc80000,0x00000000ecefe760,0x00000000ecf00000)
  to   space 2560K, 0% used [0x00000000eca00000,0x00000000eca00000,0x00000000ecc80000)
 ParOldGen       total 42496K, used 7708K [0x00000000c0000000, 0x00000000c2980000, 0x00000000eab00000)
  object space 42496K, 18% used [0x00000000c0000000,0x00000000c0787200,0x00000000c2980000)
 Metaspace       used 6153K, capacity 7024K, committed 7296K, reserved 1056768K
  class space    used 602K, capacity 616K, committed 640K, reserved 1048576K
}
Event: 2.759 GC heap before
{Heap before GC invocations=5 (full 0):
 PSYoungGen      total 34304K, used 34297K [0x00000000eab00000, 0x00000000ecf00000, 0x0000000100000000)
  eden space 31744K, 100% used [0x00000000eab00000,0x00000000eca00000,0x00000000eca00000)
  from space 2560K, 99% used [0x00000000ecc80000,0x00000000ecefe760,0x00000000ecf00000)
  to   space 2560K, 0% used [0x00000000eca00000,0x00000000eca00000,0x00000000ecc80000)
 ParOldGen       total 42496K, used 7708K [0x00000000c0000000, 0x00000000c2980000, 0x00000000eab00000)
  object space 42496K, 18% used [0x00000000c0000000,0x00000000c0787200,0x00000000c2980000)
 Metaspace       used 6239K, capacity 7088K, committed 7296K, reserved 1056768K
  class space    used 602K, capacity 616K, committed 640K, reserved 1048576K
Event: 2.778 GC heap after
Heap after GC invocations=5 (full 0):
 PSYoungGen      total 34304K, used 2552K [0x00000000eab00000, 0x00000000ef800000, 0x0000000100000000)
  eden space 31744K, 0% used [0x00000000eab00000,0x00000000eab00000,0x00000000eca00000)
  from space 2560K, 99% used [0x00000000eca00000,0x00000000ecc7e158,0x00000000ecc80000)
  to   space 7680K, 0% used [0x00000000ef080000,0x00000000ef080000,0x00000000ef800000)
 ParOldGen       total 42496K, used 12661K [0x00000000c0000000, 0x00000000c2980000, 0x00000000eab00000)
  object space 42496K, 29% used [0x00000000c0000000,0x00000000c0c5d7a8,0x00000000c2980000)
 Metaspace       used 6239K, capacity 7088K, committed 7296K, reserved 1056768K
  class space    used 602K, capacity 616K, committed 640K, reserved 1048576K
}
Event: 3.073 GC heap before
{Heap before GC invocations=6 (full 0):
 PSYoungGen      total 34304K, used 34296K [0x00000000eab00000, 0x00000000ef800000, 0x0000000100000000)
  eden space 31744K, 100% used [0x00000000eab00000,0x00000000eca00000,0x00000000eca00000)
  from space 2560K, 99% used [0x00000000eca00000,0x00000000ecc7e158,0x00000000ecc80000)
  to   space 7680K, 0% used [0x00000000ef080000,0x00000000ef080000,0x00000000ef800000)
 ParOldGen       total 42496K, used 12661K [0x00000000c0000000, 0x00000000c2980000, 0x00000000eab00000)
  object space 42496K, 29% used [0x00000000c0000000,0x00000000c0c5d7a8,0x00000000c2980000)
 Metaspace       used 6265K, capacity 7152K, committed 7296K, reserved 1056768K
  class space    used 602K, capacity 616K, committed 640K, reserved 1048576K
Event: 3.124 GC heap after
Heap after GC invocations=6 (full 0):
 PSYoungGen      total 69632K, used 7670K [0x00000000eab00000, 0x00000000efb00000, 0x0000000100000000)
  eden space 61952K, 0% used [0x00000000eab00000,0x00000000eab00000,0x00000000ee780000)
  from space 7680K, 99% used [0x00000000ef080000,0x00000000ef7fdbc8,0x00000000ef800000)
  to   space 9216K, 0% used [0x00000000ee780000,0x00000000ee780000,0x00000000ef080000)
 ParOldGen       total 42496K, used 12889K [0x00000000c0000000, 0x00000000c2980000, 0x00000000eab00000)
  object space 42496K, 30% used [0x00000000c0000000,0x00000000c0c964a0,0x00000000c2980000)
 Metaspace       used 6265K, capacity 7152K, committed 7296K, reserved 1056768K
  class space    used 602K, capacity 616K, committed 640K, reserved 1048576K
}
Event: 3.819 GC heap before
{Heap before GC invocations=7 (full 0):
 PSYoungGen      total 69632K, used 69622K [0x00000000eab00000, 0x00000000efb00000, 0x0000000100000000)
  eden space 61952K, 100% used [0x00000000eab00000,0x00000000ee780000,0x00000000ee780000)
  from space 7680K, 99% used [0x00000000ef080000,0x00000000ef7fdbc8,0x00000000ef800000)
  to   space 9216K, 0% used [0x00000000ee780000,0x00000000ee780000,0x00000000ef080000)
 ParOldGen       total 42496K, used 12889K [0x00000000c0000000, 0x00000000c2980000, 0x00000000eab00000)
  object space 42496K, 30% used [0x00000000c0000000,0x00000000c0c964a0,0x00000000c2980000)
 Metaspace       used 6391K, capacity 7192K, committed 7424K, reserved 1056768K
  class space    used 623K, capacity 656K, committed 768K, reserved 1048576K
Event: 3.845 GC heap after
Heap after GC invocations=7 (full 0):
 PSYoungGen      total 71168K, used 9213K [0x00000000eab00000, 0x00000000efb00000, 0x0000000100000000)
  eden space 61952K, 0% used [0x00000000eab00000,0x00000000eab00000,0x00000000ee780000)
  from space 9216K, 99% used [0x00000000ee780000,0x00000000ef07f7b8,0x00000000ef080000)
  to   space 7680K, 0% used [0x00000000ef080000,0x00000000ef080000,0x00000000ef800000)
 ParOldGen       total 42496K, used 20534K [0x00000000c0000000, 0x00000000c2980000, 0x00000000eab00000)
  object space 42496K, 48% used [0x00000000c0000000,0x00000000c140dbc0,0x00000000c2980000)
 Metaspace       used 6391K, capacity 7192K, committed 7424K, reserved 1056768K
  class space    used 623K, capacity 656K, committed 768K, reserved 1048576K
}

Deoptimization events (10 events):
Event: 2.602 Thread 0x00000000014fe000 Uncommon trap: reason=unstable_if action=reinterpret pc=0x0000000003512b14 method=com.android.dx.ssa.SCCP.simulateStmt(Lcom/android/dx/ssa/SsaInsn;)V @ 53
Event: 2.911 Thread 0x00000000172dc800 Uncommon trap: reason=unstable_if action=reinterpret pc=0x00000000034960fc method=com.android.dx.util.IntList.binarysearch(I)I @ 105
Event: 2.957 Thread 0x00000000172dc800 Uncommon trap: reason=unstable_if action=reinterpret pc=0x0000000003644a4c method=com.android.dx.ssa.LiteralOpUpgrader$1.visitNonMoveInsn(Lcom/android/dx/ssa/NormalSsaInsn;)V @ 55
Event: 2.958 Thread 0x00000000172dc800 Uncommon trap: reason=unstable_if action=reinterpret pc=0x00000000034cce9c method=com.android.dx.ssa.SsaMethod.updateOneDefinition(Lcom/android/dx/ssa/SsaInsn;Lcom/android/dx/rop/code/RegisterSpec;)V @ 4
Event: 3.680 Thread 0x00000000172bc800 Uncommon trap: reason=bimorphic action=maybe_recompile pc=0x000000000354a4b0 method=java.util.HashMap.putVal(ILjava/lang/Object;Ljava/lang/Object;ZZ)Ljava/lang/Object; @ 203
Event: 3.680 Thread 0x00000000172bc800 Uncommon trap: reason=bimorphic action=maybe_recompile pc=0x000000000354a4b0 method=java.util.HashMap.putVal(ILjava/lang/Object;Ljava/lang/Object;ZZ)Ljava/lang/Object; @ 203
Event: 3.682 Thread 0x00000000172bc800 Uncommon trap: reason=unstable_if action=reinterpret pc=0x000000000330b9c4 method=java.util.HashMap.putVal(ILjava/lang/Object;Ljava/lang/Object;ZZ)Ljava/lang/Object; @ 162
Event: 3.719 Thread 0x00000000172db000 Uncommon trap: reason=bimorphic action=maybe_recompile pc=0x000000000356ba2c method=com.android.dx.ssa.LiteralOpUpgrader.tryReplacingWithConstant(Lcom/android/dx/ssa/NormalSsaInsn;)Z @ 62
Event: 3.721 Thread 0x00000000172db000 Uncommon trap: reason=unstable_if action=reinterpret pc=0x000000000354a068 method=java.util.HashMap.putVal(ILjava/lang/Object;Ljava/lang/Object;ZZ)Ljava/lang/Object; @ 162
Event: 3.727 Thread 0x00000000172bc800 Uncommon trap: reason=unstable_if action=reinterpret pc=0x000000000321efd0 method=java.util.HashMap.getNode(ILjava/lang/Object;)Ljava/util/HashMap$Node; @ 84

Internal exceptions (5 events):
Event: 0.364 Thread 0x00000000014fe000 Exception <a 'java/lang/NoSuchMethodError': Method sun.misc.Unsafe.defineClass(Ljava/lang/String;[BII)Ljava/lang/Class; name or signature does not match> (0x00000000eab130a0) thrown at [C:\workspace\8-2-build-windows-amd64-cygwin\jdk8u65\4987\hotspot\src\sOÀ¢˜VS×?
Event: 0.364 Thread 0x00000000014fe000 Exception <a 'java/lang/NoSuchMethodError': Method sun.misc.Unsafe.prefetchRead(Ljava/lang/Object;J)V name or signature does not match> (0x00000000eab13388) thrown at [C:\workspace\8-2-build-windows-amd64-cygwin\jdk8u65\4987\hotspot\src\share\vm\prims\jni.ïåÒ	@
Event: 3.687 Thread 0x00000000172bc800 Exception <a 'java/lang/ArrayIndexOutOfBoundsException': 18> (0x00000000edf3dc60) thrown at [C:\workspace\8-2-build-windows-amd64-cygwin\jdk8u65\4987\hotspot\src\share\vm\interpreter\interpreterRuntime.cpp, line 366]
Event: 3.688 Thread 0x00000000172bc800 Exception <a 'java/lang/ArrayIndexOutOfBoundsException'> (0x00000000edf3f7e0) thrown at [C:\workspace\8-2-build-windows-amd64-cygwin\jdk8u65\4987\hotspot\src\share\vm\runtime\sharedRuntime.cpp, line 605]
Event: 3.695 Thread 0x00000000172bc800 Exception <a 'java/lang/ArrayIndexOutOfBoundsException'> (0x00000000edf40ac8) thrown at [C:\workspace\8-2-build-windows-amd64-cygwin\jdk8u65\4987\hotspot\src\share\vm\runtime\sharedRuntime.cpp, line 605]

Events (10 events):
Event: 3.721 Thread 0x00000000172db000 DEOPT UNPACKING pc=0x000000000303582a sp=0x000000001774ddb8 mode 2
Event: 3.727 Thread 0x00000000172bc800 Uncommon trap: trap_request=0xffffff65 fr.pc=0x000000000321efd0
Event: 3.727 Thread 0x00000000172bc800 DEOPT PACKING pc=0x000000000321efd0 sp=0x0000000017a4e590
Event: 3.727 Thread 0x00000000172bc800 DEOPT UNPACKING pc=0x000000000303582a sp=0x0000000017a4e508 mode 2
Event: 3.749 Executing VM operation: ParallelGCFailedAllocation
Event: 3.845 Executing VM operation: ParallelGCFailedAllocation done
Event: 3.873 Thread 0x00000000172db000 DEOPT PACKING pc=0x000000000329f979 sp=0x000000001774eb30
Event: 3.873 Thread 0x00000000172db000 DEOPT UNPACKING pc=0x000000000303787f sp=0x000000001774e8e8 mode 0
Event: 3.878 Thread 0x00000000172db000 DEOPT PACKING pc=0x00000000035dc018 sp=0x000000001774e7a0
Event: 3.878 Thread 0x00000000172db000 DEOPT UNPACKING pc=0x000000000303787f sp=0x000000001774e560 mode 0


Dynamic libraries:
0x00007ff707b00000 - 0x00007ff707b37000 	C:\Program Files\Java\jdk1.8.0_65\bin\java.exe
0x00007ffc38010000 - 0x00007ffc381d1000 	C:\WINDOWS\SYSTEM32\ntdll.dll
0x00007ffc35780000 - 0x00007ffc3582d000 	C:\WINDOWS\system32\KERNEL32.DLL
0x00007ffc35220000 - 0x00007ffc35408000 	C:\WINDOWS\system32\KERNELBASE.dll
0x00007ffc37970000 - 0x00007ffc37a17000 	C:\WINDOWS\system32\ADVAPI32.dll
0x00007ffc356e0000 - 0x00007ffc3577d000 	C:\WINDOWS\system32\msvcrt.dll
0x00007ffc37590000 - 0x00007ffc375eb000 	C:\WINDOWS\system32\sechost.dll
0x00007ffc375f0000 - 0x00007ffc3770c000 	C:\WINDOWS\system32\RPCRT4.dll
0x00007ffc37a20000 - 0x00007ffc37b76000 	C:\WINDOWS\system32\USER32.dll
0x00007ffc35a00000 - 0x00007ffc35b86000 	C:\WINDOWS\system32\GDI32.dll
0x00007ffc2bf00000 - 0x00007ffc2c174000 	C:\WINDOWS\WinSxS\amd64_microsoft.windows.common-controls_6595b64144ccf1df_6.0.10586.0_none_8c15ae12515e1c22\COMCTL32.dll
0x00007ffc37310000 - 0x00007ffc3758d000 	C:\WINDOWS\system32\combase.dll
0x00007ffc34a80000 - 0x00007ffc34aea000 	C:\WINDOWS\system32\bcryptPrimitives.dll
0x00007ffc378c0000 - 0x00007ffc378fb000 	C:\WINDOWS\system32\IMM32.DLL
0x000000006fd70000 - 0x000000006fe42000 	C:\Program Files\Java\jdk1.8.0_65\jre\bin\msvcr100.dll
0x000000006fe50000 - 0x00000000706d9000 	C:\Program Files\Java\jdk1.8.0_65\jre\bin\server\jvm.dll
0x00007ffc35830000 - 0x00007ffc35838000 	C:\WINDOWS\system32\PSAPI.DLL
0x00007ffc32cd0000 - 0x00007ffc32cd9000 	C:\WINDOWS\SYSTEM32\WSOCK32.dll
0x00007ffc37900000 - 0x00007ffc3796b000 	C:\WINDOWS\system32\WS2_32.dll
0x00007ffc32a60000 - 0x00007ffc32a83000 	C:\WINDOWS\SYSTEM32\WINMM.dll
0x00007ffc31520000 - 0x00007ffc3152a000 	C:\WINDOWS\SYSTEM32\VERSION.dll
0x00007ffc32910000 - 0x00007ffc3293c000 	C:\WINDOWS\SYSTEM32\WINMMBASE.dll
0x00007ffc34770000 - 0x00007ffc347b3000 	C:\WINDOWS\system32\cfgmgr32.dll
0x0000000070d60000 - 0x0000000070d6f000 	C:\Program Files\Java\jdk1.8.0_65\jre\bin\verify.dll
0x0000000070d30000 - 0x0000000070d59000 	C:\Program Files\Java\jdk1.8.0_65\jre\bin\java.dll
0x0000000070d10000 - 0x0000000070d26000 	C:\Program Files\Java\jdk1.8.0_65\jre\bin\zip.dll
0x00007ffc35c40000 - 0x00007ffc3719c000 	C:\WINDOWS\system32\SHELL32.dll
0x00007ffc34af0000 - 0x00007ffc35134000 	C:\WINDOWS\system32\windows.storage.dll
0x00007ffc35840000 - 0x00007ffc35892000 	C:\WINDOWS\system32\shlwapi.dll
0x00007ffc34660000 - 0x00007ffc3466f000 	C:\WINDOWS\system32\kernel.appcore.dll
0x00007ffc35140000 - 0x00007ffc351f5000 	C:\WINDOWS\system32\shcore.dll
0x00007ffc34670000 - 0x00007ffc346bb000 	C:\WINDOWS\system32\powrprof.dll
0x00007ffc34640000 - 0x00007ffc34654000 	C:\WINDOWS\system32\profapi.dll

VM Arguments:
jvm_args: -Djava.awt.headless=true -Xmx1024M -Dfile.encoding=windows-1250 -Duser.country=PL -Duser.language=pl -Duser.variant 
java_command: com.android.dx.command.Main --dex --force-jumbo --num-threads=4 --multi-dex --output E:\Android\Projects\AndroidSample\app\build\intermediates\transforms\dex\debug\folders\1000\10\com.android.support-appcompat-v7-24.0.0_515a0481a1498a6bc08bc5ed81fc6f2c450c2800 E:\Android\Projects\AndroidSample\app\build\intermediates\exploded-aar\com.android.support\appcompat-v7\24.0.0\jars\classes.jar
java_class_path (initial): E:\Android\SdkComponents\build-tools\23.0.3\lib\dx.jar
Launcher Type: SUN_STANDARD

Environment Variables:
PATH=C:\ProgramData\Oracle\Java\javapath;C:\Program Files (x86)\Intel\iCLS Client\;C:\Program Files\Intel\iCLS Client\;C:\WINDOWS\system32;C:\WINDOWS;C:\WINDOWS\System32\Wbem;C:\WINDOWS\System32\WindowsPowerShell\v1.0\;C:\Program Files\Intel\Intel(R) Management Engine Components\DAL;C:\Program Files\Intel\Intel(R) Management Engine Components\IPT;C:\Program Files (x86)\Intel\Intel(R) Management Engine Components\DAL;C:\Program Files (x86)\Intel\Intel(R) Management Engine Components\IPT;C:\Program Files (x86)\Autodesk\Backburner\;C:\Program Files\Common Files\Autodesk Shared\;C:\Users\Tomasz Szymañski\AppData\Local\atom\bin
USERNAME=Tomasz Szymañski
OS=Windows_NT
PROCESSOR_IDENTIFIER=Intel64 Family 6 Model 58 Stepping 9, GenuineIntel



---------------  S Y S T E M  ---------------

OS: Windows 10.0 , 64 bit Build 10586 (10.0.10586.0)

CPU:total 4 (4 cores per cpu, 1 threads per core) family 6 model 58 stepping 9, cmov, cx8, fxsr, mmx, sse, sse2, sse3, ssse3, sse4.1, sse4.2, popcnt, avx, aes, clmul, erms, tsc, tscinvbit, tscinv

Memory: 4k page, physical 4055472k(220956k free), swap 6729004k(5916k free)

vm_info: Java HotSpot(TM) 64-Bit Server VM (25.65-b01) for windows-amd64 JRE (1.8.0_65-b17), built on Oct  6 2015 16:39:20 by "java_re" with MS VC++ 10.0 (VS2010)

time: Wed Jul 06 16:01:57 2016
elapsed time: 4 seconds (0d 0h 0m 4s)

