#
# There is insufficient memory for the Java Runtime Environment to continue.
# Native memory allocation (malloc) failed to allocate 32744 bytes for ChunkPool::allocate
# Possible reasons:
#   The system is out of physical RAM or swap space
#   In 32 bit mode, the process size limit was hit
# Possible solutions:
#   Reduce memory load on the system
#   Increase physical memory or swap space
#   Check if swap backing store is full
#   Use 64 bit Java on a 64 bit OS
#   Decrease Java heap size (-Xmx/-Xms)
#   Decrease number of Java threads
#   Decrease Java thread stack sizes (-Xss)
#   Set larger code cache with -XX:ReservedCodeCacheSize=
# This output file may be truncated or incomplete.
#
#  Out of Memory Error (allocation.cpp:273), pid=3820, tid=924
#
# JRE version: Java(TM) SE Runtime Environment (8.0_65-b17) (build 1.8.0_65-b17)
# Java VM: Java HotSpot(TM) 64-Bit Server VM (25.65-b01 mixed mode windows-amd64 compressed oops)
# Failed to write core dump. Minidumps are not enabled by default on client versions of Windows
#

---------------  T H R E A D  ---------------

Current thread (0x0000000015322000):  JavaThread "C2 CompilerThread1" daemon [_thread_in_native, id=924, stack(0x0000000016a80000,0x0000000016b80000)]

Stack: [0x0000000016a80000,0x0000000016b80000]
[error occurred during error reporting (printing stack bounds), id 0xc0000005]

Native frames: (J=compiled Java code, j=interpreted, Vv=VM code, C=native code)


Current CompileTask:
C2:   3584  952   !   4       com.android.dx.rop.code.RegisterSpec::intern (70 bytes)


---------------  P R O C E S S  ---------------

Java Threads: ( => current thread )
  0x0000000016ee7800 JavaThread "pool-2-thread-4" [_thread_in_Java, id=856, stack(0x0000000017680000,0x0000000017780000)]
  0x0000000016ee6800 JavaThread "pool-2-thread-3" [_thread_in_Java, id=724, stack(0x0000000017580000,0x0000000017680000)]
  0x0000000016dd4000 JavaThread "pool-2-thread-2" [_thread_in_Java, id=3856, stack(0x0000000017480000,0x0000000017580000)]
  0x0000000016da4800 JavaThread "pool-3-thread-1" [_thread_blocked, id=8888, stack(0x0000000017380000,0x0000000017480000)]
  0x0000000016da3800 JavaThread "pool-2-thread-1" [_thread_blocked, id=8948, stack(0x0000000017280000,0x0000000017380000)]
  0x0000000016c8d800 JavaThread "Service Thread" daemon [_thread_blocked, id=8156, stack(0x0000000017080000,0x0000000017180000)]
  0x000000001537e000 JavaThread "C1 CompilerThread2" daemon [_thread_in_native, id=7028, stack(0x0000000016b80000,0x0000000016c80000)]
=>0x0000000015322000 JavaThread "C2 CompilerThread1" daemon [_thread_in_native, id=924, stack(0x0000000016a80000,0x0000000016b80000)]
  0x000000001531f000 JavaThread "C2 CompilerThread0" daemon [_thread_in_native, id=520, stack(0x0000000016980000,0x0000000016a80000)]
  0x000000001531b000 JavaThread "Attach Listener" daemon [_thread_blocked, id=8064, stack(0x0000000016880000,0x0000000016980000)]
  0x000000001531a000 JavaThread "Signal Dispatcher" daemon [_thread_blocked, id=5064, stack(0x0000000016780000,0x0000000016880000)]
  0x0000000002c40800 JavaThread "Finalizer" daemon [_thread_blocked, id=4344, stack(0x0000000016580000,0x0000000016680000)]
  0x0000000002c3d000 JavaThread "Reference Handler" daemon [_thread_blocked, id=2388, stack(0x0000000016480000,0x0000000016580000)]
  0x0000000002a0e000 JavaThread "main" [_thread_blocked, id=2148, stack(0x0000000002860000,0x0000000002960000)]

Other Threads:
  0x00000000152e7800 VMThread [stack: 0x0000000016380000,0x0000000016480000] [id=3600]
  0x0000000016c99000 WatcherThread [stack: 0x0000000017180000,0x0000000017280000] [id=3620]

VM state:not at safepoint (normal execution)

VM Mutex/Monitor currently owned by a thread: None

Heap:
 PSYoungGen      total 18432K, used 7015K [0x00000000eab00000, 0x00000000ebf80000, 0x0000000100000000)
  eden space 15872K, 28% used [0x00000000eab00000,0x00000000eaf5a740,0x00000000eba80000)
  from space 2560K, 99% used [0x00000000eba80000,0x00000000ebcff6f0,0x00000000ebd00000)
  to   space 2560K, 0% used [0x00000000ebd00000,0x00000000ebd00000,0x00000000ebf80000)
 ParOldGen       total 42496K, used 2084K [0x00000000c0000000, 0x00000000c2980000, 0x00000000eab00000)
  object space 42496K, 4% used [0x00000000c0000000,0x00000000c0209308,0x00000000c2980000)
 Metaspace       used 5667K, capacity 6832K, committed 7040K, reserved 1056768K
  class space    used 579K, capacity 616K, committed 640K, reserved 1048576K

Card table byte_map: [0x0000000012010000,0x0000000012220000] byte_map_base: 0x0000000011a10000

Marking Bits: (ParMarkBitMap*) 0x000000007065a5b0
 Begin Bits: [0x0000000012780000, 0x0000000013780000)
 End Bits:   [0x0000000013780000, 0x0000000014780000)

Polling page: 0x0000000000da0000

CodeCache: size=245760Kb used=3970Kb max_used=3970Kb free=241789Kb
 bounds [0x0000000002c50000, 0x0000000003040000, 0x0000000011c50000]
 total_blobs=1230 nmethods=968 adapters=175
 compilation: enabled

Compilation events (10 events):
Event: 3.578 Thread 0x000000001537e000 nmethod 965 0x000000000302df90 code [0x000000000302e160, 0x000000000302e708]
Event: 3.579 Thread 0x000000001537e000  966       3       com.android.dx.util.BitIntSet::merge (148 bytes)
Event: 3.579 Thread 0x000000001537e000 nmethod 966 0x000000000302eb10 code [0x000000000302edc0, 0x000000000302ff88]
Event: 3.579 Thread 0x000000001537e000  973       3       com.android.dx.util.Bits::or (24 bytes)
Event: 3.579 Thread 0x000000001537e000 nmethod 973 0x0000000003030910 code [0x0000000003030a80, 0x0000000003030c90]
Event: 3.579 Thread 0x000000001537e000  974       3       com.android.dx.rop.code.RegisterSpecList::withFirst (64 bytes)
Event: 3.581 Thread 0x000000001537e000 nmethod 974 0x0000000003030dd0 code [0x0000000003031060, 0x00000000030323e8]
Event: 3.581 Thread 0x000000001537e000  975       3       com.android.dx.util.MutabilityControl::isImmutable (13 bytes)
Event: 3.581 Thread 0x000000001537e000 nmethod 975 0x00000000030330d0 code [0x0000000003033220, 0x00000000030333d0]
Event: 3.581 Thread 0x000000001537e000  970       3       com.android.dx.cf.code.Simulator$SimVisitor::visitNoArgs (2108 bytes)

GC Heap History (2 events):
Event: 3.174 GC heap before
{Heap before GC invocations=1 (full 0):
 PSYoungGen      total 18432K, used 15872K [0x00000000eab00000, 0x00000000ebf80000, 0x0000000100000000)
  eden space 15872K, 100% used [0x00000000eab00000,0x00000000eba80000,0x00000000eba80000)
  from space 2560K, 0% used [0x00000000ebd00000,0x00000000ebd00000,0x00000000ebf80000)
  to   space 2560K, 0% used [0x00000000eba80000,0x00000000eba80000,0x00000000ebd00000)
 ParOldGen       total 42496K, used 0K [0x00000000c0000000, 0x00000000c2980000, 0x00000000eab00000)
  object space 42496K, 0% used [0x00000000c0000000,0x00000000c0000000,0x00000000c2980000)
 Metaspace       used 5599K, capacity 6768K, committed 7040K, reserved 1056768K
  class space    used 578K, capacity 616K, committed 640K, reserved 1048576K
Event: 3.183 GC heap after
Heap after GC invocations=1 (full 0):
 PSYoungGen      total 18432K, used 2557K [0x00000000eab00000, 0x00000000ebf80000, 0x0000000100000000)
  eden space 15872K, 0% used [0x00000000eab00000,0x00000000eab00000,0x00000000eba80000)
  from space 2560K, 99% used [0x00000000eba80000,0x00000000ebcff6f0,0x00000000ebd00000)
  to   space 2560K, 0% used [0x00000000ebd00000,0x00000000ebd00000,0x00000000ebf80000)
 ParOldGen       total 42496K, used 2084K [0x00000000c0000000, 0x00000000c2980000, 0x00000000eab00000)
  object space 42496K, 4% used [0x00000000c0000000,0x00000000c0209308,0x00000000c2980000)
 Metaspace       used 5599K, capacity 6768K, committed 7040K, reserved 1056768K
  class space    used 578K, capacity 616K, committed 640K, reserved 1048576K
}

Deoptimization events (6 events):
Event: 2.634 Thread 0x0000000016da3800 Uncommon trap: reason=unstable_if action=reinterpret pc=0x0000000002e3cb38 method=java.util.HashMap.getNode(ILjava/lang/Object;)Ljava/util/HashMap$Node; @ 62
Event: 3.023 Thread 0x0000000016ee6800 Uncommon trap: reason=unstable_if action=reinterpret pc=0x0000000002f2f9b8 method=com.android.dx.rop.code.RegisterSpec.equals(ILcom/android/dx/rop/type/TypeBearer;Lcom/android/dx/rop/code/LocalItem;)Z @ 24
Event: 3.252 Thread 0x0000000016ee7800 Uncommon trap: reason=unstable_if action=reinterpret pc=0x0000000002fa5498 method=com.android.dx.ssa.SsaRenamer$BlockRenamer.addMapping(ILcom/android/dx/rop/code/RegisterSpec;)V @ 120
Event: 3.252 Thread 0x0000000016ee7800 Uncommon trap: reason=null_check action=make_not_entrant pc=0x0000000002f8120c method=com.android.dx.ssa.SsaRenamer.getLocalForNewReg(I)Lcom/android/dx/rop/code/LocalItem; @ 19
Event: 3.252 Thread 0x0000000016ee7800 Uncommon trap: reason=unstable_if action=reinterpret pc=0x0000000002f7a94c method=java.util.HashMap.getNode(ILjava/lang/Object;)Ljava/util/HashMap$Node; @ 129
Event: 3.252 Thread 0x0000000016ee7800 Uncommon trap: reason=unstable_if action=reinterpret pc=0x0000000002eae374 method=java.util.HashMap.getNode(ILjava/lang/Object;)Ljava/util/HashMap$Node; @ 129

Internal exceptions (3 events):
Event: 1.053 Thread 0x0000000002a0e000 Exception <a 'java/lang/NoSuchMethodError': Method sun.misc.Unsafe.defineClass(Ljava/lang/String;[BII)Ljava/lang/Class; name or signature does not match> (0x00000000eab130a0) thrown at [C:\workspace\8-2-build-windows-amd64-cygwin\jdk8u65\4987\hotspot\src\sªÛq;M×ð?
Event: 1.053 Thread 0x0000000002a0e000 Exception <a 'java/lang/NoSuchMethodError': Method sun.misc.Unsafe.prefetchRead(Ljava/lang/Object;J)V name or signature does not match> (0x00000000eab13388) thrown at [C:\workspace\8-2-build-windows-amd64-cygwin\jdk8u65\4987\hotspot\src\share\vm\prims\jni.è°´Ôù
@
Event: 3.252 Thread 0x0000000016ee7800 Implicit null exception at 0x0000000002f7fe86 to 0x0000000002f811c1

Events (10 events):
Event: 3.252 Thread 0x0000000016ee7800 DEOPT UNPACKING pc=0x0000000002c9582a sp=0x000000001777e720 mode 2
Event: 3.252 Thread 0x0000000016ee7800 Uncommon trap: trap_request=0xffffff65 fr.pc=0x0000000002eae374
Event: 3.252 Thread 0x0000000016ee7800 DEOPT PACKING pc=0x0000000002eae374 sp=0x000000001777e6d0
Event: 3.252 Thread 0x0000000016ee7800 DEOPT UNPACKING pc=0x0000000002c9582a sp=0x000000001777e5f0 mode 2
Event: 3.566 Thread 0x0000000016ee6800 DEOPT PACKING pc=0x0000000002f3d6ca sp=0x000000001767eac0
Event: 3.566 Thread 0x0000000016ee6800 DEOPT UNPACKING pc=0x0000000002c9787f sp=0x000000001767e828 mode 0
Event: 3.580 loading class java/util/HashMap$KeySet
Event: 3.580 loading class java/util/HashMap$KeySet done
Event: 3.580 loading class java/util/HashMap$KeyIterator
Event: 3.580 loading class java/util/HashMap$KeyIterator done


Dynamic libraries:
0x00007ff707b00000 - 0x00007ff707b37000 	C:\Program Files\Java\jdk1.8.0_65\bin\java.exe
0x00007ffc38010000 - 0x00007ffc381d1000 	C:\WINDOWS\SYSTEM32\ntdll.dll
0x00007ffc35780000 - 0x00007ffc3582d000 	C:\WINDOWS\system32\KERNEL32.DLL
0x00007ffc35220000 - 0x00007ffc35408000 	C:\WINDOWS\system32\KERNELBASE.dll
0x00007ffc37970000 - 0x00007ffc37a17000 	C:\WINDOWS\system32\ADVAPI32.dll
0x00007ffc356e0000 - 0x00007ffc3577d000 	C:\WINDOWS\system32\msvcrt.dll
0x00007ffc37590000 - 0x00007ffc375eb000 	C:\WINDOWS\system32\sechost.dll
0x00007ffc375f0000 - 0x00007ffc3770c000 	C:\WINDOWS\system32\RPCRT4.dll
0x00007ffc37a20000 - 0x00007ffc37b76000 	C:\WINDOWS\system32\USER32.dll
0x00007ffc35a00000 - 0x00007ffc35b86000 	C:\WINDOWS\system32\GDI32.dll
0x00007ffc2bf00000 - 0x00007ffc2c174000 	C:\WINDOWS\WinSxS\amd64_microsoft.windows.common-controls_6595b64144ccf1df_6.0.10586.0_none_8c15ae12515e1c22\COMCTL32.dll
0x00007ffc37310000 - 0x00007ffc3758d000 	C:\WINDOWS\system32\combase.dll
0x00007ffc34a80000 - 0x00007ffc34aea000 	C:\WINDOWS\system32\bcryptPrimitives.dll
0x00007ffc378c0000 - 0x00007ffc378fb000 	C:\WINDOWS\system32\IMM32.DLL
0x000000006fd70000 - 0x000000006fe42000 	C:\Program Files\Java\jdk1.8.0_65\jre\bin\msvcr100.dll
0x000000006fe50000 - 0x00000000706d9000 	C:\Program Files\Java\jdk1.8.0_65\jre\bin\server\jvm.dll
0x00007ffc35830000 - 0x00007ffc35838000 	C:\WINDOWS\system32\PSAPI.DLL
0x00007ffc32cd0000 - 0x00007ffc32cd9000 	C:\WINDOWS\SYSTEM32\WSOCK32.dll
0x00007ffc37900000 - 0x00007ffc3796b000 	C:\WINDOWS\system32\WS2_32.dll
0x00007ffc32a60000 - 0x00007ffc32a83000 	C:\WINDOWS\SYSTEM32\WINMM.dll
0x00007ffc31520000 - 0x00007ffc3152a000 	C:\WINDOWS\SYSTEM32\VERSION.dll
0x00007ffc32910000 - 0x00007ffc3293c000 	C:\WINDOWS\SYSTEM32\WINMMBASE.dll
0x00007ffc34770000 - 0x00007ffc347b3000 	C:\WINDOWS\system32\cfgmgr32.dll
0x0000000070d60000 - 0x0000000070d6f000 	C:\Program Files\Java\jdk1.8.0_65\jre\bin\verify.dll
0x0000000070d30000 - 0x0000000070d59000 	C:\Program Files\Java\jdk1.8.0_65\jre\bin\java.dll
0x0000000070d10000 - 0x0000000070d26000 	C:\Program Files\Java\jdk1.8.0_65\jre\bin\zip.dll
0x00007ffc35c40000 - 0x00007ffc3719c000 	C:\WINDOWS\system32\SHELL32.dll
0x00007ffc34af0000 - 0x00007ffc35134000 	C:\WINDOWS\system32\windows.storage.dll
0x00007ffc35840000 - 0x00007ffc35892000 	C:\WINDOWS\system32\shlwapi.dll
0x00007ffc34660000 - 0x00007ffc3466f000 	C:\WINDOWS\system32\kernel.appcore.dll
0x00007ffc35140000 - 0x00007ffc351f5000 	C:\WINDOWS\system32\shcore.dll
0x00007ffc34670000 - 0x00007ffc346bb000 	C:\WINDOWS\system32\powrprof.dll
0x00007ffc34640000 - 0x00007ffc34654000 	C:\WINDOWS\system32\profapi.dll

VM Arguments:
jvm_args: -Djava.awt.headless=true -Xmx1024M -Dfile.encoding=windows-1250 -Duser.country=PL -Duser.language=pl -Duser.variant 
java_command: com.android.dx.command.Main --dex --force-jumbo --num-threads=4 --multi-dex --output E:\Android\Projects\AndroidSample\app\build\intermediates\transforms\dex\debug\folders\1000\5\slice_5 E:\Android\Projects\AndroidSample\app\build\intermediates\transforms\instantRunSlicer\debug\folders\1\5\slice_5
java_class_path (initial): E:\Android\SdkComponents\build-tools\23.0.3\lib\dx.jar
Launcher Type: SUN_STANDARD

Environment Variables:
PATH=C:\ProgramData\Oracle\Java\javapath;C:\Program Files (x86)\Intel\iCLS Client\;C:\Program Files\Intel\iCLS Client\;C:\WINDOWS\system32;C:\WINDOWS;C:\WINDOWS\System32\Wbem;C:\WINDOWS\System32\WindowsPowerShell\v1.0\;C:\Program Files\Intel\Intel(R) Management Engine Components\DAL;C:\Program Files\Intel\Intel(R) Management Engine Components\IPT;C:\Program Files (x86)\Intel\Intel(R) Management Engine Components\DAL;C:\Program Files (x86)\Intel\Intel(R) Management Engine Components\IPT;C:\Program Files (x86)\Autodesk\Backburner\;C:\Program Files\Common Files\Autodesk Shared\;C:\Users\Tomasz Szymañski\AppData\Local\atom\bin
USERNAME=Tomasz Szymañski
OS=Windows_NT
PROCESSOR_IDENTIFIER=Intel64 Family 6 Model 58 Stepping 9, GenuineIntel



---------------  S Y S T E M  ---------------

OS: Windows 10.0 , 64 bit Build 10586 (10.0.10586.0)

CPU:total 4 (4 cores per cpu, 1 threads per core) family 6 model 58 stepping 9, cmov, cx8, fxsr, mmx, sse, sse2, sse3, ssse3, sse4.1, sse4.2, popcnt, avx, aes, clmul, erms, tsc, tscinvbit, tscinv

Memory: 4k page, physical 4055472k(217908k free), swap 6729004k(4120k free)

vm_info: Java HotSpot(TM) 64-Bit Server VM (25.65-b01) for windows-amd64 JRE (1.8.0_65-b17), built on Oct  6 2015 16:39:20 by "java_re" with MS VC++ 10.0 (VS2010)

time: Wed Jul 06 16:01:57 2016
elapsed time: 3 seconds (0d 0h 0m 3s)

